<?xml version="1.0" encoding="utf-8" standalone="no"?>
<test-run id="0" name="Content.Tests.dll" fullname="/home/runner/work/space-station-14-zh/space-station-14-zh/bin/Content.Tests/Content.Tests.dll" runstate="Runnable" testcasecount="381" result="Skipped" label="Ignored" total="381" passed="380" failed="0" warnings="0" inconclusive="0" skipped="1" asserts="70630" engine-version="3.18.1.0" clr-version="10.0.5" start-time="2026-04-19 05:01:06Z" end-time="2026-04-19 05:02:01Z" duration="55.706774">
  <command-line><![CDATA[/home/runner/work/space-station-14-zh/space-station-14-zh/bin/Content.Tests/testhost.dll --port 38615 --endpoint 127.0.0.1:038615 --role client --parentprocessid 5107 --telemetryoptedin false]]></command-line>
  <test-suite type="Assembly" id="0-1447" name="Content.Tests.dll" fullname="/home/runner/work/space-station-14-zh/space-station-14-zh/bin/Content.Tests/Content.Tests.dll" runstate="Runnable" testcasecount="381" result="Skipped" label="Ignored" site="Child" start-time="2026-04-19T05:01:06.0934488Z" end-time="2026-04-19T05:02:01.7510947Z" duration="55.657610" total="381" passed="380" failed="0" warnings="0" inconclusive="0" skipped="1" asserts="70630">
    <environment framework-version="4.4.0.0" clr-version="10.0.5" os-version="Ubuntu 24.04.4 LTS" platform="Unix" cwd="/home/runner/work/space-station-14-zh/space-station-14-zh/test_results" machine-name="runnervmeorf1" user="runner" user-domain="runnervmeorf1" culture="" uiculture="" os-architecture="x64" />
    <settings>
      <setting name="SynchronousEvents" value="False" />
      <setting name="InternalTraceLevel" value="Off" />
      <setting name="RandomSeed" value="1395256455" />
      <setting name="SkipNonTestAssemblies" value="True" />
      <setting name="ProcessModel" value="InProcess" />
      <setting name="DomainUsage" value="Single" />
      <setting name="DefaultTestNamePattern" value="{m}{a}" />
      <setting name="WorkDirectory" value="/home/runner/work/space-station-14-zh/space-station-14-zh/test_results" />
      <setting name="NumberOfTestWorkers" value="4" />
    </settings>
    <properties>
      <property name="ParallelScope" value="Fixtures" />
      <property name="_PID" value="5120" />
      <property name="_APPDOMAIN" value="testhost" />
    </properties>
    <reason>
      <message><![CDATA[One or more child tests were ignored]]></message>
    </reason>
    <test-suite type="TestSuite" id="0-1448" name="Content" fullname="Content" runstate="Runnable" testcasecount="381" result="Skipped" label="Ignored" site="Child" start-time="2026-04-19T05:01:06.1052295Z" end-time="2026-04-19T05:02:01.7510877Z" duration="55.645858" total="381" passed="380" failed="0" warnings="0" inconclusive="0" skipped="1" asserts="70630">
      <reason>
        <message><![CDATA[One or more child tests were ignored]]></message>
      </reason>
      <test-suite type="TestSuite" id="0-1449" name="Tests" fullname="Content.Tests" runstate="Runnable" testcasecount="381" result="Skipped" label="Ignored" site="Child" start-time="2026-04-19T05:01:06.1060941Z" end-time="2026-04-19T05:02:01.7510817Z" duration="55.644987" total="381" passed="380" failed="0" warnings="0" inconclusive="0" skipped="1" asserts="70630">
        <reason>
          <message><![CDATA[One or more child tests were ignored]]></message>
        </reason>
        <test-suite type="TestSuite" id="0-1470" name="Client" fullname="Content.Tests.Client" runstate="Runnable" testcasecount="9" result="Passed" start-time="2026-04-19T05:01:06.1089354Z" end-time="2026-04-19T05:01:06.6902155Z" duration="0.581280" total="9" passed="9" failed="0" warnings="0" inconclusive="0" skipped="0" asserts="63">
          <test-suite type="TestFixture" id="0-1436" name="ClickMapTest" fullname="Content.Tests.Client.ClickMapTest" classname="Content.Tests.Client.ClickMapTest" runstate="Runnable" testcasecount="2" result="Passed" start-time="2026-04-19T05:01:06.1101642Z" end-time="2026-04-19T05:01:06.2494488Z" duration="0.139285" total="2" passed="2" failed="0" warnings="0" inconclusive="0" skipped="0" asserts="8">
            <test-case id="0-1437" name="TestBasic" fullname="Content.Tests.Client.ClickMapTest.TestBasic" methodname="TestBasic" classname="Content.Tests.Client.ClickMapTest" runstate="Runnable" seed="117868092" result="Passed" start-time="2026-04-19T05:01:06.1157387Z" end-time="2026-04-19T05:01:06.2394726Z" duration="0.123734" asserts="4" />
            <test-case id="0-1438" name="TestThreshold" fullname="Content.Tests.Client.ClickMapTest.TestThreshold" methodname="TestThreshold" classname="Content.Tests.Client.ClickMapTest" runstate="Runnable" seed="1624156349" result="Passed" start-time="2026-04-19T05:01:06.2416378Z" end-time="2026-04-19T05:01:06.2459896Z" duration="0.004352" asserts="4" />
          </test-suite>
          <test-suite type="TestSuite" id="0-1471" name="UserInterface" fullname="Content.Tests.Client.UserInterface" runstate="Runnable" testcasecount="7" result="Passed" start-time="2026-04-19T05:01:06.1101854Z" end-time="2026-04-19T05:01:06.6902098Z" duration="0.580024" total="7" passed="7" failed="0" warnings="0" inconclusive="0" skipped="0" asserts="55">
            <test-suite type="TestSuite" id="0-1472" name="Controls" fullname="Content.Tests.Client.UserInterface.Controls" runstate="Runnable" testcasecount="7" result="Passed" start-time="2026-04-19T05:01:06.1113195Z" end-time="2026-04-19T05:01:06.6902038Z" duration="0.578884" total="7" passed="7" failed="0" warnings="0" inconclusive="0" skipped="0" asserts="55">
              <test-suite type="TestFixture" id="0-1439" name="ListContainerTest" fullname="Content.Tests.Client.UserInterface.Controls.ListContainerTest" classname="Content.Tests.Client.UserInterface.Controls.ListContainerTest" runstate="Runnable" testcasecount="7" result="Passed" start-time="2026-04-19T05:01:06.1116633Z" end-time="2026-04-19T05:01:06.6901884Z" duration="0.578525" total="7" passed="7" failed="0" warnings="0" inconclusive="0" skipped="0" asserts="55">
                <properties>
                  <property name="TestOf" value="Content.Client.UserInterface.Controls.ListContainer" />
                  <property name="ParallelScope" value="Self" />
                </properties>
                <test-case id="0-1441" name="TestCreatePopulateAndEmpty" fullname="Content.Tests.Client.UserInterface.Controls.ListContainerTest.TestCreatePopulateAndEmpty" methodname="TestCreatePopulateAndEmpty" classname="Content.Tests.Client.UserInterface.Controls.ListContainerTest" runstate="Runnable" seed="1726087647" result="Passed" start-time="2026-04-19T05:01:06.6436854Z" end-time="2026-04-19T05:01:06.6687891Z" duration="0.025104" asserts="0" />
                <test-case id="0-1445" name="TestDoesNotExpandWhenChildrenAreAdded" fullname="Content.Tests.Client.UserInterface.Controls.ListContainerTest.TestDoesNotExpandWhenChildrenAreAdded" methodname="TestDoesNotExpandWhenChildrenAreAdded" classname="Content.Tests.Client.UserInterface.Controls.ListContainerTest" runstate="Runnable" seed="275816691" result="Passed" start-time="2026-04-19T05:01:06.6698094Z" end-time="2026-04-19T05:01:06.6785443Z" duration="0.008735" asserts="7" />
                <test-case id="0-1440" name="TestLayoutBasic" fullname="Content.Tests.Client.UserInterface.Controls.ListContainerTest.TestLayoutBasic" methodname="TestLayoutBasic" classname="Content.Tests.Client.UserInterface.Controls.ListContainerTest" runstate="Runnable" seed="390073198" result="Passed" start-time="2026-04-19T05:01:06.6785616Z" end-time="2026-04-19T05:01:06.6794033Z" duration="0.000842" asserts="5" />
                <test-case id="0-1443" name="TestNextItemIsVisibleWhenScrolled" fullname="Content.Tests.Client.UserInterface.Controls.ListContainerTest.TestNextItemIsVisibleWhenScrolled" methodname="TestNextItemIsVisibleWhenScrolled" classname="Content.Tests.Client.UserInterface.Controls.ListContainerTest" runstate="Runnable" seed="1529936310" result="Passed" start-time="2026-04-19T05:01:06.6794942Z" end-time="2026-04-19T05:01:06.6830540Z" duration="0.003560" asserts="14" />
                <test-case id="0-1442" name="TestOnlyVisibleItemsAreAdded" fullname="Content.Tests.Client.UserInterface.Controls.ListContainerTest.TestOnlyVisibleItemsAreAdded" methodname="TestOnlyVisibleItemsAreAdded" classname="Content.Tests.Client.UserInterface.Controls.ListContainerTest" runstate="Runnable" seed="862168301" result="Passed" start-time="2026-04-19T05:01:06.6830916Z" end-time="2026-04-19T05:01:06.6842043Z" duration="0.001113" asserts="12" />
                <test-case id="0-1444" name="TestPreviousItemIsVisibleWhenScrolled" fullname="Content.Tests.Client.UserInterface.Controls.ListContainerTest.TestPreviousItemIsVisibleWhenScrolled" methodname="TestPreviousItemIsVisibleWhenScrolled" classname="Content.Tests.Client.UserInterface.Controls.ListContainerTest" runstate="Runnable" seed="432026787" result="Passed" start-time="2026-04-19T05:01:06.6842378Z" end-time="2026-04-19T05:01:06.6860197Z" duration="0.001782" asserts="14" />
                <test-case id="0-1446" name="TestSelectedItemStillSelectedWhenScrolling" fullname="Content.Tests.Client.UserInterface.Controls.ListContainerTest.TestSelectedItemStillSelectedWhenScrolling" methodname="TestSelectedItemStillSelectedWhenScrolling" classname="Content.Tests.Client.UserInterface.Controls.ListContainerTest" runstate="Runnable" seed="724644654" result="Passed" start-time="2026-04-19T05:01:06.6860366Z" end-time="2026-04-19T05:01:06.6888412Z" duration="0.002805" asserts="3" />
              </test-suite>
            </test-suite>
          </test-suite>
        </test-suite>
        <test-suite type="TestSuite" id="0-1465" name="Server" fullname="Content.Tests.Server" runstate="Runnable" testcasecount="58" result="Passed" start-time="2026-04-19T05:01:06.1113571Z" end-time="2026-04-19T05:01:43.1495153Z" duration="37.038158" total="58" passed="58" failed="0" warnings="0" inconclusive="0" skipped="0" asserts="100">
          <test-suite type="TestSuite" id="0-1466" name="Utility" fullname="Content.Tests.Server.Utility" runstate="Runnable" testcasecount="24" result="Passed" start-time="2026-04-19T05:01:06.1113851Z" end-time="2026-04-19T05:01:06.2035908Z" duration="0.092206" total="24" passed="24" failed="0" warnings="0" inconclusive="0" skipped="0" asserts="24">
            <test-suite type="TestFixture" id="0-1367" name="IPAddressExtTest" fullname="Content.Tests.Server.Utility.IPAddressExtTest" classname="Content.Tests.Server.Utility.IPAddressExtTest" runstate="Runnable" testcasecount="24" result="Passed" start-time="2026-04-19T05:01:06.1230861Z" end-time="2026-04-19T05:01:06.2009905Z" duration="0.077904" total="24" passed="24" failed="0" warnings="0" inconclusive="0" skipped="0" asserts="24">
              <test-suite type="ParameterizedMethod" id="0-1382" name="IpV4SubnetMaskDoesNotMatchInvalidIpAddress" fullname="Content.Tests.Server.Utility.IPAddressExtTest.IpV4SubnetMaskDoesNotMatchInvalidIpAddress" classname="Content.Tests.Server.Utility.IPAddressExtTest" runstate="Runnable" testcasecount="7" result="Passed" start-time="2026-04-19T05:01:06.1237082Z" end-time="2026-04-19T05:01:06.1545227Z" duration="0.030815" total="7" passed="7" failed="0" warnings="0" inconclusive="0" skipped="0" asserts="7">
                <test-case id="0-1375" name="IpV4SubnetMaskDoesNotMatchInvalidIpAddress(&quot;192.168.5.85/24&quot;,&quot;192.168.4.254&quot;)" fullname="Content.Tests.Server.Utility.IPAddressExtTest.IpV4SubnetMaskDoesNotMatchInvalidIpAddress(&quot;192.168.5.85/24&quot;,&quot;192.168.4.254&quot;)" methodname="IpV4SubnetMaskDoesNotMatchInvalidIpAddress" classname="Content.Tests.Server.Utility.IPAddressExtTest" runstate="Runnable" seed="1455690606" result="Passed" start-time="2026-04-19T05:01:06.1254708Z" end-time="2026-04-19T05:01:06.1308754Z" duration="0.005519" asserts="1" />
                <test-case id="0-1376" name="IpV4SubnetMaskDoesNotMatchInvalidIpAddress(&quot;192.168.5.85/24&quot;,&quot;191.168.5.254&quot;)" fullname="Content.Tests.Server.Utility.IPAddressExtTest.IpV4SubnetMaskDoesNotMatchInvalidIpAddress(&quot;192.168.5.85/24&quot;,&quot;191.168.5.254&quot;)" methodname="IpV4SubnetMaskDoesNotMatchInvalidIpAddress" classname="Content.Tests.Server.Utility.IPAddressExtTest" runstate="Runnable" seed="794923817" result="Passed" start-time="2026-04-19T05:01:06.1359351Z" end-time="2026-04-19T05:01:06.1362598Z" duration="0.000325" asserts="1" />
                <test-case id="0-1377" name="IpV4SubnetMaskDoesNotMatchInvalidIpAddress(&quot;10.128.240.50/30&quot;,&quot;10.128.240.47&quot;)" fullname="Content.Tests.Server.Utility.IPAddressExtTest.IpV4SubnetMaskDoesNotMatchInvalidIpAddress(&quot;10.128.240.50/30&quot;,&quot;10.128.240.47&quot;)" methodname="IpV4SubnetMaskDoesNotMatchInvalidIpAddress" classname="Content.Tests.Server.Utility.IPAddressExtTest" runstate="Runnable" seed="82005155" result="Passed" start-time="2026-04-19T05:01:06.1419352Z" end-time="2026-04-19T05:01:06.1419717Z" duration="0.000036" asserts="1" />
                <test-case id="0-1378" name="IpV4SubnetMaskDoesNotMatchInvalidIpAddress(&quot;10.128.240.50/30&quot;,&quot;10.128.240.52&quot;)" fullname="Content.Tests.Server.Utility.IPAddressExtTest.IpV4SubnetMaskDoesNotMatchInvalidIpAddress(&quot;10.128.240.50/30&quot;,&quot;10.128.240.52&quot;)" methodname="IpV4SubnetMaskDoesNotMatchInvalidIpAddress" classname="Content.Tests.Server.Utility.IPAddressExtTest" runstate="Runnable" seed="1386812429" result="Passed" start-time="2026-04-19T05:01:06.1426207Z" end-time="2026-04-19T05:01:06.1426425Z" duration="0.000022" asserts="1" />
                <test-case id="0-1379" name="IpV4SubnetMaskDoesNotMatchInvalidIpAddress(&quot;10.128.240.50/30&quot;,&quot;10.128.239.50&quot;)" fullname="Content.Tests.Server.Utility.IPAddressExtTest.IpV4SubnetMaskDoesNotMatchInvalidIpAddress(&quot;10.128.240.50/30&quot;,&quot;10.128.239.50&quot;)" methodname="IpV4SubnetMaskDoesNotMatchInvalidIpAddress" classname="Content.Tests.Server.Utility.IPAddressExtTest" runstate="Runnable" seed="1668225564" result="Passed" start-time="2026-04-19T05:01:06.1426517Z" end-time="2026-04-19T05:01:06.1426571Z" duration="0.000005" asserts="1" />
                <test-case id="0-1380" name="IpV4SubnetMaskDoesNotMatchInvalidIpAddress(&quot;10.128.240.50/30&quot;,&quot;10.127.240.51&quot;)" fullname="Content.Tests.Server.Utility.IPAddressExtTest.IpV4SubnetMaskDoesNotMatchInvalidIpAddress(&quot;10.128.240.50/30&quot;,&quot;10.127.240.51&quot;)" methodname="IpV4SubnetMaskDoesNotMatchInvalidIpAddress" classname="Content.Tests.Server.Utility.IPAddressExtTest" runstate="Runnable" seed="100775648" result="Passed" start-time="2026-04-19T05:01:06.1426753Z" end-time="2026-04-19T05:01:06.1426807Z" duration="0.000005" asserts="1" />
                <test-case id="0-1381" name="IpV4SubnetMaskDoesNotMatchInvalidIpAddress(&quot;10.128.240.50/30&quot;,&quot;2001:0DB8:ABCD:0012:0000:0000:0000:0000&quot;)" fullname="Content.Tests.Server.Utility.IPAddressExtTest.IpV4SubnetMaskDoesNotMatchInvalidIpAddress(&quot;10.128.240.50/30&quot;,&quot;2001:0DB8:ABCD:0012:0000:0000:0000:0000&quot;)" methodname="IpV4SubnetMaskDoesNotMatchInvalidIpAddress" classname="Content.Tests.Server.Utility.IPAddressExtTest" runstate="Runnable" seed="618581040" result="Passed" start-time="2026-04-19T05:01:06.1426868Z" end-time="2026-04-19T05:01:06.1531796Z" duration="0.010493" asserts="1" />
              </test-suite>
              <test-suite type="ParameterizedMethod" id="0-1374" name="IpV4SubnetMaskMatchesValidIpAddress" fullname="Content.Tests.Server.Utility.IPAddressExtTest.IpV4SubnetMaskMatchesValidIpAddress" classname="Content.Tests.Server.Utility.IPAddressExtTest" runstate="Runnable" testcasecount="6" result="Passed" start-time="2026-04-19T05:01:06.1578707Z" end-time="2026-04-19T05:01:06.1608019Z" duration="0.002931" total="6" passed="6" failed="0" warnings="0" inconclusive="0" skipped="0" asserts="6">
                <test-case id="0-1368" name="IpV4SubnetMaskMatchesValidIpAddress(&quot;192.168.5.85/24&quot;,&quot;192.168.5.1&quot;)" fullname="Content.Tests.Server.Utility.IPAddressExtTest.IpV4SubnetMaskMatchesValidIpAddress(&quot;192.168.5.85/24&quot;,&quot;192.168.5.1&quot;)" methodname="IpV4SubnetMaskMatchesValidIpAddress" classname="Content.Tests.Server.Utility.IPAddressExtTest" runstate="Runnable" seed="578625506" result="Passed" start-time="2026-04-19T05:01:06.1579240Z" end-time="2026-04-19T05:01:06.1586227Z" duration="0.000699" asserts="1" />
                <test-case id="0-1369" name="IpV4SubnetMaskMatchesValidIpAddress(&quot;192.168.5.85/24&quot;,&quot;192.168.5.254&quot;)" fullname="Content.Tests.Server.Utility.IPAddressExtTest.IpV4SubnetMaskMatchesValidIpAddress(&quot;192.168.5.85/24&quot;,&quot;192.168.5.254&quot;)" methodname="IpV4SubnetMaskMatchesValidIpAddress" classname="Content.Tests.Server.Utility.IPAddressExtTest" runstate="Runnable" seed="449208033" result="Passed" start-time="2026-04-19T05:01:06.1586542Z" end-time="2026-04-19T05:01:06.1589379Z" duration="0.000284" asserts="1" />
                <test-case id="0-1370" name="IpV4SubnetMaskMatchesValidIpAddress(&quot;10.128.240.50/30&quot;,&quot;10.128.240.48&quot;)" fullname="Content.Tests.Server.Utility.IPAddressExtTest.IpV4SubnetMaskMatchesValidIpAddress(&quot;10.128.240.50/30&quot;,&quot;10.128.240.48&quot;)" methodname="IpV4SubnetMaskMatchesValidIpAddress" classname="Content.Tests.Server.Utility.IPAddressExtTest" runstate="Runnable" seed="405424485" result="Passed" start-time="2026-04-19T05:01:06.1589544Z" end-time="2026-04-19T05:01:06.1589913Z" duration="0.000037" asserts="1" />
                <test-case id="0-1371" name="IpV4SubnetMaskMatchesValidIpAddress(&quot;10.128.240.50/30&quot;,&quot;10.128.240.49&quot;)" fullname="Content.Tests.Server.Utility.IPAddressExtTest.IpV4SubnetMaskMatchesValidIpAddress(&quot;10.128.240.50/30&quot;,&quot;10.128.240.49&quot;)" methodname="IpV4SubnetMaskMatchesValidIpAddress" classname="Content.Tests.Server.Utility.IPAddressExtTest" runstate="Runnable" seed="2129339210" result="Passed" start-time="2026-04-19T05:01:06.1589990Z" end-time="2026-04-19T05:01:06.1590043Z" duration="0.000005" asserts="1" />
                <test-case id="0-1372" name="IpV4SubnetMaskMatchesValidIpAddress(&quot;10.128.240.50/30&quot;,&quot;10.128.240.50&quot;)" fullname="Content.Tests.Server.Utility.IPAddressExtTest.IpV4SubnetMaskMatchesValidIpAddress(&quot;10.128.240.50/30&quot;,&quot;10.128.240.50&quot;)" methodname="IpV4SubnetMaskMatchesValidIpAddress" classname="Content.Tests.Server.Utility.IPAddressExtTest" runstate="Runnable" seed="15735353" result="Passed" start-time="2026-04-19T05:01:06.1590105Z" end-time="2026-04-19T05:01:06.1590154Z" duration="0.000005" asserts="1" />
                <test-case id="0-1373" name="IpV4SubnetMaskMatchesValidIpAddress(&quot;10.128.240.50/30&quot;,&quot;10.128.240.51&quot;)" fullname="Content.Tests.Server.Utility.IPAddressExtTest.IpV4SubnetMaskMatchesValidIpAddress(&quot;10.128.240.50/30&quot;,&quot;10.128.240.51&quot;)" methodname="IpV4SubnetMaskMatchesValidIpAddress" classname="Content.Tests.Server.Utility.IPAddressExtTest" runstate="Runnable" seed="1590090590" result="Passed" start-time="2026-04-19T05:01:06.1590217Z" end-time="2026-04-19T05:01:06.1590263Z" duration="0.000005" asserts="1" />
              </test-suite>
              <test-suite type="ParameterizedMethod" id="0-1395" name="IpV6SubnetMaskDoesNotMatchInvalidIpAddress" fullname="Content.Tests.Server.Utility.IPAddressExtTest.IpV6SubnetMaskDoesNotMatchInvalidIpAddress" classname="Content.Tests.Server.Utility.IPAddressExtTest" runstate="Runnable" testcasecount="6" result="Passed" start-time="2026-04-19T05:01:06.1609484Z" end-time="2026-04-19T05:01:06.1714759Z" duration="0.010527" total="6" passed="6" failed="0" warnings="0" inconclusive="0" skipped="0" asserts="6">
                <test-case id="0-1389" name="IpV6SubnetMaskDoesNotMatchInvalidIpAddress(&quot;2001:db8:abcd:0012::0/64&quot;,&quot;2001:0DB8:ABCD:0011:FFFF:FFFF:FFFF:FFFF&quot;)" fullname="Content.Tests.Server.Utility.IPAddressExtTest.IpV6SubnetMaskDoesNotMatchInvalidIpAddress(&quot;2001:db8:abcd:0012::0/64&quot;,&quot;2001:0DB8:ABCD:0011:FFFF:FFFF:FFFF:FFFF&quot;)" methodname="IpV6SubnetMaskDoesNotMatchInvalidIpAddress" classname="Content.Tests.Server.Utility.IPAddressExtTest" runstate="Runnable" seed="448476911" result="Passed" start-time="2026-04-19T05:01:06.1615075Z" end-time="2026-04-19T05:01:06.1640417Z" duration="0.002534" asserts="1" />
                <test-case id="0-1390" name="IpV6SubnetMaskDoesNotMatchInvalidIpAddress(&quot;2001:db8:abcd:0012::0/64&quot;,&quot;2001:0DB8:ABCD:0013:0000:0000:0000:0000&quot;)" fullname="Content.Tests.Server.Utility.IPAddressExtTest.IpV6SubnetMaskDoesNotMatchInvalidIpAddress(&quot;2001:db8:abcd:0012::0/64&quot;,&quot;2001:0DB8:ABCD:0013:0000:0000:0000:0000&quot;)" methodname="IpV6SubnetMaskDoesNotMatchInvalidIpAddress" classname="Content.Tests.Server.Utility.IPAddressExtTest" runstate="Runnable" seed="926044258" result="Passed" start-time="2026-04-19T05:01:06.1691216Z" end-time="2026-04-19T05:01:06.1693638Z" duration="0.000242" asserts="1" />
                <test-case id="0-1391" name="IpV6SubnetMaskDoesNotMatchInvalidIpAddress(&quot;2001:db8:abcd:0012::0/64&quot;,&quot;2001:0DB8:ABCD:0013:0001:0000:0000:0000&quot;)" fullname="Content.Tests.Server.Utility.IPAddressExtTest.IpV6SubnetMaskDoesNotMatchInvalidIpAddress(&quot;2001:db8:abcd:0012::0/64&quot;,&quot;2001:0DB8:ABCD:0013:0001:0000:0000:0000&quot;)" methodname="IpV6SubnetMaskDoesNotMatchInvalidIpAddress" classname="Content.Tests.Server.Utility.IPAddressExtTest" runstate="Runnable" seed="1570562285" result="Passed" start-time="2026-04-19T05:01:06.1713851Z" end-time="2026-04-19T05:01:06.1714194Z" duration="0.000034" asserts="1" />
                <test-case id="0-1392" name="IpV6SubnetMaskDoesNotMatchInvalidIpAddress(&quot;2001:db8:abcd:0012::0/64&quot;,&quot;2001:0DB8:ABCD:0011:FFFF:FFFF:FFFF:FFF0&quot;)" fullname="Content.Tests.Server.Utility.IPAddressExtTest.IpV6SubnetMaskDoesNotMatchInvalidIpAddress(&quot;2001:db8:abcd:0012::0/64&quot;,&quot;2001:0DB8:ABCD:0011:FFFF:FFFF:FFFF:FFF0&quot;)" methodname="IpV6SubnetMaskDoesNotMatchInvalidIpAddress" classname="Content.Tests.Server.Utility.IPAddressExtTest" runstate="Runnable" seed="1513650083" result="Passed" start-time="2026-04-19T05:01:06.1714281Z" end-time="2026-04-19T05:01:06.1714378Z" duration="0.000010" asserts="1" />
                <test-case id="0-1393" name="IpV6SubnetMaskDoesNotMatchInvalidIpAddress(&quot;2001:db8:abcd:0012::0/128&quot;,&quot;2001:0DB8:ABCD:0012:0000:0000:0000:0001&quot;)" fullname="Content.Tests.Server.Utility.IPAddressExtTest.IpV6SubnetMaskDoesNotMatchInvalidIpAddress(&quot;2001:db8:abcd:0012::0/128&quot;,&quot;2001:0DB8:ABCD:0012:0000:0000:0000:0001&quot;)" methodname="IpV6SubnetMaskDoesNotMatchInvalidIpAddress" classname="Content.Tests.Server.Utility.IPAddressExtTest" runstate="Runnable" seed="2136238231" result="Passed" start-time="2026-04-19T05:01:06.1714442Z" end-time="2026-04-19T05:01:06.1714534Z" duration="0.000009" asserts="1" />
                <test-case id="0-1394" name="IpV6SubnetMaskDoesNotMatchInvalidIpAddress(&quot;2001:db8:abcd:0012::0/128&quot;,&quot;10.128.239.50&quot;)" fullname="Content.Tests.Server.Utility.IPAddressExtTest.IpV6SubnetMaskDoesNotMatchInvalidIpAddress(&quot;2001:db8:abcd:0012::0/128&quot;,&quot;10.128.239.50&quot;)" methodname="IpV6SubnetMaskDoesNotMatchInvalidIpAddress" classname="Content.Tests.Server.Utility.IPAddressExtTest" runstate="Runnable" seed="2087020650" result="Passed" start-time="2026-04-19T05:01:06.1714597Z" end-time="2026-04-19T05:01:06.1714657Z" duration="0.000006" asserts="1" />
              </test-suite>
              <test-suite type="ParameterizedMethod" id="0-1388" name="IpV6SubnetMaskMatchesValidIpAddress" fullname="Content.Tests.Server.Utility.IPAddressExtTest.IpV6SubnetMaskMatchesValidIpAddress" classname="Content.Tests.Server.Utility.IPAddressExtTest" runstate="Runnable" testcasecount="5" result="Passed" start-time="2026-04-19T05:01:06.1714889Z" end-time="2026-04-19T05:01:06.2000691Z" duration="0.028580" total="5" passed="5" failed="0" warnings="0" inconclusive="0" skipped="0" asserts="5">
                <test-case id="0-1383" name="IpV6SubnetMaskMatchesValidIpAddress(&quot;2001:db8:abcd:0012::0/64&quot;,&quot;2001:0DB8:ABCD:0012:0000:0000:0000:0000&quot;)" fullname="Content.Tests.Server.Utility.IPAddressExtTest.IpV6SubnetMaskMatchesValidIpAddress(&quot;2001:db8:abcd:0012::0/64&quot;,&quot;2001:0DB8:ABCD:0012:0000:0000:0000:0000&quot;)" methodname="IpV6SubnetMaskMatchesValidIpAddress" classname="Content.Tests.Server.Utility.IPAddressExtTest" runstate="Runnable" seed="2034647557" result="Passed" start-time="2026-04-19T05:01:06.1715129Z" end-time="2026-04-19T05:01:06.1716573Z" duration="0.000145" asserts="1" />
                <test-case id="0-1384" name="IpV6SubnetMaskMatchesValidIpAddress(&quot;2001:db8:abcd:0012::0/64&quot;,&quot;2001:0DB8:ABCD:0012:FFFF:FFFF:FFFF:FFFF&quot;)" fullname="Content.Tests.Server.Utility.IPAddressExtTest.IpV6SubnetMaskMatchesValidIpAddress(&quot;2001:db8:abcd:0012::0/64&quot;,&quot;2001:0DB8:ABCD:0012:FFFF:FFFF:FFFF:FFFF&quot;)" methodname="IpV6SubnetMaskMatchesValidIpAddress" classname="Content.Tests.Server.Utility.IPAddressExtTest" runstate="Runnable" seed="1283608467" result="Passed" start-time="2026-04-19T05:01:06.1774203Z" end-time="2026-04-19T05:01:06.1776714Z" duration="0.000250" asserts="1" />
                <test-case id="0-1385" name="IpV6SubnetMaskMatchesValidIpAddress(&quot;2001:db8:abcd:0012::0/64&quot;,&quot;2001:0DB8:ABCD:0012:0001:0000:0000:0000&quot;)" fullname="Content.Tests.Server.Utility.IPAddressExtTest.IpV6SubnetMaskMatchesValidIpAddress(&quot;2001:db8:abcd:0012::0/64&quot;,&quot;2001:0DB8:ABCD:0012:0001:0000:0000:0000&quot;)" methodname="IpV6SubnetMaskMatchesValidIpAddress" classname="Content.Tests.Server.Utility.IPAddressExtTest" runstate="Runnable" seed="873004828" result="Passed" start-time="2026-04-19T05:01:06.1823536Z" end-time="2026-04-19T05:01:06.1823899Z" duration="0.000036" asserts="1" />
                <test-case id="0-1386" name="IpV6SubnetMaskMatchesValidIpAddress(&quot;2001:db8:abcd:0012::0/64&quot;,&quot;2001:0DB8:ABCD:0012:FFFF:FFFF:FFFF:FFF0&quot;)" fullname="Content.Tests.Server.Utility.IPAddressExtTest.IpV6SubnetMaskMatchesValidIpAddress(&quot;2001:db8:abcd:0012::0/64&quot;,&quot;2001:0DB8:ABCD:0012:FFFF:FFFF:FFFF:FFF0&quot;)" methodname="IpV6SubnetMaskMatchesValidIpAddress" classname="Content.Tests.Server.Utility.IPAddressExtTest" runstate="Runnable" seed="1095651831" result="Passed" start-time="2026-04-19T05:01:06.1912215Z" end-time="2026-04-19T05:01:06.1912725Z" duration="0.000051" asserts="1" />
                <test-case id="0-1387" name="IpV6SubnetMaskMatchesValidIpAddress(&quot;2001:db8:abcd:0012::0/128&quot;,&quot;2001:0DB8:ABCD:0012:0000:0000:0000:0000&quot;)" fullname="Content.Tests.Server.Utility.IPAddressExtTest.IpV6SubnetMaskMatchesValidIpAddress(&quot;2001:db8:abcd:0012::0/128&quot;,&quot;2001:0DB8:ABCD:0012:0000:0000:0000:0000&quot;)" methodname="IpV6SubnetMaskMatchesValidIpAddress" classname="Content.Tests.Server.Utility.IPAddressExtTest" runstate="Runnable" seed="909386243" result="Passed" start-time="2026-04-19T05:01:06.1956543Z" end-time="2026-04-19T05:01:06.1989593Z" duration="0.003305" asserts="1" />
              </test-suite>
            </test-suite>
          </test-suite>
          <test-suite type="TestSuite" id="0-1467" name="Jobs" fullname="Content.Tests.Server.Jobs" runstate="Runnable" testcasecount="5" result="Passed" start-time="2026-04-19T05:01:06.1113780Z" end-time="2026-04-19T05:01:06.6613750Z" duration="0.549997" total="5" passed="5" failed="0" warnings="0" inconclusive="0" skipped="0" asserts="22">
            <test-suite type="TestFixture" id="0-1396" name="JobQueueTest" fullname="Content.Tests.Server.Jobs.JobQueueTest" classname="Content.Tests.Server.Jobs.JobQueueTest" runstate="Runnable" testcasecount="5" result="Passed" start-time="2026-04-19T05:01:06.1169476Z" end-time="2026-04-19T05:01:06.6613528Z" duration="0.544405" total="5" passed="5" failed="0" warnings="0" inconclusive="0" skipped="0" asserts="22">
              <properties>
                <property name="TestOf" value="Robust.Shared.CPUJob.JobQueues.Job`1" />
                <property name="TestOf" value="Robust.Shared.CPUJob.JobQueues.Queues.JobQueue" />
                <property name="ParallelScope" value="Self" />
              </properties>
              <test-case id="0-1397" name="TestImmediateJob" fullname="Content.Tests.Server.Jobs.JobQueueTest.TestImmediateJob" methodname="TestImmediateJob" classname="Content.Tests.Server.Jobs.JobQueueTest" runstate="Runnable" seed="1303163445" result="Passed" start-time="2026-04-19T05:01:06.6321535Z" end-time="2026-04-19T05:01:06.6457702Z" duration="0.013616" asserts="2" />
              <test-case id="0-1398" name="TestLongJob" fullname="Content.Tests.Server.Jobs.JobQueueTest.TestLongJob" methodname="TestLongJob" classname="Content.Tests.Server.Jobs.JobQueueTest" runstate="Runnable" seed="940013037" result="Passed" start-time="2026-04-19T05:01:06.6475847Z" end-time="2026-04-19T05:01:06.6544275Z" duration="0.006843" asserts="7" />
              <test-case id="0-1399" name="TestLongJobCancel" fullname="Content.Tests.Server.Jobs.JobQueueTest.TestLongJobCancel" methodname="TestLongJobCancel" classname="Content.Tests.Server.Jobs.JobQueueTest" runstate="Runnable" seed="2000030886" result="Passed" start-time="2026-04-19T05:01:06.6544582Z" end-time="2026-04-19T05:01:06.6556897Z" duration="0.001232" asserts="5" />
              <test-case id="0-1400" name="TestWaitingJob" fullname="Content.Tests.Server.Jobs.JobQueueTest.TestWaitingJob" methodname="TestWaitingJob" classname="Content.Tests.Server.Jobs.JobQueueTest" runstate="Runnable" seed="1494093797" result="Passed" start-time="2026-04-19T05:01:06.6557078Z" end-time="2026-04-19T05:01:06.6607498Z" duration="0.005042" asserts="4" />
              <test-case id="0-1401" name="TestWaitingJobCancel" fullname="Content.Tests.Server.Jobs.JobQueueTest.TestWaitingJobCancel" methodname="TestWaitingJobCancel" classname="Content.Tests.Server.Jobs.JobQueueTest" runstate="Runnable" seed="1648048911" result="Passed" start-time="2026-04-19T05:01:06.6607803Z" end-time="2026-04-19T05:01:06.6612213Z" duration="0.000441" asserts="4" />
            </test-suite>
          </test-suite>
          <test-suite type="TestSuite" id="0-1469" name="Atmos" fullname="Content.Tests.Server.Atmos" runstate="Runnable" testcasecount="4" result="Passed" start-time="2026-04-19T05:01:06.1113632Z" end-time="2026-04-19T05:01:42.4913752Z" duration="36.380012" total="4" passed="4" failed="0" warnings="0" inconclusive="0" skipped="0" asserts="8">
            <test-suite type="TestFixture" id="0-1430" name="AddMolsToMixtureTest" fullname="Content.Tests.Server.Atmos.AddMolsToMixtureTest" classname="Content.Tests.Server.Atmos.AddMolsToMixtureTest" runstate="Runnable" testcasecount="4" result="Passed" start-time="2026-04-19T05:01:06.1139505Z" end-time="2026-04-19T05:01:42.4913587Z" duration="36.377408" total="4" passed="4" failed="0" warnings="0" inconclusive="0" skipped="0" asserts="8">
              <properties>
                <property name="TestOf" value="Content.Server.Atmos.EntitySystems.AtmosphereSystem" />
                <property name="ParallelScope" value="All" />
              </properties>
              <test-case id="0-1434" name="AddMolsToMixture_Adds_CheckElementwise" fullname="Content.Tests.Server.Atmos.AddMolsToMixtureTest.AddMolsToMixture_Adds_CheckElementwise" methodname="AddMolsToMixture_Adds_CheckElementwise" classname="Content.Tests.Server.Atmos.AddMolsToMixtureTest" runstate="Runnable" seed="1525373732" result="Passed" start-time="2026-04-19T05:01:42.4612909Z" end-time="2026-04-19T05:01:42.4691642Z" duration="0.007873" asserts="2" />
              <test-case id="0-1435" name="AddMolsToMixture_EnsureClamp" fullname="Content.Tests.Server.Atmos.AddMolsToMixtureTest.AddMolsToMixture_EnsureClamp" methodname="AddMolsToMixture_EnsureClamp" classname="Content.Tests.Server.Atmos.AddMolsToMixtureTest" runstate="Runnable" seed="472501597" result="Passed" start-time="2026-04-19T05:01:42.4691864Z" end-time="2026-04-19T05:01:42.4698412Z" duration="0.000655" asserts="2" />
              <test-suite type="ParameterizedMethod" id="0-1433" name="AddMolsToMixture_Throws_OnLengthMismatch" fullname="Content.Tests.Server.Atmos.AddMolsToMixtureTest.AddMolsToMixture_Throws_OnLengthMismatch" classname="Content.Tests.Server.Atmos.AddMolsToMixtureTest" runstate="Runnable" testcasecount="2" result="Passed" start-time="2026-04-19T05:01:06.1149312Z" end-time="2026-04-19T05:01:42.4913267Z" duration="36.376396" total="2" passed="2" failed="0" warnings="0" inconclusive="0" skipped="0" asserts="4">
                <test-case id="0-1431" name="AddMolsToMixture_Throws_OnLengthMismatch(-1)" fullname="Content.Tests.Server.Atmos.AddMolsToMixtureTest.AddMolsToMixture_Throws_OnLengthMismatch(-1)" methodname="AddMolsToMixture_Throws_OnLengthMismatch" classname="Content.Tests.Server.Atmos.AddMolsToMixtureTest" runstate="Runnable" seed="574409291" result="Passed" start-time="2026-04-19T05:01:42.4698566Z" end-time="2026-04-19T05:01:42.4821705Z" duration="0.012314" asserts="2" />
                <test-case id="0-1432" name="AddMolsToMixture_Throws_OnLengthMismatch(1)" fullname="Content.Tests.Server.Atmos.AddMolsToMixtureTest.AddMolsToMixture_Throws_OnLengthMismatch(1)" methodname="AddMolsToMixture_Throws_OnLengthMismatch" classname="Content.Tests.Server.Atmos.AddMolsToMixtureTest" runstate="Runnable" seed="1297186305" result="Passed" start-time="2026-04-19T05:01:42.4833800Z" end-time="2026-04-19T05:01:42.4901729Z" duration="0.006793" asserts="2" />
              </test-suite>
            </test-suite>
          </test-suite>
          <test-suite type="TestSuite" id="0-1468" name="Connection" fullname="Content.Tests.Server.Connection" runstate="Runnable" testcasecount="25" result="Passed" start-time="2026-04-19T05:01:06.1113701Z" end-time="2026-04-19T05:01:43.1493929Z" duration="37.038023" total="25" passed="25" failed="0" warnings="0" inconclusive="0" skipped="0" asserts="46">
            <test-suite type="TestFixture" id="0-1402" name="IPIntelTest" fullname="Content.Tests.Server.Connection.IPIntelTest" classname="Content.Tests.Server.Connection.IPIntelTest" runstate="Runnable" testcasecount="25" result="Passed" start-time="2026-04-19T05:01:06.1171027Z" end-time="2026-04-19T05:01:43.1490142Z" duration="37.031912" total="25" passed="25" failed="0" warnings="0" inconclusive="0" skipped="0" asserts="46">
              <properties>
                <property name="TestOf" value="Content.Server.Connection.IPIntel.IPIntel" />
                <property name="ParallelScope" value="All" />
              </properties>
              <test-case id="0-1408" name="ErrorTest" fullname="Content.Tests.Server.Connection.IPIntelTest.ErrorTest" methodname="ErrorTest" classname="Content.Tests.Server.Connection.IPIntelTest" runstate="Runnable" seed="1238602642" result="Passed" start-time="2026-04-19T05:01:42.4913878Z" end-time="2026-04-19T05:01:42.9696482Z" duration="0.478261" asserts="1" />
              <test-case id="0-1404" name="KnownRateLimitMinuteTest" fullname="Content.Tests.Server.Connection.IPIntelTest.KnownRateLimitMinuteTest" methodname="KnownRateLimitMinuteTest" classname="Content.Tests.Server.Connection.IPIntelTest" runstate="Runnable" seed="1915060710" result="Passed" start-time="2026-04-19T05:01:42.9723488Z" end-time="2026-04-19T05:01:43.0365019Z" duration="0.064153" asserts="11" />
              <test-case id="0-1405" name="KnownRateLimitMinuteTimingTest" fullname="Content.Tests.Server.Connection.IPIntelTest.KnownRateLimitMinuteTimingTest" methodname="KnownRateLimitMinuteTimingTest" classname="Content.Tests.Server.Connection.IPIntelTest" runstate="Runnable" seed="1171444046" result="Passed" start-time="2026-04-19T05:01:43.0369835Z" end-time="2026-04-19T05:01:43.0394581Z" duration="0.002474" asserts="4" />
              <test-case id="0-1407" name="SuddenRateLimitExponentialBackoffTest" fullname="Content.Tests.Server.Connection.IPIntelTest.SuddenRateLimitExponentialBackoffTest" methodname="SuddenRateLimitExponentialBackoffTest" classname="Content.Tests.Server.Connection.IPIntelTest" runstate="Runnable" seed="2006777694" result="Passed" start-time="2026-04-19T05:01:43.0394892Z" end-time="2026-04-19T05:01:43.0418209Z" duration="0.002332" asserts="6" />
              <test-case id="0-1406" name="SuddenRateLimitTest" fullname="Content.Tests.Server.Connection.IPIntelTest.SuddenRateLimitTest" methodname="SuddenRateLimitTest" classname="Content.Tests.Server.Connection.IPIntelTest" runstate="Runnable" seed="1075167140" result="Passed" start-time="2026-04-19T05:01:43.0433172Z" end-time="2026-04-19T05:01:43.0456789Z" duration="0.002362" asserts="3" />
              <test-suite type="ParameterizedMethod" id="0-1417" name="TestIsReservedIpv4" fullname="Content.Tests.Server.Connection.IPIntelTest.TestIsReservedIpv4" classname="Content.Tests.Server.Connection.IPIntelTest" runstate="Runnable" testcasecount="8" result="Passed" start-time="2026-04-19T05:01:06.1171984Z" end-time="2026-04-19T05:01:43.0640266Z" duration="36.946828" total="8" passed="8" failed="0" warnings="0" inconclusive="0" skipped="0" asserts="8">
                <test-case id="0-1409" name="TestIsReservedIpv4(&quot;0.0.0.0&quot;)" fullname="Content.Tests.Server.Connection.IPIntelTest.TestIsReservedIpv4(&quot;0.0.0.0&quot;)" methodname="TestIsReservedIpv4" classname="Content.Tests.Server.Connection.IPIntelTest" runstate="Runnable" seed="1092089070" result="Passed" start-time="2026-04-19T05:01:43.0456931Z" end-time="2026-04-19T05:01:43.0537473Z" duration="0.008055" asserts="1" />
                <test-case id="0-1410" name="TestIsReservedIpv4(&quot;0.3.5.7&quot;)" fullname="Content.Tests.Server.Connection.IPIntelTest.TestIsReservedIpv4(&quot;0.3.5.7&quot;)" methodname="TestIsReservedIpv4" classname="Content.Tests.Server.Connection.IPIntelTest" runstate="Runnable" seed="1784992980" result="Passed" start-time="2026-04-19T05:01:43.0622677Z" end-time="2026-04-19T05:01:43.0627669Z" duration="0.000499" asserts="1" />
                <test-case id="0-1411" name="TestIsReservedIpv4(&quot;127.0.0.1&quot;)" fullname="Content.Tests.Server.Connection.IPIntelTest.TestIsReservedIpv4(&quot;127.0.0.1&quot;)" methodname="TestIsReservedIpv4" classname="Content.Tests.Server.Connection.IPIntelTest" runstate="Runnable" seed="1727689645" result="Passed" start-time="2026-04-19T05:01:43.0638295Z" end-time="2026-04-19T05:01:43.0638710Z" duration="0.000041" asserts="1" />
                <test-case id="0-1412" name="TestIsReservedIpv4(&quot;11.0.0.0&quot;)" fullname="Content.Tests.Server.Connection.IPIntelTest.TestIsReservedIpv4(&quot;11.0.0.0&quot;)" methodname="TestIsReservedIpv4" classname="Content.Tests.Server.Connection.IPIntelTest" runstate="Runnable" seed="1689744141" result="Passed" start-time="2026-04-19T05:01:43.0638824Z" end-time="2026-04-19T05:01:43.0638973Z" duration="0.000015" asserts="1" />
                <test-case id="0-1413" name="TestIsReservedIpv4(&quot;10.0.1.0&quot;)" fullname="Content.Tests.Server.Connection.IPIntelTest.TestIsReservedIpv4(&quot;10.0.1.0&quot;)" methodname="TestIsReservedIpv4" classname="Content.Tests.Server.Connection.IPIntelTest" runstate="Runnable" seed="1082759321" result="Passed" start-time="2026-04-19T05:01:43.0639045Z" end-time="2026-04-19T05:01:43.0639417Z" duration="0.000037" asserts="1" />
                <test-case id="0-1414" name="TestIsReservedIpv4(&quot;192.168.5.12&quot;)" fullname="Content.Tests.Server.Connection.IPIntelTest.TestIsReservedIpv4(&quot;192.168.5.12&quot;)" methodname="TestIsReservedIpv4" classname="Content.Tests.Server.Connection.IPIntelTest" runstate="Runnable" seed="394457746" result="Passed" start-time="2026-04-19T05:01:43.0639498Z" end-time="2026-04-19T05:01:43.0639621Z" duration="0.000012" asserts="1" />
                <test-case id="0-1415" name="TestIsReservedIpv4(&quot;192.167.0.1&quot;)" fullname="Content.Tests.Server.Connection.IPIntelTest.TestIsReservedIpv4(&quot;192.167.0.1&quot;)" methodname="TestIsReservedIpv4" classname="Content.Tests.Server.Connection.IPIntelTest" runstate="Runnable" seed="27801026" result="Passed" start-time="2026-04-19T05:01:43.0639695Z" end-time="2026-04-19T05:01:43.0639801Z" duration="0.000011" asserts="1" />
                <test-case id="0-1416" name="TestIsReservedIpv4(&quot;::1&quot;)" fullname="Content.Tests.Server.Connection.IPIntelTest.TestIsReservedIpv4(&quot;::1&quot;)" methodname="TestIsReservedIpv4" classname="Content.Tests.Server.Connection.IPIntelTest" runstate="Runnable" seed="1586576315" result="Passed" start-time="2026-04-19T05:01:43.0639869Z" end-time="2026-04-19T05:01:43.0640056Z" duration="0.000019" asserts="1" />
              </test-suite>
              <test-suite type="ParameterizedMethod" id="0-1429" name="TestIsReservedIpv6" fullname="Content.Tests.Server.Connection.IPIntelTest.TestIsReservedIpv6" classname="Content.Tests.Server.Connection.IPIntelTest" runstate="Runnable" testcasecount="11" result="Passed" start-time="2026-04-19T05:01:06.1204351Z" end-time="2026-04-19T05:01:43.1338675Z" duration="37.013432" total="11" passed="11" failed="0" warnings="0" inconclusive="0" skipped="0" asserts="11">
                <test-case id="0-1418" name="TestIsReservedIpv6(&quot;::ffff:0.0.0.0&quot;)" fullname="Content.Tests.Server.Connection.IPIntelTest.TestIsReservedIpv6(&quot;::ffff:0.0.0.0&quot;)" methodname="TestIsReservedIpv6" classname="Content.Tests.Server.Connection.IPIntelTest" runstate="Runnable" seed="874657610" result="Passed" start-time="2026-04-19T05:01:43.0640461Z" end-time="2026-04-19T05:01:43.0901456Z" duration="0.026100" asserts="1" />
                <test-case id="0-1419" name="TestIsReservedIpv6(&quot;::ffff:0.3.5.7&quot;)" fullname="Content.Tests.Server.Connection.IPIntelTest.TestIsReservedIpv6(&quot;::ffff:0.3.5.7&quot;)" methodname="TestIsReservedIpv6" classname="Content.Tests.Server.Connection.IPIntelTest" runstate="Runnable" seed="572144328" result="Passed" start-time="2026-04-19T05:01:43.0940145Z" end-time="2026-04-19T05:01:43.0964293Z" duration="0.002415" asserts="1" />
                <test-case id="0-1420" name="TestIsReservedIpv6(&quot;::ffff:127.0.0.1&quot;)" fullname="Content.Tests.Server.Connection.IPIntelTest.TestIsReservedIpv6(&quot;::ffff:127.0.0.1&quot;)" methodname="TestIsReservedIpv6" classname="Content.Tests.Server.Connection.IPIntelTest" runstate="Runnable" seed="1051355918" result="Passed" start-time="2026-04-19T05:01:43.0975278Z" end-time="2026-04-19T05:01:43.0977047Z" duration="0.000177" asserts="1" />
                <test-case id="0-1421" name="TestIsReservedIpv6(&quot;::ffff:11.0.0.0&quot;)" fullname="Content.Tests.Server.Connection.IPIntelTest.TestIsReservedIpv6(&quot;::ffff:11.0.0.0&quot;)" methodname="TestIsReservedIpv6" classname="Content.Tests.Server.Connection.IPIntelTest" runstate="Runnable" seed="1803386915" result="Passed" start-time="2026-04-19T05:01:43.1222538Z" end-time="2026-04-19T05:01:43.1223659Z" duration="0.000112" asserts="1" />
                <test-case id="0-1422" name="TestIsReservedIpv6(&quot;::ffff:10.0.1.0&quot;)" fullname="Content.Tests.Server.Connection.IPIntelTest.TestIsReservedIpv6(&quot;::ffff:10.0.1.0&quot;)" methodname="TestIsReservedIpv6" classname="Content.Tests.Server.Connection.IPIntelTest" runstate="Runnable" seed="2006394938" result="Passed" start-time="2026-04-19T05:01:43.1336418Z" end-time="2026-04-19T05:01:43.1337299Z" duration="0.000088" asserts="1" />
                <test-case id="0-1423" name="TestIsReservedIpv6(&quot;::ffff:192.168.5.12&quot;)" fullname="Content.Tests.Server.Connection.IPIntelTest.TestIsReservedIpv6(&quot;::ffff:192.168.5.12&quot;)" methodname="TestIsReservedIpv6" classname="Content.Tests.Server.Connection.IPIntelTest" runstate="Runnable" seed="464866831" result="Passed" start-time="2026-04-19T05:01:43.1337421Z" end-time="2026-04-19T05:01:43.1337563Z" duration="0.000014" asserts="1" />
                <test-case id="0-1424" name="TestIsReservedIpv6(&quot;::ffff:192.167.0.1&quot;)" fullname="Content.Tests.Server.Connection.IPIntelTest.TestIsReservedIpv6(&quot;::ffff:192.167.0.1&quot;)" methodname="TestIsReservedIpv6" classname="Content.Tests.Server.Connection.IPIntelTest" runstate="Runnable" seed="1807823955" result="Passed" start-time="2026-04-19T05:01:43.1337625Z" end-time="2026-04-19T05:01:43.1337743Z" duration="0.000012" asserts="1" />
                <test-case id="0-1425" name="TestIsReservedIpv6(&quot;::1&quot;)" fullname="Content.Tests.Server.Connection.IPIntelTest.TestIsReservedIpv6(&quot;::1&quot;)" methodname="TestIsReservedIpv6" classname="Content.Tests.Server.Connection.IPIntelTest" runstate="Runnable" seed="321940344" result="Passed" start-time="2026-04-19T05:01:43.1337800Z" end-time="2026-04-19T05:01:43.1337934Z" duration="0.000013" asserts="1" />
                <test-case id="0-1426" name="TestIsReservedIpv6(&quot;2001:db8::01&quot;)" fullname="Content.Tests.Server.Connection.IPIntelTest.TestIsReservedIpv6(&quot;2001:db8::01&quot;)" methodname="TestIsReservedIpv6" classname="Content.Tests.Server.Connection.IPIntelTest" runstate="Runnable" seed="217624774" result="Passed" start-time="2026-04-19T05:01:43.1337985Z" end-time="2026-04-19T05:01:43.1338092Z" duration="0.000011" asserts="1" />
                <test-case id="0-1427" name="TestIsReservedIpv6(&quot;2a01:4f8:252:4425::1234&quot;)" fullname="Content.Tests.Server.Connection.IPIntelTest.TestIsReservedIpv6(&quot;2a01:4f8:252:4425::1234&quot;)" methodname="TestIsReservedIpv6" classname="Content.Tests.Server.Connection.IPIntelTest" runstate="Runnable" seed="1749728955" result="Passed" start-time="2026-04-19T05:01:43.1338158Z" end-time="2026-04-19T05:01:43.1338293Z" duration="0.000013" asserts="1" />
                <test-case id="0-1428" name="TestIsReservedIpv6(&quot;127.0.0.1&quot;)" fullname="Content.Tests.Server.Connection.IPIntelTest.TestIsReservedIpv6(&quot;127.0.0.1&quot;)" methodname="TestIsReservedIpv6" classname="Content.Tests.Server.Connection.IPIntelTest" runstate="Runnable" seed="1195155102" result="Passed" start-time="2026-04-19T05:01:43.1338351Z" end-time="2026-04-19T05:01:43.1338479Z" duration="0.000013" asserts="1" />
              </test-suite>
              <test-case id="0-1403" name="TestSuccess" fullname="Content.Tests.Server.Connection.IPIntelTest.TestSuccess" methodname="TestSuccess" classname="Content.Tests.Server.Connection.IPIntelTest" runstate="Runnable" seed="1894572498" result="Passed" start-time="2026-04-19T05:01:43.1338879Z" end-time="2026-04-19T05:01:43.1393917Z" duration="0.005504" asserts="2" />
            </test-suite>
          </test-suite>
        </test-suite>
        <test-suite type="TestSuite" id="0-1450" name="Shared" fullname="Content.Tests.Shared" runstate="Runnable" testcasecount="314" result="Skipped" label="Ignored" site="Child" start-time="2026-04-19T05:01:06.1113919Z" end-time="2026-04-19T05:02:01.7510734Z" duration="55.639682" total="314" passed="313" failed="0" warnings="0" inconclusive="0" skipped="1" asserts="70467">
          <reason>
            <message><![CDATA[One or more child tests were ignored]]></message>
          </reason>
          <test-suite type="TestSuite" id="0-1458" name="Chat" fullname="Content.Tests.Shared.Chat" runstate="Runnable" testcasecount="16" result="Passed" start-time="2026-04-19T05:01:06.1114339Z" end-time="2026-04-19T05:01:06.6786875Z" duration="0.567254" total="16" passed="16" failed="0" warnings="0" inconclusive="0" skipped="0" asserts="16">
            <test-suite type="TestSuite" id="0-1459" name="V2" fullname="Content.Tests.Shared.Chat.V2" runstate="Runnable" testcasecount="16" result="Passed" start-time="2026-04-19T05:01:06.1114463Z" end-time="2026-04-19T05:01:06.6786818Z" duration="0.567236" total="16" passed="16" failed="0" warnings="0" inconclusive="0" skipped="0" asserts="16">
              <test-suite type="TestSuite" id="0-1460" name="Moderation" fullname="Content.Tests.Shared.Chat.V2.Moderation" runstate="Runnable" testcasecount="16" result="Passed" start-time="2026-04-19T05:01:06.1114516Z" end-time="2026-04-19T05:01:06.6786766Z" duration="0.567225" total="16" passed="16" failed="0" warnings="0" inconclusive="0" skipped="0" asserts="16">
                <test-suite type="TestFixture" id="0-1322" name="SimpleCensorTests" fullname="Content.Tests.Shared.Chat.V2.Moderation.SimpleCensorTests" classname="Content.Tests.Shared.Chat.V2.Moderation.SimpleCensorTests" runstate="Runnable" testcasecount="16" result="Passed" start-time="2026-04-19T05:01:06.6615171Z" end-time="2026-04-19T05:01:06.6786682Z" duration="0.017151" total="16" passed="16" failed="0" warnings="0" inconclusive="0" skipped="0" asserts="16">
                  <test-case id="0-1327" name="CanCatchCapitalizedWords" fullname="Content.Tests.Shared.Chat.V2.Moderation.SimpleCensorTests.CanCatchCapitalizedWords" methodname="CanCatchCapitalizedWords" classname="Content.Tests.Shared.Chat.V2.Moderation.SimpleCensorTests" runstate="Runnable" seed="1205783953" result="Passed" start-time="2026-04-19T05:01:06.6615740Z" end-time="2026-04-19T05:01:06.6707372Z" duration="0.009163" asserts="1" />
                  <test-case id="0-1332" name="CanCatchLeetspeakReplacementsWithMoreThanOneLetter" fullname="Content.Tests.Shared.Chat.V2.Moderation.SimpleCensorTests.CanCatchLeetspeakReplacementsWithMoreThanOneLetter" methodname="CanCatchLeetspeakReplacementsWithMoreThanOneLetter" classname="Content.Tests.Shared.Chat.V2.Moderation.SimpleCensorTests" runstate="Runnable" seed="1983263376" result="Passed" start-time="2026-04-19T05:01:06.6707826Z" end-time="2026-04-19T05:01:06.6757249Z" duration="0.004942" asserts="1" />
                  <test-case id="0-1329" name="CanCatchWordsHiddenInsideOtherWords" fullname="Content.Tests.Shared.Chat.V2.Moderation.SimpleCensorTests.CanCatchWordsHiddenInsideOtherWords" methodname="CanCatchWordsHiddenInsideOtherWords" classname="Content.Tests.Shared.Chat.V2.Moderation.SimpleCensorTests" runstate="Runnable" seed="796613381" result="Passed" start-time="2026-04-19T05:01:06.6757662Z" end-time="2026-04-19T05:01:06.6759557Z" duration="0.000190" asserts="1" />
                  <test-case id="0-1328" name="CanCatchWordsWithSomeCaptialsInThem" fullname="Content.Tests.Shared.Chat.V2.Moderation.SimpleCensorTests.CanCatchWordsWithSomeCaptialsInThem" methodname="CanCatchWordsWithSomeCaptialsInThem" classname="Content.Tests.Shared.Chat.V2.Moderation.SimpleCensorTests" runstate="Runnable" seed="2002940254" result="Passed" start-time="2026-04-19T05:01:06.6759707Z" end-time="2026-04-19T05:01:06.6761211Z" duration="0.000150" asserts="1" />
                  <test-case id="0-1323" name="CanCensorASingleWord" fullname="Content.Tests.Shared.Chat.V2.Moderation.SimpleCensorTests.CanCensorASingleWord" methodname="CanCensorASingleWord" classname="Content.Tests.Shared.Chat.V2.Moderation.SimpleCensorTests" runstate="Runnable" seed="1716860158" result="Passed" start-time="2026-04-19T05:01:06.6761391Z" end-time="2026-04-19T05:01:06.6762814Z" duration="0.000142" asserts="1" />
                  <test-case id="0-1324" name="CanCensorMultipleWordInstances" fullname="Content.Tests.Shared.Chat.V2.Moderation.SimpleCensorTests.CanCensorMultipleWordInstances" methodname="CanCensorMultipleWordInstances" classname="Content.Tests.Shared.Chat.V2.Moderation.SimpleCensorTests" runstate="Runnable" seed="1395348328" result="Passed" start-time="2026-04-19T05:01:06.6762964Z" end-time="2026-04-19T05:01:06.6764497Z" duration="0.000153" asserts="1" />
                  <test-case id="0-1325" name="CanCensorMultipleWords" fullname="Content.Tests.Shared.Chat.V2.Moderation.SimpleCensorTests.CanCensorMultipleWords" methodname="CanCensorMultipleWords" classname="Content.Tests.Shared.Chat.V2.Moderation.SimpleCensorTests" runstate="Runnable" seed="1030481226" result="Passed" start-time="2026-04-19T05:01:06.6764654Z" end-time="2026-04-19T05:01:06.6766206Z" duration="0.000155" asserts="1" />
                  <test-case id="0-1338" name="CanHandleFalseNegatives" fullname="Content.Tests.Shared.Chat.V2.Moderation.SimpleCensorTests.CanHandleFalseNegatives" methodname="CanHandleFalseNegatives" classname="Content.Tests.Shared.Chat.V2.Moderation.SimpleCensorTests" runstate="Runnable" seed="996608040" result="Passed" start-time="2026-04-19T05:01:06.6766383Z" end-time="2026-04-19T05:01:06.6769311Z" duration="0.000289" asserts="1" />
                  <test-case id="0-1337" name="CanHandleFalsePositives" fullname="Content.Tests.Shared.Chat.V2.Moderation.SimpleCensorTests.CanHandleFalsePositives" methodname="CanHandleFalsePositives" classname="Content.Tests.Shared.Chat.V2.Moderation.SimpleCensorTests" runstate="Runnable" seed="1643537701" result="Passed" start-time="2026-04-19T05:01:06.6769466Z" end-time="2026-04-19T05:01:06.6771090Z" duration="0.000162" asserts="1" />
                  <test-case id="0-1330" name="CanSanitizeLeetspeak" fullname="Content.Tests.Shared.Chat.V2.Moderation.SimpleCensorTests.CanSanitizeLeetspeak" methodname="CanSanitizeLeetspeak" classname="Content.Tests.Shared.Chat.V2.Moderation.SimpleCensorTests" runstate="Runnable" seed="72760272" result="Passed" start-time="2026-04-19T05:01:06.6771232Z" end-time="2026-04-19T05:01:06.6772823Z" duration="0.000159" asserts="1" />
                  <test-case id="0-1326" name="CanUseDifferentCensorSymbols" fullname="Content.Tests.Shared.Chat.V2.Moderation.SimpleCensorTests.CanUseDifferentCensorSymbols" methodname="CanUseDifferentCensorSymbols" classname="Content.Tests.Shared.Chat.V2.Moderation.SimpleCensorTests" runstate="Runnable" seed="1287551731" result="Passed" start-time="2026-04-19T05:01:06.6772981Z" end-time="2026-04-19T05:01:06.6774365Z" duration="0.000139" asserts="1" />
                  <test-case id="0-1333" name="DoesNotSanitizeOutUncensoredSpecialCharacters" fullname="Content.Tests.Shared.Chat.V2.Moderation.SimpleCensorTests.DoesNotSanitizeOutUncensoredSpecialCharacters" methodname="DoesNotSanitizeOutUncensoredSpecialCharacters" classname="Content.Tests.Shared.Chat.V2.Moderation.SimpleCensorTests" runstate="Runnable" seed="672024014" result="Passed" start-time="2026-04-19T05:01:06.6774512Z" end-time="2026-04-19T05:01:06.6777643Z" duration="0.000313" asserts="1" />
                  <test-case id="0-1334" name="DoesSanitizeOutCensoredSpecialCharacters" fullname="Content.Tests.Shared.Chat.V2.Moderation.SimpleCensorTests.DoesSanitizeOutCensoredSpecialCharacters" methodname="DoesSanitizeOutCensoredSpecialCharacters" classname="Content.Tests.Shared.Chat.V2.Moderation.SimpleCensorTests" runstate="Runnable" seed="1123717410" result="Passed" start-time="2026-04-19T05:01:06.6777808Z" end-time="2026-04-19T05:01:06.6779956Z" duration="0.000215" asserts="1" />
                  <test-case id="0-1335" name="SanitizesOutNonLatinCharaters" fullname="Content.Tests.Shared.Chat.V2.Moderation.SimpleCensorTests.SanitizesOutNonLatinCharaters" methodname="SanitizesOutNonLatinCharaters" classname="Content.Tests.Shared.Chat.V2.Moderation.SimpleCensorTests" runstate="Runnable" seed="1941805496" result="Passed" start-time="2026-04-19T05:01:06.6780114Z" end-time="2026-04-19T05:01:06.6782814Z" duration="0.000270" asserts="1" />
                  <test-case id="0-1336" name="SanitizesOutNonLatinOrCyrillicCharaters" fullname="Content.Tests.Shared.Chat.V2.Moderation.SimpleCensorTests.SanitizesOutNonLatinOrCyrillicCharaters" methodname="SanitizesOutNonLatinOrCyrillicCharaters" classname="Content.Tests.Shared.Chat.V2.Moderation.SimpleCensorTests" runstate="Runnable" seed="1771834469" result="Passed" start-time="2026-04-19T05:01:06.6782980Z" end-time="2026-04-19T05:01:06.6784695Z" duration="0.000172" asserts="1" />
                  <test-case id="0-1331" name="SanitizingLeetspeakOnlyOccursWhenTheWordIsBlocked" fullname="Content.Tests.Shared.Chat.V2.Moderation.SimpleCensorTests.SanitizingLeetspeakOnlyOccursWhenTheWordIsBlocked" methodname="SanitizingLeetspeakOnlyOccursWhenTheWordIsBlocked" classname="Content.Tests.Shared.Chat.V2.Moderation.SimpleCensorTests" runstate="Runnable" seed="2088995380" result="Passed" start-time="2026-04-19T05:01:06.6784852Z" end-time="2026-04-19T05:01:06.6786434Z" duration="0.000158" asserts="1" />
                </test-suite>
              </test-suite>
            </test-suite>
          </test-suite>
          <test-suite type="TestFixture" id="0-1003" name="DirectionRandomizerTest" fullname="Content.Tests.Shared.DirectionRandomizerTest" classname="Content.Tests.Shared.DirectionRandomizerTest" runstate="Runnable" testcasecount="3" result="Passed" start-time="2026-04-19T05:01:32.7384247Z" end-time="2026-04-19T05:01:32.7810137Z" duration="0.042589" total="3" passed="3" failed="0" warnings="0" inconclusive="0" skipped="0" asserts="3">
            <properties>
              <property name="ParallelScope" value="Self" />
            </properties>
            <test-suite type="ParameterizedMethod" id="0-1007" name="TestRandomization" fullname="Content.Tests.Shared.DirectionRandomizerTest.TestRandomization" classname="Content.Tests.Shared.DirectionRandomizerTest" runstate="Runnable" testcasecount="3" result="Passed" start-time="2026-04-19T05:01:32.7579766Z" end-time="2026-04-19T05:01:32.7808234Z" duration="0.022846" total="3" passed="3" failed="0" warnings="0" inconclusive="0" skipped="0" asserts="3">
              <test-case id="0-1004" name="TestRandomization([East, NorthEast, West, NorthWest, South, ...])" fullname="Content.Tests.Shared.DirectionRandomizerTest.TestRandomization([East, NorthEast, West, NorthWest, South, ...])" methodname="TestRandomization" classname="Content.Tests.Shared.DirectionRandomizerTest" runstate="Runnable" seed="553620642" result="Passed" start-time="2026-04-19T05:01:32.7580268Z" end-time="2026-04-19T05:01:32.7739582Z" duration="0.015932" asserts="1" />
              <test-case id="0-1005" name="TestRandomization([East, West, South, North])" fullname="Content.Tests.Shared.DirectionRandomizerTest.TestRandomization([East, West, South, North])" methodname="TestRandomization" classname="Content.Tests.Shared.DirectionRandomizerTest" runstate="Runnable" seed="1601676739" result="Passed" start-time="2026-04-19T05:01:32.7741966Z" end-time="2026-04-19T05:01:32.7753892Z" duration="0.001193" asserts="1" />
              <test-case id="0-1006" name="TestRandomization([East, West])" fullname="Content.Tests.Shared.DirectionRandomizerTest.TestRandomization([East, West])" methodname="TestRandomization" classname="Content.Tests.Shared.DirectionRandomizerTest" runstate="Runnable" seed="68772775" result="Passed" start-time="2026-04-19T05:01:32.7790675Z" end-time="2026-04-19T05:01:32.7807303Z" duration="0.001660" asserts="1" />
            </test-suite>
          </test-suite>
          <test-suite type="TestSuite" id="0-1456" name="Gamestates" fullname="Content.Tests.Shared.Gamestates" runstate="Runnable" testcasecount="1" result="Passed" start-time="2026-04-19T05:01:06.1114731Z" end-time="2026-04-19T05:01:33.5929610Z" duration="27.481488" total="1" passed="1" failed="0" warnings="0" inconclusive="0" skipped="0" asserts="0">
            <test-suite type="TestFixture" id="0-1212" name="ComponentStateNullTest" fullname="Content.Tests.Shared.Gamestates.ComponentStateNullTest" classname="Content.Tests.Shared.Gamestates.ComponentStateNullTest" runstate="Runnable" testcasecount="1" result="Passed" start-time="2026-04-19T05:01:32.7810286Z" end-time="2026-04-19T05:01:33.5901556Z" duration="0.809127" total="1" passed="1" failed="0" warnings="0" inconclusive="0" skipped="0" asserts="0">
              <test-case id="0-1213" name="HandleComponentState_NullStates_NotThrow" fullname="Content.Tests.Shared.Gamestates.ComponentStateNullTest.HandleComponentState_NullStates_NotThrow" methodname="HandleComponentState_NullStates_NotThrow" classname="Content.Tests.Shared.Gamestates.ComponentStateNullTest" runstate="Runnable" seed="2034358427" result="Passed" start-time="2026-04-19T05:01:32.7811934Z" end-time="2026-04-19T05:01:33.5900815Z" duration="0.808889" asserts="0" />
            </test-suite>
          </test-suite>
          <test-suite type="TestSuite" id="0-1455" name="Localizations" fullname="Content.Tests.Shared.Localizations" runstate="Runnable" testcasecount="14" result="Passed" start-time="2026-04-19T05:01:06.1114878Z" end-time="2026-04-19T05:01:33.6895719Z" duration="27.578084" total="14" passed="14" failed="0" warnings="0" inconclusive="0" skipped="0" asserts="28">
            <test-suite type="TestFixture" id="0-1195" name="UserInputParserTest" fullname="Content.Tests.Shared.Localizations.UserInputParserTest" classname="Content.Tests.Shared.Localizations.UserInputParserTest" runstate="Runnable" testcasecount="14" result="Passed" start-time="2026-04-19T05:01:33.5979665Z" end-time="2026-04-19T05:01:33.6895501Z" duration="0.091583" total="14" passed="14" failed="0" warnings="0" inconclusive="0" skipped="0" asserts="28">
              <test-suite type="ParameterizedMethod" id="0-1211" name="TryDoubleTest" fullname="Content.Tests.Shared.Localizations.UserInputParserTest.TryDoubleTest" classname="Content.Tests.Shared.Localizations.UserInputParserTest" runstate="Runnable" testcasecount="7" result="Passed" start-time="2026-04-19T05:01:33.6143411Z" end-time="2026-04-19T05:01:33.6878253Z" duration="0.073484" total="7" passed="7" failed="0" warnings="0" inconclusive="0" skipped="0" asserts="14">
                <test-case id="0-1204" name="TryDoubleTest(&quot;1234.56&quot;,1234.56d,True)" fullname="Content.Tests.Shared.Localizations.UserInputParserTest.TryDoubleTest(&quot;1234.56&quot;,1234.56d,True)" methodname="TryDoubleTest" classname="Content.Tests.Shared.Localizations.UserInputParserTest" runstate="Runnable" seed="973974826" result="Passed" start-time="2026-04-19T05:01:33.6209702Z" end-time="2026-04-19T05:01:33.6320977Z" duration="0.011128" asserts="2" />
                <test-case id="0-1205" name="TryDoubleTest(&quot;1234,56&quot;,1234.56d,True)" fullname="Content.Tests.Shared.Localizations.UserInputParserTest.TryDoubleTest(&quot;1234,56&quot;,1234.56d,True)" methodname="TryDoubleTest" classname="Content.Tests.Shared.Localizations.UserInputParserTest" runstate="Runnable" seed="1209827003" result="Passed" start-time="2026-04-19T05:01:33.6447619Z" end-time="2026-04-19T05:01:33.6455082Z" duration="0.000746" asserts="2" />
                <test-case id="0-1206" name="TryDoubleTest(&quot; +1234.56 &quot;,1234.56d,True)" fullname="Content.Tests.Shared.Localizations.UserInputParserTest.TryDoubleTest(&quot; +1234.56 &quot;,1234.56d,True)" methodname="TryDoubleTest" classname="Content.Tests.Shared.Localizations.UserInputParserTest" runstate="Runnable" seed="1462094228" result="Passed" start-time="2026-04-19T05:01:33.6509530Z" end-time="2026-04-19T05:01:33.6510169Z" duration="0.000064" asserts="2" />
                <test-case id="0-1207" name="TryDoubleTest(&quot; -1234.56 &quot;,-1234.56d,True)" fullname="Content.Tests.Shared.Localizations.UserInputParserTest.TryDoubleTest(&quot; -1234.56 &quot;,-1234.56d,True)" methodname="TryDoubleTest" classname="Content.Tests.Shared.Localizations.UserInputParserTest" runstate="Runnable" seed="870334506" result="Passed" start-time="2026-04-19T05:01:33.6623144Z" end-time="2026-04-19T05:01:33.6623858Z" duration="0.000071" asserts="2" />
                <test-case id="0-1208" name="TryDoubleTest(&quot;1234.56e7&quot;,0.0d,False)" fullname="Content.Tests.Shared.Localizations.UserInputParserTest.TryDoubleTest(&quot;1234.56e7&quot;,0.0d,False)" methodname="TryDoubleTest" classname="Content.Tests.Shared.Localizations.UserInputParserTest" runstate="Runnable" seed="1946544240" result="Passed" start-time="2026-04-19T05:01:33.6748444Z" end-time="2026-04-19T05:01:33.6749523Z" duration="0.000108" asserts="2" />
                <test-case id="0-1209" name="TryDoubleTest(&quot;1,234.56&quot;,0.0d,False)" fullname="Content.Tests.Shared.Localizations.UserInputParserTest.TryDoubleTest(&quot;1,234.56&quot;,0.0d,False)" methodname="TryDoubleTest" classname="Content.Tests.Shared.Localizations.UserInputParserTest" runstate="Runnable" seed="885586421" result="Passed" start-time="2026-04-19T05:01:33.6875578Z" end-time="2026-04-19T05:01:33.6877700Z" duration="0.000212" asserts="2" />
                <test-case id="0-1210" name="TryDoubleTest(&quot;1 234,56&quot;,0.0d,False)" fullname="Content.Tests.Shared.Localizations.UserInputParserTest.TryDoubleTest(&quot;1 234,56&quot;,0.0d,False)" methodname="TryDoubleTest" classname="Content.Tests.Shared.Localizations.UserInputParserTest" runstate="Runnable" seed="476695603" result="Passed" start-time="2026-04-19T05:01:33.6877856Z" end-time="2026-04-19T05:01:33.6878077Z" duration="0.000022" asserts="2" />
              </test-suite>
              <test-suite type="ParameterizedMethod" id="0-1203" name="TryFloatTest" fullname="Content.Tests.Shared.Localizations.UserInputParserTest.TryFloatTest" classname="Content.Tests.Shared.Localizations.UserInputParserTest" runstate="Runnable" testcasecount="7" result="Passed" start-time="2026-04-19T05:01:33.6878524Z" end-time="2026-04-19T05:01:33.6895301Z" duration="0.001678" total="7" passed="7" failed="0" warnings="0" inconclusive="0" skipped="0" asserts="14">
                <test-case id="0-1196" name="TryFloatTest(&quot;1234.56&quot;,1234.56f,True)" fullname="Content.Tests.Shared.Localizations.UserInputParserTest.TryFloatTest(&quot;1234.56&quot;,1234.56f,True)" methodname="TryFloatTest" classname="Content.Tests.Shared.Localizations.UserInputParserTest" runstate="Runnable" seed="1578982744" result="Passed" start-time="2026-04-19T05:01:33.6878825Z" end-time="2026-04-19T05:01:33.6886062Z" duration="0.000724" asserts="2" />
                <test-case id="0-1197" name="TryFloatTest(&quot;1234,56&quot;,1234.56f,True)" fullname="Content.Tests.Shared.Localizations.UserInputParserTest.TryFloatTest(&quot;1234,56&quot;,1234.56f,True)" methodname="TryFloatTest" classname="Content.Tests.Shared.Localizations.UserInputParserTest" runstate="Runnable" seed="936837663" result="Passed" start-time="2026-04-19T05:01:33.6886246Z" end-time="2026-04-19T05:01:33.6891184Z" duration="0.000494" asserts="2" />
                <test-case id="0-1198" name="TryFloatTest(&quot; +1234.56 &quot;,1234.56f,True)" fullname="Content.Tests.Shared.Localizations.UserInputParserTest.TryFloatTest(&quot; +1234.56 &quot;,1234.56f,True)" methodname="TryFloatTest" classname="Content.Tests.Shared.Localizations.UserInputParserTest" runstate="Runnable" seed="1636703902" result="Passed" start-time="2026-04-19T05:01:33.6892741Z" end-time="2026-04-19T05:01:33.6894122Z" duration="0.000138" asserts="2" />
                <test-case id="0-1199" name="TryFloatTest(&quot; -1234.56 &quot;,-1234.56f,True)" fullname="Content.Tests.Shared.Localizations.UserInputParserTest.TryFloatTest(&quot; -1234.56 &quot;,-1234.56f,True)" methodname="TryFloatTest" classname="Content.Tests.Shared.Localizations.UserInputParserTest" runstate="Runnable" seed="972560869" result="Passed" start-time="2026-04-19T05:01:33.6894269Z" end-time="2026-04-19T05:01:33.6894433Z" duration="0.000016" asserts="2" />
                <test-case id="0-1200" name="TryFloatTest(&quot;1234.56e7&quot;,0.0f,False)" fullname="Content.Tests.Shared.Localizations.UserInputParserTest.TryFloatTest(&quot;1234.56e7&quot;,0.0f,False)" methodname="TryFloatTest" classname="Content.Tests.Shared.Localizations.UserInputParserTest" runstate="Runnable" seed="422172668" result="Passed" start-time="2026-04-19T05:01:33.6894502Z" end-time="2026-04-19T05:01:33.6894782Z" duration="0.000028" asserts="2" />
                <test-case id="0-1201" name="TryFloatTest(&quot;1,234.56&quot;,0.0f,False)" fullname="Content.Tests.Shared.Localizations.UserInputParserTest.TryFloatTest(&quot;1,234.56&quot;,0.0f,False)" methodname="TryFloatTest" classname="Content.Tests.Shared.Localizations.UserInputParserTest" runstate="Runnable" seed="848477070" result="Passed" start-time="2026-04-19T05:01:33.6894850Z" end-time="2026-04-19T05:01:33.6894976Z" duration="0.000013" asserts="2" />
                <test-case id="0-1202" name="TryFloatTest(&quot;1 234,56&quot;,0.0f,False)" fullname="Content.Tests.Shared.Localizations.UserInputParserTest.TryFloatTest(&quot;1 234,56&quot;,0.0f,False)" methodname="TryFloatTest" classname="Content.Tests.Shared.Localizations.UserInputParserTest" runstate="Runnable" seed="475272564" result="Passed" start-time="2026-04-19T05:01:33.6895044Z" end-time="2026-04-19T05:01:33.6895193Z" duration="0.000015" asserts="2" />
              </test-suite>
            </test-suite>
          </test-suite>
          <test-suite type="TestSuite" id="0-1457" name="Chemistry" fullname="Content.Tests.Shared.Chemistry" runstate="Runnable" testcasecount="86" result="Passed" start-time="2026-04-19T05:01:06.1114602Z" end-time="2026-04-19T05:01:38.1599763Z" duration="32.048516" total="86" passed="86" failed="0" warnings="0" inconclusive="0" skipped="0" asserts="154">
            <test-suite type="TestFixture" id="0-1214" name="FixedPoint2_Tests" fullname="Content.Tests.Shared.Chemistry.FixedPoint2_Tests" classname="Content.Tests.Shared.Chemistry.FixedPoint2_Tests" runstate="Runnable" testcasecount="50" result="Passed" start-time="2026-04-19T05:01:06.6787004Z" end-time="2026-04-19T05:01:06.6933426Z" duration="0.014642" total="50" passed="50" failed="0" warnings="0" inconclusive="0" skipped="0" asserts="56">
              <properties>
                <property name="TestOf" value="Content.Shared.FixedPoint.FixedPoint2" />
                <property name="ParallelScope" value="Self" />
              </properties>
              <test-suite type="ParameterizedMethod" id="0-1237" name="ArithmeticAddition" fullname="Content.Tests.Shared.Chemistry.FixedPoint2_Tests.ArithmeticAddition" classname="Content.Tests.Shared.Chemistry.FixedPoint2_Tests" runstate="Runnable" testcasecount="2" result="Passed" start-time="2026-04-19T05:01:06.6788744Z" end-time="2026-04-19T05:01:06.6803802Z" duration="0.001506" total="2" passed="2" failed="0" warnings="0" inconclusive="0" skipped="0" asserts="2">
                <test-case id="0-1235" name="ArithmeticAddition(1,1,&quot;2&quot;)" fullname="Content.Tests.Shared.Chemistry.FixedPoint2_Tests.ArithmeticAddition(1,1,&quot;2&quot;)" methodname="ArithmeticAddition" classname="Content.Tests.Shared.Chemistry.FixedPoint2_Tests" runstate="Runnable" seed="1268136491" result="Passed" start-time="2026-04-19T05:01:06.6789003Z" end-time="2026-04-19T05:01:06.6799457Z" duration="0.001046" asserts="1" />
                <test-case id="0-1236" name="ArithmeticAddition(1.05f,1,&quot;2.05&quot;)" fullname="Content.Tests.Shared.Chemistry.FixedPoint2_Tests.ArithmeticAddition(1.05f,1,&quot;2.05&quot;)" methodname="ArithmeticAddition" classname="Content.Tests.Shared.Chemistry.FixedPoint2_Tests" runstate="Runnable" seed="347612767" result="Passed" start-time="2026-04-19T05:01:06.6799629Z" end-time="2026-04-19T05:01:06.6803626Z" duration="0.000400" asserts="1" />
              </test-suite>
              <test-suite type="ParameterizedMethod" id="0-1245" name="ArithmeticDivision" fullname="Content.Tests.Shared.Chemistry.FixedPoint2_Tests.ArithmeticDivision" classname="Content.Tests.Shared.Chemistry.FixedPoint2_Tests" runstate="Runnable" testcasecount="4" result="Passed" start-time="2026-04-19T05:01:06.6803957Z" end-time="2026-04-19T05:01:06.6810636Z" duration="0.000668" total="4" passed="4" failed="0" warnings="0" inconclusive="0" skipped="0" asserts="4">
                <test-case id="0-1241" name="ArithmeticDivision(1.001f,3.0f,&quot;0.33&quot;)" fullname="Content.Tests.Shared.Chemistry.FixedPoint2_Tests.ArithmeticDivision(1.001f,3.0f,&quot;0.33&quot;)" methodname="ArithmeticDivision" classname="Content.Tests.Shared.Chemistry.FixedPoint2_Tests" runstate="Runnable" seed="1792312871" result="Passed" start-time="2026-04-19T05:01:06.6804126Z" end-time="2026-04-19T05:01:06.6806540Z" duration="0.000242" asserts="1" />
                <test-case id="0-1242" name="ArithmeticDivision(0.999f,3.0f,&quot;0.33&quot;)" fullname="Content.Tests.Shared.Chemistry.FixedPoint2_Tests.ArithmeticDivision(0.999f,3.0f,&quot;0.33&quot;)" methodname="ArithmeticDivision" classname="Content.Tests.Shared.Chemistry.FixedPoint2_Tests" runstate="Runnable" seed="741158419" result="Passed" start-time="2026-04-19T05:01:06.6806706Z" end-time="2026-04-19T05:01:06.6810118Z" duration="0.000341" asserts="1" />
                <test-case id="0-1243" name="ArithmeticDivision(2.1f,3.0f,&quot;0.7&quot;)" fullname="Content.Tests.Shared.Chemistry.FixedPoint2_Tests.ArithmeticDivision(2.1f,3.0f,&quot;0.7&quot;)" methodname="ArithmeticDivision" classname="Content.Tests.Shared.Chemistry.FixedPoint2_Tests" runstate="Runnable" seed="40257064" result="Passed" start-time="2026-04-19T05:01:06.6810286Z" end-time="2026-04-19T05:01:06.6810424Z" duration="0.000014" asserts="1" />
                <test-case id="0-1244" name="ArithmeticDivision(0.03f,2.0f,&quot;0.01&quot;)" fullname="Content.Tests.Shared.Chemistry.FixedPoint2_Tests.ArithmeticDivision(0.03f,2.0f,&quot;0.01&quot;)" methodname="ArithmeticDivision" classname="Content.Tests.Shared.Chemistry.FixedPoint2_Tests" runstate="Runnable" seed="2115507615" result="Passed" start-time="2026-04-19T05:01:06.6810496Z" end-time="2026-04-19T05:01:06.6810546Z" duration="0.000005" asserts="1" />
              </test-suite>
              <test-suite type="ParameterizedMethod" id="0-1251" name="ArithmeticDivisionFloat" fullname="Content.Tests.Shared.Chemistry.FixedPoint2_Tests.ArithmeticDivisionFloat" classname="Content.Tests.Shared.Chemistry.FixedPoint2_Tests" runstate="Runnable" testcasecount="5" result="Passed" start-time="2026-04-19T05:01:06.6810918Z" end-time="2026-04-19T05:01:06.6817209Z" duration="0.000629" total="5" passed="5" failed="0" warnings="0" inconclusive="0" skipped="0" asserts="5">
                <test-case id="0-1246" name="ArithmeticDivisionFloat(1.001f,3.0f,&quot;0.33&quot;)" fullname="Content.Tests.Shared.Chemistry.FixedPoint2_Tests.ArithmeticDivisionFloat(1.001f,3.0f,&quot;0.33&quot;)" methodname="ArithmeticDivisionFloat" classname="Content.Tests.Shared.Chemistry.FixedPoint2_Tests" runstate="Runnable" seed="1034029865" result="Passed" start-time="2026-04-19T05:01:06.6811054Z" end-time="2026-04-19T05:01:06.6813401Z" duration="0.000235" asserts="1" />
                <test-case id="0-1247" name="ArithmeticDivisionFloat(0.999f,3.0f,&quot;0.33&quot;)" fullname="Content.Tests.Shared.Chemistry.FixedPoint2_Tests.ArithmeticDivisionFloat(0.999f,3.0f,&quot;0.33&quot;)" methodname="ArithmeticDivisionFloat" classname="Content.Tests.Shared.Chemistry.FixedPoint2_Tests" runstate="Runnable" seed="1855121551" result="Passed" start-time="2026-04-19T05:01:06.6813565Z" end-time="2026-04-19T05:01:06.6816575Z" duration="0.000301" asserts="1" />
                <test-case id="0-1248" name="ArithmeticDivisionFloat(2.1f,3.0f,&quot;0.7&quot;)" fullname="Content.Tests.Shared.Chemistry.FixedPoint2_Tests.ArithmeticDivisionFloat(2.1f,3.0f,&quot;0.7&quot;)" methodname="ArithmeticDivisionFloat" classname="Content.Tests.Shared.Chemistry.FixedPoint2_Tests" runstate="Runnable" seed="90437127" result="Passed" start-time="2026-04-19T05:01:06.6816737Z" end-time="2026-04-19T05:01:06.6816862Z" duration="0.000012" asserts="1" />
                <test-case id="0-1249" name="ArithmeticDivisionFloat(0.03f,2.0f,&quot;0.01&quot;)" fullname="Content.Tests.Shared.Chemistry.FixedPoint2_Tests.ArithmeticDivisionFloat(0.03f,2.0f,&quot;0.01&quot;)" methodname="ArithmeticDivisionFloat" classname="Content.Tests.Shared.Chemistry.FixedPoint2_Tests" runstate="Runnable" seed="1146125567" result="Passed" start-time="2026-04-19T05:01:06.6816927Z" end-time="2026-04-19T05:01:06.6817008Z" duration="0.000008" asserts="1" />
                <test-case id="0-1250" name="ArithmeticDivisionFloat(1.0f,0.952381f,&quot;1.05&quot;)" fullname="Content.Tests.Shared.Chemistry.FixedPoint2_Tests.ArithmeticDivisionFloat(1.0f,0.952381f,&quot;1.05&quot;)" methodname="ArithmeticDivisionFloat" classname="Content.Tests.Shared.Chemistry.FixedPoint2_Tests" runstate="Runnable" seed="851084342" result="Passed" start-time="2026-04-19T05:01:06.6817074Z" end-time="2026-04-19T05:01:06.6817122Z" duration="0.000005" asserts="1" />
              </test-suite>
              <test-suite type="ParameterizedMethod" id="0-1254" name="ArithmeticMultiplication" fullname="Content.Tests.Shared.Chemistry.FixedPoint2_Tests.ArithmeticMultiplication" classname="Content.Tests.Shared.Chemistry.FixedPoint2_Tests" runstate="Runnable" testcasecount="2" result="Passed" start-time="2026-04-19T05:01:06.6817313Z" end-time="2026-04-19T05:01:06.6823826Z" duration="0.000651" total="2" passed="2" failed="0" warnings="0" inconclusive="0" skipped="0" asserts="2">
                <test-case id="0-1252" name="ArithmeticMultiplication(1,1,&quot;1&quot;)" fullname="Content.Tests.Shared.Chemistry.FixedPoint2_Tests.ArithmeticMultiplication(1,1,&quot;1&quot;)" methodname="ArithmeticMultiplication" classname="Content.Tests.Shared.Chemistry.FixedPoint2_Tests" runstate="Runnable" seed="1035562055" result="Passed" start-time="2026-04-19T05:01:06.6817442Z" end-time="2026-04-19T05:01:06.6820526Z" duration="0.000309" asserts="1" />
                <test-case id="0-1253" name="ArithmeticMultiplication(1,3.0f,&quot;3&quot;)" fullname="Content.Tests.Shared.Chemistry.FixedPoint2_Tests.ArithmeticMultiplication(1,3.0f,&quot;3&quot;)" methodname="ArithmeticMultiplication" classname="Content.Tests.Shared.Chemistry.FixedPoint2_Tests" runstate="Runnable" seed="792111646" result="Passed" start-time="2026-04-19T05:01:06.6820689Z" end-time="2026-04-19T05:01:06.6823666Z" duration="0.000298" asserts="1" />
              </test-suite>
              <test-suite type="ParameterizedMethod" id="0-1257" name="ArithmeticMultiplicationFloat" fullname="Content.Tests.Shared.Chemistry.FixedPoint2_Tests.ArithmeticMultiplicationFloat" classname="Content.Tests.Shared.Chemistry.FixedPoint2_Tests" runstate="Runnable" testcasecount="2" result="Passed" start-time="2026-04-19T05:01:06.6823963Z" end-time="2026-04-19T05:01:06.6829472Z" duration="0.000551" total="2" passed="2" failed="0" warnings="0" inconclusive="0" skipped="0" asserts="2">
                <test-case id="0-1255" name="ArithmeticMultiplicationFloat(1,1,&quot;1&quot;)" fullname="Content.Tests.Shared.Chemistry.FixedPoint2_Tests.ArithmeticMultiplicationFloat(1,1,&quot;1&quot;)" methodname="ArithmeticMultiplicationFloat" classname="Content.Tests.Shared.Chemistry.FixedPoint2_Tests" runstate="Runnable" seed="206792885" result="Passed" start-time="2026-04-19T05:01:06.6824118Z" end-time="2026-04-19T05:01:06.6826469Z" duration="0.000235" asserts="1" />
                <test-case id="0-1256" name="ArithmeticMultiplicationFloat(1,1.05f,&quot;1.05&quot;)" fullname="Content.Tests.Shared.Chemistry.FixedPoint2_Tests.ArithmeticMultiplicationFloat(1,1.05f,&quot;1.05&quot;)" methodname="ArithmeticMultiplicationFloat" classname="Content.Tests.Shared.Chemistry.FixedPoint2_Tests" runstate="Runnable" seed="2033533043" result="Passed" start-time="2026-04-19T05:01:06.6826638Z" end-time="2026-04-19T05:01:06.6829312Z" duration="0.000268" asserts="1" />
              </test-suite>
[...]
                <test-case id="0-1160" name="TestEqual(4,4,2)" fullname="Content.Tests.Shared.Utility.ContentHelpers_Test.TestEqual(4,4,2)" methodname="TestEqual" classname="Content.Tests.Shared.Utility.ContentHelpers_Test" runstate="Runnable" seed="413003747" result="Passed" start-time="2026-04-19T05:01:39.1333094Z" end-time="2026-04-19T05:01:39.1333163Z" duration="0.000007" asserts="1" />
                <test-case id="0-1161" name="TestEqual(0,5,3)" fullname="Content.Tests.Shared.Utility.ContentHelpers_Test.TestEqual(0,5,3)" methodname="TestEqual" classname="Content.Tests.Shared.Utility.ContentHelpers_Test" runstate="Runnable" seed="1653096124" result="Passed" start-time="2026-04-19T05:01:39.1333243Z" end-time="2026-04-19T05:01:39.1333320Z" duration="0.000008" asserts="1" />
                <test-case id="0-1162" name="TestEqual(1,5,3)" fullname="Content.Tests.Shared.Utility.ContentHelpers_Test.TestEqual(1,5,3)" methodname="TestEqual" classname="Content.Tests.Shared.Utility.ContentHelpers_Test" runstate="Runnable" seed="2064490056" result="Passed" start-time="2026-04-19T05:01:39.1333395Z" end-time="2026-04-19T05:01:39.1333462Z" duration="0.000007" asserts="1" />
                <test-case id="0-1163" name="TestEqual(2,5,3)" fullname="Content.Tests.Shared.Utility.ContentHelpers_Test.TestEqual(2,5,3)" methodname="TestEqual" classname="Content.Tests.Shared.Utility.ContentHelpers_Test" runstate="Runnable" seed="1769394703" result="Passed" start-time="2026-04-19T05:01:39.1333613Z" end-time="2026-04-19T05:01:39.1333685Z" duration="0.000007" asserts="1" />
                <test-case id="0-1164" name="TestEqual(3,5,3)" fullname="Content.Tests.Shared.Utility.ContentHelpers_Test.TestEqual(3,5,3)" methodname="TestEqual" classname="Content.Tests.Shared.Utility.ContentHelpers_Test" runstate="Runnable" seed="343607167" result="Passed" start-time="2026-04-19T05:01:39.1333762Z" end-time="2026-04-19T05:01:39.1333828Z" duration="0.000007" asserts="1" />
                <test-case id="0-1165" name="TestEqual(4,5,3)" fullname="Content.Tests.Shared.Utility.ContentHelpers_Test.TestEqual(4,5,3)" methodname="TestEqual" classname="Content.Tests.Shared.Utility.ContentHelpers_Test" runstate="Runnable" seed="654573" result="Passed" start-time="2026-04-19T05:01:39.1333904Z" end-time="2026-04-19T05:01:39.1333971Z" duration="0.000007" asserts="1" />
                <test-case id="0-1166" name="TestEqual(0,7,3)" fullname="Content.Tests.Shared.Utility.ContentHelpers_Test.TestEqual(0,7,3)" methodname="TestEqual" classname="Content.Tests.Shared.Utility.ContentHelpers_Test" runstate="Runnable" seed="264497447" result="Passed" start-time="2026-04-19T05:01:39.1334046Z" end-time="2026-04-19T05:01:39.1334113Z" duration="0.000007" asserts="1" />
                <test-case id="0-1167" name="TestEqual(1,7,3)" fullname="Content.Tests.Shared.Utility.ContentHelpers_Test.TestEqual(1,7,3)" methodname="TestEqual" classname="Content.Tests.Shared.Utility.ContentHelpers_Test" runstate="Runnable" seed="2079123378" result="Passed" start-time="2026-04-19T05:01:39.1334191Z" end-time="2026-04-19T05:01:39.1334263Z" duration="0.000007" asserts="1" />
                <test-case id="0-1168" name="TestEqual(2,7,3)" fullname="Content.Tests.Shared.Utility.ContentHelpers_Test.TestEqual(2,7,3)" methodname="TestEqual" classname="Content.Tests.Shared.Utility.ContentHelpers_Test" runstate="Runnable" seed="1395754269" result="Passed" start-time="2026-04-19T05:01:39.1334435Z" end-time="2026-04-19T05:01:39.1334521Z" duration="0.000009" asserts="1" />
                <test-case id="0-1169" name="TestEqual(3,7,3)" fullname="Content.Tests.Shared.Utility.ContentHelpers_Test.TestEqual(3,7,3)" methodname="TestEqual" classname="Content.Tests.Shared.Utility.ContentHelpers_Test" runstate="Runnable" seed="903059040" result="Passed" start-time="2026-04-19T05:01:39.1334596Z" end-time="2026-04-19T05:01:39.1334664Z" duration="0.000007" asserts="1" />
                <test-case id="0-1170" name="TestEqual(4,7,3)" fullname="Content.Tests.Shared.Utility.ContentHelpers_Test.TestEqual(4,7,3)" methodname="TestEqual" classname="Content.Tests.Shared.Utility.ContentHelpers_Test" runstate="Runnable" seed="101510468" result="Passed" start-time="2026-04-19T05:01:39.1334741Z" end-time="2026-04-19T05:01:39.1334809Z" duration="0.000007" asserts="1" />
                <test-case id="0-1171" name="TestEqual(5,7,3)" fullname="Content.Tests.Shared.Utility.ContentHelpers_Test.TestEqual(5,7,3)" methodname="TestEqual" classname="Content.Tests.Shared.Utility.ContentHelpers_Test" runstate="Runnable" seed="1855207268" result="Passed" start-time="2026-04-19T05:01:39.1334882Z" end-time="2026-04-19T05:01:39.1334946Z" duration="0.000006" asserts="1" />
                <test-case id="0-1172" name="TestEqual(6,7,3)" fullname="Content.Tests.Shared.Utility.ContentHelpers_Test.TestEqual(6,7,3)" methodname="TestEqual" classname="Content.Tests.Shared.Utility.ContentHelpers_Test" runstate="Runnable" seed="208424426" result="Passed" start-time="2026-04-19T05:01:39.1335014Z" end-time="2026-04-19T05:01:39.1335131Z" duration="0.000012" asserts="1" />
                <test-case id="0-1173" name="TestEqual(7,7,3)" fullname="Content.Tests.Shared.Utility.ContentHelpers_Test.TestEqual(7,7,3)" methodname="TestEqual" classname="Content.Tests.Shared.Utility.ContentHelpers_Test" runstate="Runnable" seed="653572536" result="Passed" start-time="2026-04-19T05:01:39.1335287Z" end-time="2026-04-19T05:01:39.1335348Z" duration="0.000006" asserts="1" />
                <test-case id="0-1174" name="TestEqual(0.1d,6,5)" fullname="Content.Tests.Shared.Utility.ContentHelpers_Test.TestEqual(0.1d,6,5)" methodname="TestEqual" classname="Content.Tests.Shared.Utility.ContentHelpers_Test" runstate="Runnable" seed="272830672" result="Passed" start-time="2026-04-19T05:01:39.1335421Z" end-time="2026-04-19T05:01:39.1335570Z" duration="0.000015" asserts="1" />
                <test-case id="0-1175" name="TestEqual(-32,6,5)" fullname="Content.Tests.Shared.Utility.ContentHelpers_Test.TestEqual(-32,6,5)" methodname="TestEqual" classname="Content.Tests.Shared.Utility.ContentHelpers_Test" runstate="Runnable" seed="338426532" result="Passed" start-time="2026-04-19T05:01:39.1335642Z" end-time="2026-04-19T05:01:39.1335704Z" duration="0.000006" asserts="1" />
                <test-case id="0-1176" name="TestEqual(2.4d,6,5)" fullname="Content.Tests.Shared.Utility.ContentHelpers_Test.TestEqual(2.4d,6,5)" methodname="TestEqual" classname="Content.Tests.Shared.Utility.ContentHelpers_Test" runstate="Runnable" seed="1675139224" result="Passed" start-time="2026-04-19T05:01:39.1335833Z" end-time="2026-04-19T05:01:39.1335894Z" duration="0.000006" asserts="1" />
                <test-case id="0-1177" name="TestEqual(2.5d,6,5)" fullname="Content.Tests.Shared.Utility.ContentHelpers_Test.TestEqual(2.5d,6,5)" methodname="TestEqual" classname="Content.Tests.Shared.Utility.ContentHelpers_Test" runstate="Runnable" seed="1754826895" result="Passed" start-time="2026-04-19T05:01:39.1335970Z" end-time="2026-04-19T05:01:39.1336038Z" duration="0.000007" asserts="1" />
                <test-case id="0-1178" name="TestEqual(320,6,5)" fullname="Content.Tests.Shared.Utility.ContentHelpers_Test.TestEqual(320,6,5)" methodname="TestEqual" classname="Content.Tests.Shared.Utility.ContentHelpers_Test" runstate="Runnable" seed="393468046" result="Passed" start-time="2026-04-19T05:01:39.1336112Z" end-time="2026-04-19T05:01:39.1336289Z" duration="0.000018" asserts="1" />
              </test-suite>
              <test-suite type="ParameterizedMethod" id="0-1142" name="TestNearest" fullname="Content.Tests.Shared.Utility.ContentHelpers_Test.TestNearest" classname="Content.Tests.Shared.Utility.ContentHelpers_Test" runstate="Runnable" testcasecount="25" result="Passed" start-time="2026-04-19T05:01:39.1336588Z" end-time="2026-04-19T05:01:39.1345336Z" duration="0.000875" total="25" passed="25" failed="0" warnings="0" inconclusive="0" skipped="0" asserts="25">
                <properties>
                  <property name="ParallelScope" value="Self" />
                </properties>
                <test-case id="0-1117" name="TestNearest((0, 5, 2, 0))" fullname="Content.Tests.Shared.Utility.ContentHelpers_Test.TestNearest((0, 5, 2, 0))" methodname="TestNearest" classname="Content.Tests.Shared.Utility.ContentHelpers_Test" runstate="Runnable" seed="40898103" result="Passed" start-time="2026-04-19T05:01:39.1336813Z" end-time="2026-04-19T05:01:39.1339716Z" duration="0.000291" asserts="1" />
                <test-case id="0-1118" name="TestNearest((1, 5, 2, 0))" fullname="Content.Tests.Shared.Utility.ContentHelpers_Test.TestNearest((1, 5, 2, 0))" methodname="TestNearest" classname="Content.Tests.Shared.Utility.ContentHelpers_Test" runstate="Runnable" seed="1091323070" result="Passed" start-time="2026-04-19T05:01:39.1339903Z" end-time="2026-04-19T05:01:39.1341796Z" duration="0.000189" asserts="1" />
                <test-case id="0-1119" name="TestNearest((2, 5, 2, 1))" fullname="Content.Tests.Shared.Utility.ContentHelpers_Test.TestNearest((2, 5, 2, 1))" methodname="TestNearest" classname="Content.Tests.Shared.Utility.ContentHelpers_Test" runstate="Runnable" seed="559925891" result="Passed" start-time="2026-04-19T05:01:39.1341983Z" end-time="2026-04-19T05:01:39.1342221Z" duration="0.000024" asserts="1" />
                <test-case id="0-1120" name="TestNearest((3, 5, 2, 1))" fullname="Content.Tests.Shared.Utility.ContentHelpers_Test.TestNearest((3, 5, 2, 1))" methodname="TestNearest" classname="Content.Tests.Shared.Utility.ContentHelpers_Test" runstate="Runnable" seed="1397182977" result="Passed" start-time="2026-04-19T05:01:39.1342301Z" end-time="2026-04-19T05:01:39.1342355Z" duration="0.000005" asserts="1" />
                <test-case id="0-1121" name="TestNearest((4, 5, 2, 2))" fullname="Content.Tests.Shared.Utility.ContentHelpers_Test.TestNearest((4, 5, 2, 2))" methodname="TestNearest" classname="Content.Tests.Shared.Utility.ContentHelpers_Test" runstate="Runnable" seed="1867188050" result="Passed" start-time="2026-04-19T05:01:39.1342427Z" end-time="2026-04-19T05:01:39.1342477Z" duration="0.000005" asserts="1" />
                <test-case id="0-1122" name="TestNearest((5, 5, 2, 2))" fullname="Content.Tests.Shared.Utility.ContentHelpers_Test.TestNearest((5, 5, 2, 2))" methodname="TestNearest" classname="Content.Tests.Shared.Utility.ContentHelpers_Test" runstate="Runnable" seed="828402504" result="Passed" start-time="2026-04-19T05:01:39.1342548Z" end-time="2026-04-19T05:01:39.1342597Z" duration="0.000005" asserts="1" />
                <test-case id="0-1123" name="TestNearest((0, 6, 5, 0))" fullname="Content.Tests.Shared.Utility.ContentHelpers_Test.TestNearest((0, 6, 5, 0))" methodname="TestNearest" classname="Content.Tests.Shared.Utility.ContentHelpers_Test" runstate="Runnable" seed="1623163052" result="Passed" start-time="2026-04-19T05:01:39.1342666Z" end-time="2026-04-19T05:01:39.1342716Z" duration="0.000005" asserts="1" />
                <test-case id="0-1124" name="TestNearest((1, 6, 5, 1))" fullname="Content.Tests.Shared.Utility.ContentHelpers_Test.TestNearest((1, 6, 5, 1))" methodname="TestNearest" classname="Content.Tests.Shared.Utility.ContentHelpers_Test" runstate="Runnable" seed="622061130" result="Passed" start-time="2026-04-19T05:01:39.1342786Z" end-time="2026-04-19T05:01:39.1342900Z" duration="0.000011" asserts="1" />
                <test-case id="0-1125" name="TestNearest((2, 6, 5, 2))" fullname="Content.Tests.Shared.Utility.ContentHelpers_Test.TestNearest((2, 6, 5, 2))" methodname="TestNearest" classname="Content.Tests.Shared.Utility.ContentHelpers_Test" runstate="Runnable" seed="87237018" result="Passed" start-time="2026-04-19T05:01:39.1342968Z" end-time="2026-04-19T05:01:39.1343010Z" duration="0.000004" asserts="1" />
                <test-case id="0-1126" name="TestNearest((3, 6, 5, 3))" fullname="Content.Tests.Shared.Utility.ContentHelpers_Test.TestNearest((3, 6, 5, 3))" methodname="TestNearest" classname="Content.Tests.Shared.Utility.ContentHelpers_Test" runstate="Runnable" seed="1174096780" result="Passed" start-time="2026-04-19T05:01:39.1343078Z" end-time="2026-04-19T05:01:39.1343123Z" duration="0.000004" asserts="1" />
                <test-case id="0-1127" name="TestNearest((4, 6, 5, 3))" fullname="Content.Tests.Shared.Utility.ContentHelpers_Test.TestNearest((4, 6, 5, 3))" methodname="TestNearest" classname="Content.Tests.Shared.Utility.ContentHelpers_Test" runstate="Runnable" seed="1859360731" result="Passed" start-time="2026-04-19T05:01:39.1343196Z" end-time="2026-04-19T05:01:39.1343241Z" duration="0.000005" asserts="1" />
                <test-case id="0-1128" name="TestNearest((5, 6, 5, 4))" fullname="Content.Tests.Shared.Utility.ContentHelpers_Test.TestNearest((5, 6, 5, 4))" methodname="TestNearest" classname="Content.Tests.Shared.Utility.ContentHelpers_Test" runstate="Runnable" seed="1987504378" result="Passed" start-time="2026-04-19T05:01:39.1343310Z" end-time="2026-04-19T05:01:39.1343355Z" duration="0.000004" asserts="1" />
                <test-case id="0-1129" name="TestNearest((6, 6, 5, 5))" fullname="Content.Tests.Shared.Utility.ContentHelpers_Test.TestNearest((6, 6, 5, 5))" methodname="TestNearest" classname="Content.Tests.Shared.Utility.ContentHelpers_Test" runstate="Runnable" seed="1744610772" result="Passed" start-time="2026-04-19T05:01:39.1343425Z" end-time="2026-04-19T05:01:39.1343509Z" duration="0.000008" asserts="1" />
                <test-case id="0-1130" name="TestNearest((0, 6, 6, 0))" fullname="Content.Tests.Shared.Utility.ContentHelpers_Test.TestNearest((0, 6, 6, 0))" methodname="TestNearest" classname="Content.Tests.Shared.Utility.ContentHelpers_Test" runstate="Runnable" seed="977391180" result="Passed" start-time="2026-04-19T05:01:39.1343584Z" end-time="2026-04-19T05:01:39.1343635Z" duration="0.000005" asserts="1" />
                <test-case id="0-1131" name="TestNearest((1, 6, 6, 1))" fullname="Content.Tests.Shared.Utility.ContentHelpers_Test.TestNearest((1, 6, 6, 1))" methodname="TestNearest" classname="Content.Tests.Shared.Utility.ContentHelpers_Test" runstate="Runnable" seed="674769319" result="Passed" start-time="2026-04-19T05:01:39.1343712Z" end-time="2026-04-19T05:01:39.1343765Z" duration="0.000005" asserts="1" />
                <test-case id="0-1132" name="TestNearest((2, 6, 6, 2))" fullname="Content.Tests.Shared.Utility.ContentHelpers_Test.TestNearest((2, 6, 6, 2))" methodname="TestNearest" classname="Content.Tests.Shared.Utility.ContentHelpers_Test" runstate="Runnable" seed="774653276" result="Passed" start-time="2026-04-19T05:01:39.1343837Z" end-time="2026-04-19T05:01:39.1343885Z" duration="0.000005" asserts="1" />
                <test-case id="0-1133" name="TestNearest((3, 6, 6, 3))" fullname="Content.Tests.Shared.Utility.ContentHelpers_Test.TestNearest((3, 6, 6, 3))" methodname="TestNearest" classname="Content.Tests.Shared.Utility.ContentHelpers_Test" runstate="Runnable" seed="1712748381" result="Passed" start-time="2026-04-19T05:01:39.1343962Z" end-time="2026-04-19T05:01:39.1344011Z" duration="0.000005" asserts="1" />
                <test-case id="0-1134" name="TestNearest((4, 6, 6, 4))" fullname="Content.Tests.Shared.Utility.ContentHelpers_Test.TestNearest((4, 6, 6, 4))" methodname="TestNearest" classname="Content.Tests.Shared.Utility.ContentHelpers_Test" runstate="Runnable" seed="2120432570" result="Passed" start-time="2026-04-19T05:01:39.1344240Z" end-time="2026-04-19T05:01:39.1344295Z" duration="0.000005" asserts="1" />
                <test-case id="0-1135" name="TestNearest((5, 6, 6, 5))" fullname="Content.Tests.Shared.Utility.ContentHelpers_Test.TestNearest((5, 6, 6, 5))" methodname="TestNearest" classname="Content.Tests.Shared.Utility.ContentHelpers_Test" runstate="Runnable" seed="686998879" result="Passed" start-time="2026-04-19T05:01:39.1344368Z" end-time="2026-04-19T05:01:39.1344415Z" duration="0.000005" asserts="1" />
                <test-case id="0-1136" name="TestNearest((6, 6, 6, 6))" fullname="Content.Tests.Shared.Utility.ContentHelpers_Test.TestNearest((6, 6, 6, 6))" methodname="TestNearest" classname="Content.Tests.Shared.Utility.ContentHelpers_Test" runstate="Runnable" seed="1740422802" result="Passed" start-time="2026-04-19T05:01:39.1344487Z" end-time="2026-04-19T05:01:39.1344539Z" duration="0.000005" asserts="1" />
                <test-case id="0-1137" name="TestNearest((0.1, 6, 5, 0))" fullname="Content.Tests.Shared.Utility.ContentHelpers_Test.TestNearest((0.1, 6, 5, 0))" methodname="TestNearest" classname="Content.Tests.Shared.Utility.ContentHelpers_Test" runstate="Runnable" seed="801619638" result="Passed" start-time="2026-04-19T05:01:39.1344610Z" end-time="2026-04-19T05:01:39.1344659Z" duration="0.000005" asserts="1" />
                <test-case id="0-1138" name="TestNearest((-32, 6, 5, 0))" fullname="Content.Tests.Shared.Utility.ContentHelpers_Test.TestNearest((-32, 6, 5, 0))" methodname="TestNearest" classname="Content.Tests.Shared.Utility.ContentHelpers_Test" runstate="Runnable" seed="421832583" result="Passed" start-time="2026-04-19T05:01:39.1344732Z" end-time="2026-04-19T05:01:39.1344781Z" duration="0.000005" asserts="1" />
                <test-case id="0-1139" name="TestNearest((2.4, 6, 5, 2))" fullname="Content.Tests.Shared.Utility.ContentHelpers_Test.TestNearest((2.4, 6, 5, 2))" methodname="TestNearest" classname="Content.Tests.Shared.Utility.ContentHelpers_Test" runstate="Runnable" seed="1345753672" result="Passed" start-time="2026-04-19T05:01:39.1344917Z" end-time="2026-04-19T05:01:39.1344963Z" duration="0.000005" asserts="1" />
                <test-case id="0-1140" name="TestNearest((2.5, 6, 5, 2))" fullname="Content.Tests.Shared.Utility.ContentHelpers_Test.TestNearest((2.5, 6, 5, 2))" methodname="TestNearest" classname="Content.Tests.Shared.Utility.ContentHelpers_Test" runstate="Runnable" seed="859024456" result="Passed" start-time="2026-04-19T05:01:39.1345033Z" end-time="2026-04-19T05:01:39.1345081Z" duration="0.000005" asserts="1" />
                <test-case id="0-1141" name="TestNearest((320, 6, 5, 5))" fullname="Content.Tests.Shared.Utility.ContentHelpers_Test.TestNearest((320, 6, 5, 5))" methodname="TestNearest" classname="Content.Tests.Shared.Utility.ContentHelpers_Test" runstate="Runnable" seed="166433006" result="Passed" start-time="2026-04-19T05:01:39.1345155Z" end-time="2026-04-19T05:01:39.1345204Z" duration="0.000005" asserts="1" />
              </test-suite>
            </test-suite>
            <test-suite type="TestFixture" id="0-1180" name="RandomExtensionsTests" fullname="Content.Tests.Shared.Utility.RandomExtensionsTests" classname="Content.Tests.Shared.Utility.RandomExtensionsTests" runstate="Runnable" testcasecount="1" result="Passed" start-time="2026-04-19T05:01:39.1345580Z" end-time="2026-04-19T05:02:01.7510407Z" duration="22.616483" total="1" passed="1" failed="0" warnings="0" inconclusive="0" skipped="0" asserts="1">
              <properties>
                <property name="TestOf" value="Content.Shared.Random.Helpers.SharedRandomExtensions" />
                <property name="ParallelScope" value="Self" />
              </properties>
              <test-case id="0-1181" name="RandomDataSetValueTest" fullname="Content.Tests.Shared.Utility.RandomExtensionsTests.RandomDataSetValueTest" methodname="RandomDataSetValueTest" classname="Content.Tests.Shared.Utility.RandomExtensionsTests" runstate="Runnable" seed="1432208545" result="Passed" start-time="2026-04-19T05:01:39.3275287Z" end-time="2026-04-19T05:02:01.7508867Z" duration="22.423358" asserts="1" />
            </test-suite>
          </test-suite>
        </test-suite>
      </test-suite>
    </test-suite>
  </test-suite>
</test-run>