<?xml version="1.0" encoding="utf-8" standalone="no"?>
<test-run id="0" name="Content.Tests.dll" fullname="/home/runner/work/space-station-14-zh/space-station-14-zh/bin/Content.Tests/Content.Tests.dll" runstate="Runnable" testcasecount="382" result="Skipped" label="Ignored" total="382" passed="381" failed="0" warnings="0" inconclusive="0" skipped="1" asserts="70631" engine-version="3.18.1.0" clr-version="10.0.5" start-time="2026-04-19 05:05:51Z" end-time="2026-04-19 05:06:46Z" duration="54.813626">
  <command-line><![CDATA[/home/runner/work/space-station-14-zh/space-station-14-zh/bin/Content.Tests/testhost.dll --port 42353 --endpoint 127.0.0.1:042353 --role client --parentprocessid 5926 --telemetryoptedin false]]></command-line>
  <test-suite type="Assembly" id="0-1448" name="Content.Tests.dll" fullname="/home/runner/work/space-station-14-zh/space-station-14-zh/bin/Content.Tests/Content.Tests.dll" runstate="Runnable" testcasecount="382" result="Skipped" label="Ignored" site="Child" start-time="2026-04-19T05:05:51.1990256Z" end-time="2026-04-19T05:06:45.9821888Z" duration="54.783131" total="382" passed="381" failed="0" warnings="0" inconclusive="0" skipped="1" asserts="70631">
    <environment framework-version="4.4.0.0" clr-version="10.0.5" os-version="Ubuntu 24.04.4 LTS" platform="Unix" cwd="/home/runner/work/space-station-14-zh/space-station-14-zh/test_results" machine-name="runnervmeorf1" user="runner" user-domain="runnervmeorf1" culture="" uiculture="" os-architecture="x64" />
    <settings>
      <setting name="SynchronousEvents" value="False" />
      <setting name="InternalTraceLevel" value="Off" />
      <setting name="RandomSeed" value="1463090193" />
      <setting name="SkipNonTestAssemblies" value="True" />
      <setting name="ProcessModel" value="InProcess" />
      <setting name="DomainUsage" value="Single" />
      <setting name="DefaultTestNamePattern" value="{m}{a}" />
      <setting name="WorkDirectory" value="/home/runner/work/space-station-14-zh/space-station-14-zh/test_results" />
      <setting name="NumberOfTestWorkers" value="4" />
    </settings>
    <properties>
      <property name="ParallelScope" value="Fixtures" />
      <property name="_PID" value="5939" />
      <property name="_APPDOMAIN" value="testhost" />
    </properties>
    <reason>
      <message><![CDATA[One or more child tests were ignored]]></message>
    </reason>
    <test-suite type="TestSuite" id="0-1449" name="Content" fullname="Content" runstate="Runnable" testcasecount="382" result="Skipped" label="Ignored" site="Child" start-time="2026-04-19T05:05:51.2031476Z" end-time="2026-04-19T05:06:45.9821841Z" duration="54.779036" total="382" passed="381" failed="0" warnings="0" inconclusive="0" skipped="1" asserts="70631">
      <reason>
        <message><![CDATA[One or more child tests were ignored]]></message>
      </reason>
      <test-suite type="TestSuite" id="0-1450" name="Tests" fullname="Content.Tests" runstate="Runnable" testcasecount="382" result="Skipped" label="Ignored" site="Child" start-time="2026-04-19T05:05:51.2034587Z" end-time="2026-04-19T05:06:45.9821811Z" duration="54.778722" total="382" passed="381" failed="0" warnings="0" inconclusive="0" skipped="1" asserts="70631">
        <reason>
          <message><![CDATA[One or more child tests were ignored]]></message>
        </reason>
        <test-suite type="TestSuite" id="0-1471" name="Client" fullname="Content.Tests.Client" runstate="Runnable" testcasecount="9" result="Passed" start-time="2026-04-19T05:05:51.2034711Z" end-time="2026-04-19T05:05:51.6674544Z" duration="0.463983" total="9" passed="9" failed="0" warnings="0" inconclusive="0" skipped="0" asserts="63">
          <test-suite type="TestFixture" id="0-1437" name="ClickMapTest" fullname="Content.Tests.Client.ClickMapTest" classname="Content.Tests.Client.ClickMapTest" runstate="Runnable" testcasecount="2" result="Passed" start-time="2026-04-19T05:05:51.2035052Z" end-time="2026-04-19T05:05:51.2768793Z" duration="0.073374" total="2" passed="2" failed="0" warnings="0" inconclusive="0" skipped="0" asserts="8">
            <test-case id="0-1438" name="TestBasic" fullname="Content.Tests.Client.ClickMapTest.TestBasic" methodname="TestBasic" classname="Content.Tests.Client.ClickMapTest" runstate="Runnable" seed="590520407" result="Passed" start-time="2026-04-19T05:05:51.2071117Z" end-time="2026-04-19T05:05:51.2764882Z" duration="0.069377" asserts="4" />
            <test-case id="0-1439" name="TestThreshold" fullname="Content.Tests.Client.ClickMapTest.TestThreshold" methodname="TestThreshold" classname="Content.Tests.Client.ClickMapTest" runstate="Runnable" seed="2108345541" result="Passed" start-time="2026-04-19T05:05:51.2765232Z" end-time="2026-04-19T05:05:51.2768506Z" duration="0.000327" asserts="4" />
          </test-suite>
          <test-suite type="TestSuite" id="0-1472" name="UserInterface" fullname="Content.Tests.Client.UserInterface" runstate="Runnable" testcasecount="7" result="Passed" start-time="2026-04-19T05:05:51.2034984Z" end-time="2026-04-19T05:05:51.6674478Z" duration="0.463949" total="7" passed="7" failed="0" warnings="0" inconclusive="0" skipped="0" asserts="55">
            <test-suite type="TestSuite" id="0-1473" name="Controls" fullname="Content.Tests.Client.UserInterface.Controls" runstate="Runnable" testcasecount="7" result="Passed" start-time="2026-04-19T05:05:51.2035034Z" end-time="2026-04-19T05:05:51.6674415Z" duration="0.463938" total="7" passed="7" failed="0" warnings="0" inconclusive="0" skipped="0" asserts="55">
              <test-suite type="TestFixture" id="0-1440" name="ListContainerTest" fullname="Content.Tests.Client.UserInterface.Controls.ListContainerTest" classname="Content.Tests.Client.UserInterface.Controls.ListContainerTest" runstate="Runnable" testcasecount="7" result="Passed" start-time="2026-04-19T05:05:51.2035124Z" end-time="2026-04-19T05:05:51.6674143Z" duration="0.463902" total="7" passed="7" failed="0" warnings="0" inconclusive="0" skipped="0" asserts="55">
                <properties>
                  <property name="TestOf" value="Content.Client.UserInterface.Controls.ListContainer" />
                  <property name="ParallelScope" value="Self" />
                </properties>
                <test-case id="0-1442" name="TestCreatePopulateAndEmpty" fullname="Content.Tests.Client.UserInterface.Controls.ListContainerTest.TestCreatePopulateAndEmpty" methodname="TestCreatePopulateAndEmpty" classname="Content.Tests.Client.UserInterface.Controls.ListContainerTest" runstate="Runnable" seed="902525346" result="Passed" start-time="2026-04-19T05:05:51.6290024Z" end-time="2026-04-19T05:05:51.6444415Z" duration="0.015439" asserts="0" />
                <test-case id="0-1446" name="TestDoesNotExpandWhenChildrenAreAdded" fullname="Content.Tests.Client.UserInterface.Controls.ListContainerTest.TestDoesNotExpandWhenChildrenAreAdded" methodname="TestDoesNotExpandWhenChildrenAreAdded" classname="Content.Tests.Client.UserInterface.Controls.ListContainerTest" runstate="Runnable" seed="1820501443" result="Passed" start-time="2026-04-19T05:05:51.6446494Z" end-time="2026-04-19T05:05:51.6542630Z" duration="0.009614" asserts="7" />
                <test-case id="0-1441" name="TestLayoutBasic" fullname="Content.Tests.Client.UserInterface.Controls.ListContainerTest.TestLayoutBasic" methodname="TestLayoutBasic" classname="Content.Tests.Client.UserInterface.Controls.ListContainerTest" runstate="Runnable" seed="1481780019" result="Passed" start-time="2026-04-19T05:05:51.6545620Z" end-time="2026-04-19T05:05:51.6554130Z" duration="0.000851" asserts="5" />
                <test-case id="0-1444" name="TestNextItemIsVisibleWhenScrolled" fullname="Content.Tests.Client.UserInterface.Controls.ListContainerTest.TestNextItemIsVisibleWhenScrolled" methodname="TestNextItemIsVisibleWhenScrolled" classname="Content.Tests.Client.UserInterface.Controls.ListContainerTest" runstate="Runnable" seed="696996947" result="Passed" start-time="2026-04-19T05:05:51.6560844Z" end-time="2026-04-19T05:05:51.6606663Z" duration="0.004582" asserts="14" />
                <test-case id="0-1443" name="TestOnlyVisibleItemsAreAdded" fullname="Content.Tests.Client.UserInterface.Controls.ListContainerTest.TestOnlyVisibleItemsAreAdded" methodname="TestOnlyVisibleItemsAreAdded" classname="Content.Tests.Client.UserInterface.Controls.ListContainerTest" runstate="Runnable" seed="556620312" result="Passed" start-time="2026-04-19T05:05:51.6610440Z" end-time="2026-04-19T05:05:51.6617334Z" duration="0.000690" asserts="12" />
                <test-case id="0-1445" name="TestPreviousItemIsVisibleWhenScrolled" fullname="Content.Tests.Client.UserInterface.Controls.ListContainerTest.TestPreviousItemIsVisibleWhenScrolled" methodname="TestPreviousItemIsVisibleWhenScrolled" classname="Content.Tests.Client.UserInterface.Controls.ListContainerTest" runstate="Runnable" seed="1948525490" result="Passed" start-time="2026-04-19T05:05:51.6617827Z" end-time="2026-04-19T05:05:51.6630329Z" duration="0.001250" asserts="14" />
                <test-case id="0-1447" name="TestSelectedItemStillSelectedWhenScrolling" fullname="Content.Tests.Client.UserInterface.Controls.ListContainerTest.TestSelectedItemStillSelectedWhenScrolling" methodname="TestSelectedItemStillSelectedWhenScrolling" classname="Content.Tests.Client.UserInterface.Controls.ListContainerTest" runstate="Runnable" seed="708314525" result="Passed" start-time="2026-04-19T05:05:51.6631856Z" end-time="2026-04-19T05:05:51.6657789Z" duration="0.002594" asserts="3" />
              </test-suite>
            </test-suite>
          </test-suite>
        </test-suite>
        <test-suite type="TestSuite" id="0-1466" name="Server" fullname="Content.Tests.Server" runstate="Runnable" testcasecount="58" result="Passed" start-time="2026-04-19T05:05:51.2035177Z" end-time="2026-04-19T05:06:32.0101284Z" duration="40.806611" total="58" passed="58" failed="0" warnings="0" inconclusive="0" skipped="0" asserts="100">
          <test-suite type="TestSuite" id="0-1467" name="Utility" fullname="Content.Tests.Server.Utility" runstate="Runnable" testcasecount="24" result="Passed" start-time="2026-04-19T05:05:51.2035503Z" end-time="2026-04-19T05:05:51.2215004Z" duration="0.017950" total="24" passed="24" failed="0" warnings="0" inconclusive="0" skipped="0" asserts="24">
            <test-suite type="TestFixture" id="0-1368" name="IPAddressExtTest" fullname="Content.Tests.Server.Utility.IPAddressExtTest" classname="Content.Tests.Server.Utility.IPAddressExtTest" runstate="Runnable" testcasecount="24" result="Passed" start-time="2026-04-19T05:05:51.2065583Z" end-time="2026-04-19T05:05:51.2214936Z" duration="0.014935" total="24" passed="24" failed="0" warnings="0" inconclusive="0" skipped="0" asserts="24">
              <test-suite type="ParameterizedMethod" id="0-1383" name="IpV4SubnetMaskDoesNotMatchInvalidIpAddress" fullname="Content.Tests.Server.Utility.IPAddressExtTest.IpV4SubnetMaskDoesNotMatchInvalidIpAddress" classname="Content.Tests.Server.Utility.IPAddressExtTest" runstate="Runnable" testcasecount="7" result="Passed" start-time="2026-04-19T05:05:51.2066674Z" end-time="2026-04-19T05:05:51.2189925Z" duration="0.012325" total="7" passed="7" failed="0" warnings="0" inconclusive="0" skipped="0" asserts="7">
                <test-case id="0-1376" name="IpV4SubnetMaskDoesNotMatchInvalidIpAddress(&quot;192.168.5.85/24&quot;,&quot;192.168.4.254&quot;)" fullname="Content.Tests.Server.Utility.IPAddressExtTest.IpV4SubnetMaskDoesNotMatchInvalidIpAddress(&quot;192.168.5.85/24&quot;,&quot;192.168.4.254&quot;)" methodname="IpV4SubnetMaskDoesNotMatchInvalidIpAddress" classname="Content.Tests.Server.Utility.IPAddressExtTest" runstate="Runnable" seed="168320820" result="Passed" start-time="2026-04-19T05:05:51.2066918Z" end-time="2026-04-19T05:05:51.2124470Z" duration="0.005828" asserts="1" />
                <test-case id="0-1377" name="IpV4SubnetMaskDoesNotMatchInvalidIpAddress(&quot;192.168.5.85/24&quot;,&quot;191.168.5.254&quot;)" fullname="Content.Tests.Server.Utility.IPAddressExtTest.IpV4SubnetMaskDoesNotMatchInvalidIpAddress(&quot;192.168.5.85/24&quot;,&quot;191.168.5.254&quot;)" methodname="IpV4SubnetMaskDoesNotMatchInvalidIpAddress" classname="Content.Tests.Server.Utility.IPAddressExtTest" runstate="Runnable" seed="231220695" result="Passed" start-time="2026-04-19T05:05:51.2141865Z" end-time="2026-04-19T05:05:51.2144884Z" duration="0.000302" asserts="1" />
                <test-case id="0-1378" name="IpV4SubnetMaskDoesNotMatchInvalidIpAddress(&quot;10.128.240.50/30&quot;,&quot;10.128.240.47&quot;)" fullname="Content.Tests.Server.Utility.IPAddressExtTest.IpV4SubnetMaskDoesNotMatchInvalidIpAddress(&quot;10.128.240.50/30&quot;,&quot;10.128.240.47&quot;)" methodname="IpV4SubnetMaskDoesNotMatchInvalidIpAddress" classname="Content.Tests.Server.Utility.IPAddressExtTest" runstate="Runnable" seed="1431430384" result="Passed" start-time="2026-04-19T05:05:51.2145115Z" end-time="2026-04-19T05:05:51.2145248Z" duration="0.000013" asserts="1" />
                <test-case id="0-1379" name="IpV4SubnetMaskDoesNotMatchInvalidIpAddress(&quot;10.128.240.50/30&quot;,&quot;10.128.240.52&quot;)" fullname="Content.Tests.Server.Utility.IPAddressExtTest.IpV4SubnetMaskDoesNotMatchInvalidIpAddress(&quot;10.128.240.50/30&quot;,&quot;10.128.240.52&quot;)" methodname="IpV4SubnetMaskDoesNotMatchInvalidIpAddress" classname="Content.Tests.Server.Utility.IPAddressExtTest" runstate="Runnable" seed="783624925" result="Passed" start-time="2026-04-19T05:05:51.2145334Z" end-time="2026-04-19T05:05:51.2145386Z" duration="0.000005" asserts="1" />
                <test-case id="0-1380" name="IpV4SubnetMaskDoesNotMatchInvalidIpAddress(&quot;10.128.240.50/30&quot;,&quot;10.128.239.50&quot;)" fullname="Content.Tests.Server.Utility.IPAddressExtTest.IpV4SubnetMaskDoesNotMatchInvalidIpAddress(&quot;10.128.240.50/30&quot;,&quot;10.128.239.50&quot;)" methodname="IpV4SubnetMaskDoesNotMatchInvalidIpAddress" classname="Content.Tests.Server.Utility.IPAddressExtTest" runstate="Runnable" seed="1264939862" result="Passed" start-time="2026-04-19T05:05:51.2145450Z" end-time="2026-04-19T05:05:51.2145721Z" duration="0.000027" asserts="1" />
                <test-case id="0-1381" name="IpV4SubnetMaskDoesNotMatchInvalidIpAddress(&quot;10.128.240.50/30&quot;,&quot;10.127.240.51&quot;)" fullname="Content.Tests.Server.Utility.IPAddressExtTest.IpV4SubnetMaskDoesNotMatchInvalidIpAddress(&quot;10.128.240.50/30&quot;,&quot;10.127.240.51&quot;)" methodname="IpV4SubnetMaskDoesNotMatchInvalidIpAddress" classname="Content.Tests.Server.Utility.IPAddressExtTest" runstate="Runnable" seed="1790112349" result="Passed" start-time="2026-04-19T05:05:51.2145790Z" end-time="2026-04-19T05:05:51.2145841Z" duration="0.000005" asserts="1" />
                <test-case id="0-1382" name="IpV4SubnetMaskDoesNotMatchInvalidIpAddress(&quot;10.128.240.50/30&quot;,&quot;2001:0DB8:ABCD:0012:0000:0000:0000:0000&quot;)" fullname="Content.Tests.Server.Utility.IPAddressExtTest.IpV4SubnetMaskDoesNotMatchInvalidIpAddress(&quot;10.128.240.50/30&quot;,&quot;2001:0DB8:ABCD:0012:0000:0000:0000:0000&quot;)" methodname="IpV4SubnetMaskDoesNotMatchInvalidIpAddress" classname="Content.Tests.Server.Utility.IPAddressExtTest" runstate="Runnable" seed="988994909" result="Passed" start-time="2026-04-19T05:05:51.2145909Z" end-time="2026-04-19T05:05:51.2177652Z" duration="0.003175" asserts="1" />
              </test-suite>
              <test-suite type="ParameterizedMethod" id="0-1375" name="IpV4SubnetMaskMatchesValidIpAddress" fullname="Content.Tests.Server.Utility.IPAddressExtTest.IpV4SubnetMaskMatchesValidIpAddress" classname="Content.Tests.Server.Utility.IPAddressExtTest" runstate="Runnable" testcasecount="6" result="Passed" start-time="2026-04-19T05:05:51.2195213Z" end-time="2026-04-19T05:05:51.2203859Z" duration="0.000864" total="6" passed="6" failed="0" warnings="0" inconclusive="0" skipped="0" asserts="6">
                <test-case id="0-1369" name="IpV4SubnetMaskMatchesValidIpAddress(&quot;192.168.5.85/24&quot;,&quot;192.168.5.1&quot;)" fullname="Content.Tests.Server.Utility.IPAddressExtTest.IpV4SubnetMaskMatchesValidIpAddress(&quot;192.168.5.85/24&quot;,&quot;192.168.5.1&quot;)" methodname="IpV4SubnetMaskMatchesValidIpAddress" classname="Content.Tests.Server.Utility.IPAddressExtTest" runstate="Runnable" seed="1479053779" result="Passed" start-time="2026-04-19T05:05:51.2195484Z" end-time="2026-04-19T05:05:51.2199631Z" duration="0.000415" asserts="1" />
                <test-case id="0-1370" name="IpV4SubnetMaskMatchesValidIpAddress(&quot;192.168.5.85/24&quot;,&quot;192.168.5.254&quot;)" fullname="Content.Tests.Server.Utility.IPAddressExtTest.IpV4SubnetMaskMatchesValidIpAddress(&quot;192.168.5.85/24&quot;,&quot;192.168.5.254&quot;)" methodname="IpV4SubnetMaskMatchesValidIpAddress" classname="Content.Tests.Server.Utility.IPAddressExtTest" runstate="Runnable" seed="134404084" result="Passed" start-time="2026-04-19T05:05:51.2199894Z" end-time="2026-04-19T05:05:51.2202422Z" duration="0.000253" asserts="1" />
                <test-case id="0-1371" name="IpV4SubnetMaskMatchesValidIpAddress(&quot;10.128.240.50/30&quot;,&quot;10.128.240.48&quot;)" fullname="Content.Tests.Server.Utility.IPAddressExtTest.IpV4SubnetMaskMatchesValidIpAddress(&quot;10.128.240.50/30&quot;,&quot;10.128.240.48&quot;)" methodname="IpV4SubnetMaskMatchesValidIpAddress" classname="Content.Tests.Server.Utility.IPAddressExtTest" runstate="Runnable" seed="2018213092" result="Passed" start-time="2026-04-19T05:05:51.2202582Z" end-time="2026-04-19T05:05:51.2202719Z" duration="0.000014" asserts="1" />
                <test-case id="0-1372" name="IpV4SubnetMaskMatchesValidIpAddress(&quot;10.128.240.50/30&quot;,&quot;10.128.240.49&quot;)" fullname="Content.Tests.Server.Utility.IPAddressExtTest.IpV4SubnetMaskMatchesValidIpAddress(&quot;10.128.240.50/30&quot;,&quot;10.128.240.49&quot;)" methodname="IpV4SubnetMaskMatchesValidIpAddress" classname="Content.Tests.Server.Utility.IPAddressExtTest" runstate="Runnable" seed="841127052" result="Passed" start-time="2026-04-19T05:05:51.2202792Z" end-time="2026-04-19T05:05:51.2202843Z" duration="0.000005" asserts="1" />
                <test-case id="0-1373" name="IpV4SubnetMaskMatchesValidIpAddress(&quot;10.128.240.50/30&quot;,&quot;10.128.240.50&quot;)" fullname="Content.Tests.Server.Utility.IPAddressExtTest.IpV4SubnetMaskMatchesValidIpAddress(&quot;10.128.240.50/30&quot;,&quot;10.128.240.50&quot;)" methodname="IpV4SubnetMaskMatchesValidIpAddress" classname="Content.Tests.Server.Utility.IPAddressExtTest" runstate="Runnable" seed="1008638127" result="Passed" start-time="2026-04-19T05:05:51.2202908Z" end-time="2026-04-19T05:05:51.2203151Z" duration="0.000024" asserts="1" />
                <test-case id="0-1374" name="IpV4SubnetMaskMatchesValidIpAddress(&quot;10.128.240.50/30&quot;,&quot;10.128.240.51&quot;)" fullname="Content.Tests.Server.Utility.IPAddressExtTest.IpV4SubnetMaskMatchesValidIpAddress(&quot;10.128.240.50/30&quot;,&quot;10.128.240.51&quot;)" methodname="IpV4SubnetMaskMatchesValidIpAddress" classname="Content.Tests.Server.Utility.IPAddressExtTest" runstate="Runnable" seed="1561008830" result="Passed" start-time="2026-04-19T05:05:51.2203224Z" end-time="2026-04-19T05:05:51.2203274Z" duration="0.000005" asserts="1" />
              </test-suite>
              <test-suite type="ParameterizedMethod" id="0-1396" name="IpV6SubnetMaskDoesNotMatchInvalidIpAddress" fullname="Content.Tests.Server.Utility.IPAddressExtTest.IpV6SubnetMaskDoesNotMatchInvalidIpAddress" classname="Content.Tests.Server.Utility.IPAddressExtTest" runstate="Runnable" testcasecount="6" result="Passed" start-time="2026-04-19T05:05:51.2203976Z" end-time="2026-04-19T05:05:51.2209894Z" duration="0.000592" total="6" passed="6" failed="0" warnings="0" inconclusive="0" skipped="0" asserts="6">
                <test-case id="0-1390" name="IpV6SubnetMaskDoesNotMatchInvalidIpAddress(&quot;2001:db8:abcd:0012::0/64&quot;,&quot;2001:0DB8:ABCD:0011:FFFF:FFFF:FFFF:FFFF&quot;)" fullname="Content.Tests.Server.Utility.IPAddressExtTest.IpV6SubnetMaskDoesNotMatchInvalidIpAddress(&quot;2001:db8:abcd:0012::0/64&quot;,&quot;2001:0DB8:ABCD:0011:FFFF:FFFF:FFFF:FFFF&quot;)" methodname="IpV6SubnetMaskDoesNotMatchInvalidIpAddress" classname="Content.Tests.Server.Utility.IPAddressExtTest" runstate="Runnable" seed="220337609" result="Passed" start-time="2026-04-19T05:05:51.2204117Z" end-time="2026-04-19T05:05:51.2205473Z" duration="0.000136" asserts="1" />
                <test-case id="0-1391" name="IpV6SubnetMaskDoesNotMatchInvalidIpAddress(&quot;2001:db8:abcd:0012::0/64&quot;,&quot;2001:0DB8:ABCD:0013:0000:0000:0000:0000&quot;)" fullname="Content.Tests.Server.Utility.IPAddressExtTest.IpV6SubnetMaskDoesNotMatchInvalidIpAddress(&quot;2001:db8:abcd:0012::0/64&quot;,&quot;2001:0DB8:ABCD:0013:0000:0000:0000:0000&quot;)" methodname="IpV6SubnetMaskDoesNotMatchInvalidIpAddress" classname="Content.Tests.Server.Utility.IPAddressExtTest" runstate="Runnable" seed="807192363" result="Passed" start-time="2026-04-19T05:05:51.2205623Z" end-time="2026-04-19T05:05:51.2208657Z" duration="0.000304" asserts="1" />
                <test-case id="0-1392" name="IpV6SubnetMaskDoesNotMatchInvalidIpAddress(&quot;2001:db8:abcd:0012::0/64&quot;,&quot;2001:0DB8:ABCD:0013:0001:0000:0000:0000&quot;)" fullname="Content.Tests.Server.Utility.IPAddressExtTest.IpV6SubnetMaskDoesNotMatchInvalidIpAddress(&quot;2001:db8:abcd:0012::0/64&quot;,&quot;2001:0DB8:ABCD:0013:0001:0000:0000:0000&quot;)" methodname="IpV6SubnetMaskDoesNotMatchInvalidIpAddress" classname="Content.Tests.Server.Utility.IPAddressExtTest" runstate="Runnable" seed="714574445" result="Passed" start-time="2026-04-19T05:05:51.2208896Z" end-time="2026-04-19T05:05:51.2209246Z" duration="0.000035" asserts="1" />
                <test-case id="0-1393" name="IpV6SubnetMaskDoesNotMatchInvalidIpAddress(&quot;2001:db8:abcd:0012::0/64&quot;,&quot;2001:0DB8:ABCD:0011:FFFF:FFFF:FFFF:FFF0&quot;)" fullname="Content.Tests.Server.Utility.IPAddressExtTest.IpV6SubnetMaskDoesNotMatchInvalidIpAddress(&quot;2001:db8:abcd:0012::0/64&quot;,&quot;2001:0DB8:ABCD:0011:FFFF:FFFF:FFFF:FFF0&quot;)" methodname="IpV6SubnetMaskDoesNotMatchInvalidIpAddress" classname="Content.Tests.Server.Utility.IPAddressExtTest" runstate="Runnable" seed="1896920060" result="Passed" start-time="2026-04-19T05:05:51.2209328Z" end-time="2026-04-19T05:05:51.2209414Z" duration="0.000009" asserts="1" />
                <test-case id="0-1394" name="IpV6SubnetMaskDoesNotMatchInvalidIpAddress(&quot;2001:db8:abcd:0012::0/128&quot;,&quot;2001:0DB8:ABCD:0012:0000:0000:0000:0001&quot;)" fullname="Content.Tests.Server.Utility.IPAddressExtTest.IpV6SubnetMaskDoesNotMatchInvalidIpAddress(&quot;2001:db8:abcd:0012::0/128&quot;,&quot;2001:0DB8:ABCD:0012:0000:0000:0000:0001&quot;)" methodname="IpV6SubnetMaskDoesNotMatchInvalidIpAddress" classname="Content.Tests.Server.Utility.IPAddressExtTest" runstate="Runnable" seed="1910130301" result="Passed" start-time="2026-04-19T05:05:51.2209484Z" end-time="2026-04-19T05:05:51.2209655Z" duration="0.000017" asserts="1" />
                <test-case id="0-1395" name="IpV6SubnetMaskDoesNotMatchInvalidIpAddress(&quot;2001:db8:abcd:0012::0/128&quot;,&quot;10.128.239.50&quot;)" fullname="Content.Tests.Server.Utility.IPAddressExtTest.IpV6SubnetMaskDoesNotMatchInvalidIpAddress(&quot;2001:db8:abcd:0012::0/128&quot;,&quot;10.128.239.50&quot;)" methodname="IpV6SubnetMaskDoesNotMatchInvalidIpAddress" classname="Content.Tests.Server.Utility.IPAddressExtTest" runstate="Runnable" seed="1859166618" result="Passed" start-time="2026-04-19T05:05:51.2209746Z" end-time="2026-04-19T05:05:51.2209803Z" duration="0.000006" asserts="1" />
              </test-suite>
              <test-suite type="ParameterizedMethod" id="0-1389" name="IpV6SubnetMaskMatchesValidIpAddress" fullname="Content.Tests.Server.Utility.IPAddressExtTest.IpV6SubnetMaskMatchesValidIpAddress" classname="Content.Tests.Server.Utility.IPAddressExtTest" runstate="Runnable" testcasecount="5" result="Passed" start-time="2026-04-19T05:05:51.2210001Z" end-time="2026-04-19T05:05:51.2214754Z" duration="0.000475" total="5" passed="5" failed="0" warnings="0" inconclusive="0" skipped="0" asserts="5">
                <test-case id="0-1384" name="IpV6SubnetMaskMatchesValidIpAddress(&quot;2001:db8:abcd:0012::0/64&quot;,&quot;2001:0DB8:ABCD:0012:0000:0000:0000:0000&quot;)" fullname="Content.Tests.Server.Utility.IPAddressExtTest.IpV6SubnetMaskMatchesValidIpAddress(&quot;2001:db8:abcd:0012::0/64&quot;,&quot;2001:0DB8:ABCD:0012:0000:0000:0000:0000&quot;)" methodname="IpV6SubnetMaskMatchesValidIpAddress" classname="Content.Tests.Server.Utility.IPAddressExtTest" runstate="Runnable" seed="105252765" result="Passed" start-time="2026-04-19T05:05:51.2210145Z" end-time="2026-04-19T05:05:51.2211498Z" duration="0.000135" asserts="1" />
                <test-case id="0-1385" name="IpV6SubnetMaskMatchesValidIpAddress(&quot;2001:db8:abcd:0012::0/64&quot;,&quot;2001:0DB8:ABCD:0012:FFFF:FFFF:FFFF:FFFF&quot;)" fullname="Content.Tests.Server.Utility.IPAddressExtTest.IpV6SubnetMaskMatchesValidIpAddress(&quot;2001:db8:abcd:0012::0/64&quot;,&quot;2001:0DB8:ABCD:0012:FFFF:FFFF:FFFF:FFFF&quot;)" methodname="IpV6SubnetMaskMatchesValidIpAddress" classname="Content.Tests.Server.Utility.IPAddressExtTest" runstate="Runnable" seed="1438940586" result="Passed" start-time="2026-04-19T05:05:51.2211654Z" end-time="2026-04-19T05:05:51.2213829Z" duration="0.000218" asserts="1" />
                <test-case id="0-1386" name="IpV6SubnetMaskMatchesValidIpAddress(&quot;2001:db8:abcd:0012::0/64&quot;,&quot;2001:0DB8:ABCD:0012:0001:0000:0000:0000&quot;)" fullname="Content.Tests.Server.Utility.IPAddressExtTest.IpV6SubnetMaskMatchesValidIpAddress(&quot;2001:db8:abcd:0012::0/64&quot;,&quot;2001:0DB8:ABCD:0012:0001:0000:0000:0000&quot;)" methodname="IpV6SubnetMaskMatchesValidIpAddress" classname="Content.Tests.Server.Utility.IPAddressExtTest" runstate="Runnable" seed="618534907" result="Passed" start-time="2026-04-19T05:05:51.2213997Z" end-time="2026-04-19T05:05:51.2214166Z" duration="0.000017" asserts="1" />
                <test-case id="0-1387" name="IpV6SubnetMaskMatchesValidIpAddress(&quot;2001:db8:abcd:0012::0/64&quot;,&quot;2001:0DB8:ABCD:0012:FFFF:FFFF:FFFF:FFF0&quot;)" fullname="Content.Tests.Server.Utility.IPAddressExtTest.IpV6SubnetMaskMatchesValidIpAddress(&quot;2001:db8:abcd:0012::0/64&quot;,&quot;2001:0DB8:ABCD:0012:FFFF:FFFF:FFFF:FFF0&quot;)" methodname="IpV6SubnetMaskMatchesValidIpAddress" classname="Content.Tests.Server.Utility.IPAddressExtTest" runstate="Runnable" seed="1538803683" result="Passed" start-time="2026-04-19T05:05:51.2214236Z" end-time="2026-04-19T05:05:51.2214322Z" duration="0.000009" asserts="1" />
                <test-case id="0-1388" name="IpV6SubnetMaskMatchesValidIpAddress(&quot;2001:db8:abcd:0012::0/128&quot;,&quot;2001:0DB8:ABCD:0012:0000:0000:0000:0000&quot;)" fullname="Content.Tests.Server.Utility.IPAddressExtTest.IpV6SubnetMaskMatchesValidIpAddress(&quot;2001:db8:abcd:0012::0/128&quot;,&quot;2001:0DB8:ABCD:0012:0000:0000:0000:0000&quot;)" methodname="IpV6SubnetMaskMatchesValidIpAddress" classname="Content.Tests.Server.Utility.IPAddressExtTest" runstate="Runnable" seed="527362929" result="Passed" start-time="2026-04-19T05:05:51.2214388Z" end-time="2026-04-19T05:05:51.2214475Z" duration="0.000009" asserts="1" />
              </test-suite>
            </test-suite>
          </test-suite>
          <test-suite type="TestSuite" id="0-1468" name="Jobs" fullname="Content.Tests.Server.Jobs" runstate="Runnable" testcasecount="5" result="Passed" start-time="2026-04-19T05:05:51.2035442Z" end-time="2026-04-19T05:05:51.6617591Z" duration="0.458215" total="5" passed="5" failed="0" warnings="0" inconclusive="0" skipped="0" asserts="22">
            <test-suite type="TestFixture" id="0-1397" name="JobQueueTest" fullname="Content.Tests.Server.Jobs.JobQueueTest" classname="Content.Tests.Server.Jobs.JobQueueTest" runstate="Runnable" testcasecount="5" result="Passed" start-time="2026-04-19T05:05:51.2059715Z" end-time="2026-04-19T05:05:51.6610393Z" duration="0.455068" total="5" passed="5" failed="0" warnings="0" inconclusive="0" skipped="0" asserts="22">
              <properties>
                <property name="TestOf" value="Robust.Shared.CPUJob.JobQueues.Job`1" />
                <property name="TestOf" value="Robust.Shared.CPUJob.JobQueues.Queues.JobQueue" />
                <property name="ParallelScope" value="Self" />
              </properties>
              <test-case id="0-1398" name="TestImmediateJob" fullname="Content.Tests.Server.Jobs.JobQueueTest.TestImmediateJob" methodname="TestImmediateJob" classname="Content.Tests.Server.Jobs.JobQueueTest" runstate="Runnable" seed="1325774367" result="Passed" start-time="2026-04-19T05:05:51.6150970Z" end-time="2026-04-19T05:05:51.6274158Z" duration="0.012319" asserts="2" />
              <test-case id="0-1399" name="TestLongJob" fullname="Content.Tests.Server.Jobs.JobQueueTest.TestLongJob" methodname="TestLongJob" classname="Content.Tests.Server.Jobs.JobQueueTest" runstate="Runnable" seed="208156538" result="Passed" start-time="2026-04-19T05:05:51.6299488Z" end-time="2026-04-19T05:05:51.6408453Z" duration="0.010897" asserts="7" />
              <test-case id="0-1400" name="TestLongJobCancel" fullname="Content.Tests.Server.Jobs.JobQueueTest.TestLongJobCancel" methodname="TestLongJobCancel" classname="Content.Tests.Server.Jobs.JobQueueTest" runstate="Runnable" seed="1009876401" result="Passed" start-time="2026-04-19T05:05:51.6414596Z" end-time="2026-04-19T05:05:51.6452931Z" duration="0.003833" asserts="5" />
              <test-case id="0-1401" name="TestWaitingJob" fullname="Content.Tests.Server.Jobs.JobQueueTest.TestWaitingJob" methodname="TestWaitingJob" classname="Content.Tests.Server.Jobs.JobQueueTest" runstate="Runnable" seed="14940567" result="Passed" start-time="2026-04-19T05:05:51.6509340Z" end-time="2026-04-19T05:05:51.6584999Z" duration="0.007566" asserts="4" />
              <test-case id="0-1402" name="TestWaitingJobCancel" fullname="Content.Tests.Server.Jobs.JobQueueTest.TestWaitingJobCancel" methodname="TestWaitingJobCancel" classname="Content.Tests.Server.Jobs.JobQueueTest" runstate="Runnable" seed="412760853" result="Passed" start-time="2026-04-19T05:05:51.6585364Z" end-time="2026-04-19T05:05:51.6608675Z" duration="0.002331" asserts="4" />
            </test-suite>
          </test-suite>
          <test-suite type="TestSuite" id="0-1469" name="Connection" fullname="Content.Tests.Server.Connection" runstate="Runnable" testcasecount="25" result="Passed" start-time="2026-04-19T05:05:51.2035294Z" end-time="2026-04-19T05:06:31.9912041Z" duration="40.787675" total="25" passed="25" failed="0" warnings="0" inconclusive="0" skipped="0" asserts="46">
            <test-suite type="TestFixture" id="0-1403" name="IPIntelTest" fullname="Content.Tests.Server.Connection.IPIntelTest" classname="Content.Tests.Server.Connection.IPIntelTest" runstate="Runnable" testcasecount="25" result="Passed" start-time="2026-04-19T05:05:51.2038475Z" end-time="2026-04-19T05:06:31.9911891Z" duration="40.787341" total="25" passed="25" failed="0" warnings="0" inconclusive="0" skipped="0" asserts="46">
              <properties>
                <property name="TestOf" value="Content.Server.Connection.IPIntel.IPIntel" />
                <property name="ParallelScope" value="All" />
              </properties>
              <test-case id="0-1409" name="ErrorTest" fullname="Content.Tests.Server.Connection.IPIntelTest.ErrorTest" methodname="ErrorTest" classname="Content.Tests.Server.Connection.IPIntelTest" runstate="Runnable" seed="777024372" result="Passed" start-time="2026-04-19T05:06:31.3080986Z" end-time="2026-04-19T05:06:31.8810494Z" duration="0.572952" asserts="1" />
              <test-case id="0-1406" name="KnownRateLimitMinuteTimingTest" fullname="Content.Tests.Server.Connection.IPIntelTest.KnownRateLimitMinuteTimingTest" methodname="KnownRateLimitMinuteTimingTest" classname="Content.Tests.Server.Connection.IPIntelTest" runstate="Runnable" seed="1283782912" result="Passed" start-time="2026-04-19T05:06:31.9059377Z" end-time="2026-04-19T05:06:31.9302553Z" duration="0.024316" asserts="4" />
              <test-case id="0-1405" name="KnownRateLimitMinuteTest" fullname="Content.Tests.Server.Connection.IPIntelTest.KnownRateLimitMinuteTest" methodname="KnownRateLimitMinuteTest" classname="Content.Tests.Server.Connection.IPIntelTest" runstate="Runnable" seed="725947771" result="Passed" start-time="2026-04-19T05:06:31.3954838Z" end-time="2026-04-19T05:06:31.9300727Z" duration="0.534589" asserts="11" />
              <test-case id="0-1408" name="SuddenRateLimitExponentialBackoffTest" fullname="Content.Tests.Server.Connection.IPIntelTest.SuddenRateLimitExponentialBackoffTest" methodname="SuddenRateLimitExponentialBackoffTest" classname="Content.Tests.Server.Connection.IPIntelTest" runstate="Runnable" seed="309443105" result="Passed" start-time="2026-04-19T05:06:31.9308391Z" end-time="2026-04-19T05:06:31.9337268Z" duration="0.002888" asserts="6" />
              <test-case id="0-1407" name="SuddenRateLimitTest" fullname="Content.Tests.Server.Connection.IPIntelTest.SuddenRateLimitTest" methodname="SuddenRateLimitTest" classname="Content.Tests.Server.Connection.IPIntelTest" runstate="Runnable" seed="1956906599" result="Passed" start-time="2026-04-19T05:06:31.9312492Z" end-time="2026-04-19T05:06:31.9332662Z" duration="0.002017" asserts="3" />
              <test-suite type="ParameterizedMethod" id="0-1418" name="TestIsReservedIpv4" fullname="Content.Tests.Server.Connection.IPIntelTest.TestIsReservedIpv4" classname="Content.Tests.Server.Connection.IPIntelTest" runstate="Runnable" testcasecount="8" result="Passed" start-time="2026-04-19T05:05:51.2057766Z" end-time="2026-04-19T05:06:31.9435250Z" duration="40.737748" total="8" passed="8" failed="0" warnings="0" inconclusive="0" skipped="0" asserts="8">
                <test-case id="0-1410" name="TestIsReservedIpv4(&quot;0.0.0.0&quot;)" fullname="Content.Tests.Server.Connection.IPIntelTest.TestIsReservedIpv4(&quot;0.0.0.0&quot;)" methodname="TestIsReservedIpv4" classname="Content.Tests.Server.Connection.IPIntelTest" runstate="Runnable" seed="1000621240" result="Passed" start-time="2026-04-19T05:06:31.9357195Z" end-time="2026-04-19T05:06:31.9389747Z" duration="0.003255" asserts="1" />
                <test-case id="0-1411" name="TestIsReservedIpv4(&quot;0.3.5.7&quot;)" fullname="Content.Tests.Server.Connection.IPIntelTest.TestIsReservedIpv4(&quot;0.3.5.7&quot;)" methodname="TestIsReservedIpv4" classname="Content.Tests.Server.Connection.IPIntelTest" runstate="Runnable" seed="171481168" result="Passed" start-time="2026-04-19T05:06:31.9351523Z" end-time="2026-04-19T05:06:31.9389742Z" duration="0.003822" asserts="1" />
                <test-case id="0-1412" name="TestIsReservedIpv4(&quot;127.0.0.1&quot;)" fullname="Content.Tests.Server.Connection.IPIntelTest.TestIsReservedIpv4(&quot;127.0.0.1&quot;)" methodname="TestIsReservedIpv4" classname="Content.Tests.Server.Connection.IPIntelTest" runstate="Runnable" seed="1064146700" result="Passed" start-time="2026-04-19T05:06:31.9409855Z" end-time="2026-04-19T05:06:31.9413232Z" duration="0.000338" asserts="1" />
                <test-case id="0-1414" name="TestIsReservedIpv4(&quot;10.0.1.0&quot;)" fullname="Content.Tests.Server.Connection.IPIntelTest.TestIsReservedIpv4(&quot;10.0.1.0&quot;)" methodname="TestIsReservedIpv4" classname="Content.Tests.Server.Connection.IPIntelTest" runstate="Runnable" seed="886807267" result="Passed" start-time="2026-04-19T05:06:31.9419038Z" end-time="2026-04-19T05:06:31.9419633Z" duration="0.000059" asserts="1" />
                <test-case id="0-1415" name="TestIsReservedIpv4(&quot;192.168.5.12&quot;)" fullname="Content.Tests.Server.Connection.IPIntelTest.TestIsReservedIpv4(&quot;192.168.5.12&quot;)" methodname="TestIsReservedIpv4" classname="Content.Tests.Server.Connection.IPIntelTest" runstate="Runnable" seed="715750546" result="Passed" start-time="2026-04-19T05:06:31.9420691Z" end-time="2026-04-19T05:06:31.9421002Z" duration="0.000031" asserts="1" />
                <test-case id="0-1416" name="TestIsReservedIpv4(&quot;192.167.0.1&quot;)" fullname="Content.Tests.Server.Connection.IPIntelTest.TestIsReservedIpv4(&quot;192.167.0.1&quot;)" methodname="TestIsReservedIpv4" classname="Content.Tests.Server.Connection.IPIntelTest" runstate="Runnable" seed="503802538" result="Passed" start-time="2026-04-19T05:06:31.9421109Z" end-time="2026-04-19T05:06:31.9421279Z" duration="0.000017" asserts="1" />
                <test-case id="0-1417" name="TestIsReservedIpv4(&quot;::1&quot;)" fullname="Content.Tests.Server.Connection.IPIntelTest.TestIsReservedIpv4(&quot;::1&quot;)" methodname="TestIsReservedIpv4" classname="Content.Tests.Server.Connection.IPIntelTest" runstate="Runnable" seed="658103372" result="Passed" start-time="2026-04-19T05:06:31.9421352Z" end-time="2026-04-19T05:06:31.9421567Z" duration="0.000021" asserts="1" />
                <test-case id="0-1413" name="TestIsReservedIpv4(&quot;11.0.0.0&quot;)" fullname="Content.Tests.Server.Connection.IPIntelTest.TestIsReservedIpv4(&quot;11.0.0.0&quot;)" methodname="TestIsReservedIpv4" classname="Content.Tests.Server.Connection.IPIntelTest" runstate="Runnable" seed="670828069" result="Passed" start-time="2026-04-19T05:06:31.9416594Z" end-time="2026-04-19T05:06:31.9432541Z" duration="0.001595" asserts="1" />
              </test-suite>
              <test-suite type="ParameterizedMethod" id="0-1430" name="TestIsReservedIpv6" fullname="Content.Tests.Server.Connection.IPIntelTest.TestIsReservedIpv6" classname="Content.Tests.Server.Connection.IPIntelTest" runstate="Runnable" testcasecount="11" result="Passed" start-time="2026-04-19T05:05:51.2059404Z" end-time="2026-04-19T05:06:31.9877378Z" duration="40.781797" total="11" passed="11" failed="0" warnings="0" inconclusive="0" skipped="0" asserts="11">
                <test-case id="0-1419" name="TestIsReservedIpv6(&quot;::ffff:0.0.0.0&quot;)" fullname="Content.Tests.Server.Connection.IPIntelTest.TestIsReservedIpv6(&quot;::ffff:0.0.0.0&quot;)" methodname="TestIsReservedIpv6" classname="Content.Tests.Server.Connection.IPIntelTest" runstate="Runnable" seed="952497069" result="Passed" start-time="2026-04-19T05:06:31.9421640Z" end-time="2026-04-19T05:06:31.9853498Z" duration="0.043186" asserts="1" />
                <test-case id="0-1420" name="TestIsReservedIpv6(&quot;::ffff:0.3.5.7&quot;)" fullname="Content.Tests.Server.Connection.IPIntelTest.TestIsReservedIpv6(&quot;::ffff:0.3.5.7&quot;)" methodname="TestIsReservedIpv6" classname="Content.Tests.Server.Connection.IPIntelTest" runstate="Runnable" seed="213276298" result="Passed" start-time="2026-04-19T05:06:31.9435490Z" end-time="2026-04-19T05:06:31.9871194Z" duration="0.043571" asserts="1" />
                <test-case id="0-1421" name="TestIsReservedIpv6(&quot;::ffff:127.0.0.1&quot;)" fullname="Content.Tests.Server.Connection.IPIntelTest.TestIsReservedIpv6(&quot;::ffff:127.0.0.1&quot;)" methodname="TestIsReservedIpv6" classname="Content.Tests.Server.Connection.IPIntelTest" runstate="Runnable" seed="465041874" result="Passed" start-time="2026-04-19T05:06:31.9874660Z" end-time="2026-04-19T05:06:31.9875423Z" duration="0.000076" asserts="1" />
                <test-case id="0-1422" name="TestIsReservedIpv6(&quot;::ffff:11.0.0.0&quot;)" fullname="Content.Tests.Server.Connection.IPIntelTest.TestIsReservedIpv6(&quot;::ffff:11.0.0.0&quot;)" methodname="TestIsReservedIpv6" classname="Content.Tests.Server.Connection.IPIntelTest" runstate="Runnable" seed="5234515" result="Passed" start-time="2026-04-19T05:06:31.9875523Z" end-time="2026-04-19T05:06:31.9875713Z" duration="0.000019" asserts="1" />
                <test-case id="0-1423" name="TestIsReservedIpv6(&quot;::ffff:10.0.1.0&quot;)" fullname="Content.Tests.Server.Connection.IPIntelTest.TestIsReservedIpv6(&quot;::ffff:10.0.1.0&quot;)" methodname="TestIsReservedIpv6" classname="Content.Tests.Server.Connection.IPIntelTest" runstate="Runnable" seed="2135063933" result="Passed" start-time="2026-04-19T05:06:31.9875784Z" end-time="2026-04-19T05:06:31.9875927Z" duration="0.000014" asserts="1" />
                <test-case id="0-1424" name="TestIsReservedIpv6(&quot;::ffff:192.168.5.12&quot;)" fullname="Content.Tests.Server.Connection.IPIntelTest.TestIsReservedIpv6(&quot;::ffff:192.168.5.12&quot;)" methodname="TestIsReservedIpv6" classname="Content.Tests.Server.Connection.IPIntelTest" runstate="Runnable" seed="583386120" result="Passed" start-time="2026-04-19T05:06:31.9875991Z" end-time="2026-04-19T05:06:31.9876130Z" duration="0.000014" asserts="1" />
                <test-case id="0-1425" name="TestIsReservedIpv6(&quot;::ffff:192.167.0.1&quot;)" fullname="Content.Tests.Server.Connection.IPIntelTest.TestIsReservedIpv6(&quot;::ffff:192.167.0.1&quot;)" methodname="TestIsReservedIpv6" classname="Content.Tests.Server.Connection.IPIntelTest" runstate="Runnable" seed="192347847" result="Passed" start-time="2026-04-19T05:06:31.9876199Z" end-time="2026-04-19T05:06:31.9876333Z" duration="0.000013" asserts="1" />
                <test-case id="0-1426" name="TestIsReservedIpv6(&quot;::1&quot;)" fullname="Content.Tests.Server.Connection.IPIntelTest.TestIsReservedIpv6(&quot;::1&quot;)" methodname="TestIsReservedIpv6" classname="Content.Tests.Server.Connection.IPIntelTest" runstate="Runnable" seed="387348939" result="Passed" start-time="2026-04-19T05:06:31.9876405Z" end-time="2026-04-19T05:06:31.9876561Z" duration="0.000016" asserts="1" />
                <test-case id="0-1427" name="TestIsReservedIpv6(&quot;2001:db8::01&quot;)" fullname="Content.Tests.Server.Connection.IPIntelTest.TestIsReservedIpv6(&quot;2001:db8::01&quot;)" methodname="TestIsReservedIpv6" classname="Content.Tests.Server.Connection.IPIntelTest" runstate="Runnable" seed="1544279302" result="Passed" start-time="2026-04-19T05:06:31.9876624Z" end-time="2026-04-19T05:06:31.9876756Z" duration="0.000013" asserts="1" />
                <test-case id="0-1428" name="TestIsReservedIpv6(&quot;2a01:4f8:252:4425::1234&quot;)" fullname="Content.Tests.Server.Connection.IPIntelTest.TestIsReservedIpv6(&quot;2a01:4f8:252:4425::1234&quot;)" methodname="TestIsReservedIpv6" classname="Content.Tests.Server.Connection.IPIntelTest" runstate="Runnable" seed="1952072999" result="Passed" start-time="2026-04-19T05:06:31.9876824Z" end-time="2026-04-19T05:06:31.9876974Z" duration="0.000015" asserts="1" />
                <test-case id="0-1429" name="TestIsReservedIpv6(&quot;127.0.0.1&quot;)" fullname="Content.Tests.Server.Connection.IPIntelTest.TestIsReservedIpv6(&quot;127.0.0.1&quot;)" methodname="TestIsReservedIpv6" classname="Content.Tests.Server.Connection.IPIntelTest" runstate="Runnable" seed="438291632" result="Passed" start-time="2026-04-19T05:06:31.9877043Z" end-time="2026-04-19T05:06:31.9877168Z" duration="0.000012" asserts="1" />
              </test-suite>
              <test-case id="0-1404" name="TestSuccess" fullname="Content.Tests.Server.Connection.IPIntelTest.TestSuccess" methodname="TestSuccess" classname="Content.Tests.Server.Connection.IPIntelTest" runstate="Runnable" seed="1341427013" result="Passed" start-time="2026-04-19T05:06:31.9877576Z" end-time="2026-04-19T05:06:31.9911577Z" duration="0.003400" asserts="2" />
            </test-suite>
          </test-suite>
          <test-suite type="TestSuite" id="0-1470" name="Atmos" fullname="Content.Tests.Server.Atmos" runstate="Runnable" testcasecount="4" result="Passed" start-time="2026-04-19T05:05:51.2035229Z" end-time="2026-04-19T05:06:32.0099789Z" duration="40.806456" total="4" passed="4" failed="0" warnings="0" inconclusive="0" skipped="0" asserts="8">
            <test-suite type="TestFixture" id="0-1431" name="AddMolsToMixtureTest" fullname="Content.Tests.Server.Atmos.AddMolsToMixtureTest" classname="Content.Tests.Server.Atmos.AddMolsToMixtureTest" runstate="Runnable" testcasecount="4" result="Passed" start-time="2026-04-19T05:05:51.2035380Z" end-time="2026-04-19T05:06:32.0089623Z" duration="40.805424" total="4" passed="4" failed="0" warnings="0" inconclusive="0" skipped="0" asserts="8">
              <properties>
                <property name="TestOf" value="Content.Server.Atmos.EntitySystems.AtmosphereSystem" />
                <property name="ParallelScope" value="All" />
              </properties>
              <test-case id="0-1435" name="AddMolsToMixture_Adds_CheckElementwise" fullname="Content.Tests.Server.Atmos.AddMolsToMixtureTest.AddMolsToMixture_Adds_CheckElementwise" methodname="AddMolsToMixture_Adds_CheckElementwise" classname="Content.Tests.Server.Atmos.AddMolsToMixtureTest" runstate="Runnable" seed="1606388665" result="Passed" start-time="2026-04-19T05:06:31.9896122Z" end-time="2026-04-19T05:06:31.9940285Z" duration="0.004416" asserts="2" />
              <test-case id="0-1436" name="AddMolsToMixture_EnsureClamp" fullname="Content.Tests.Server.Atmos.AddMolsToMixtureTest.AddMolsToMixture_EnsureClamp" methodname="AddMolsToMixture_EnsureClamp" classname="Content.Tests.Server.Atmos.AddMolsToMixtureTest" runstate="Runnable" seed="166635103" result="Passed" start-time="2026-04-19T05:06:31.9912181Z" end-time="2026-04-19T05:06:31.9943883Z" duration="0.003170" asserts="2" />
              <test-suite type="ParameterizedMethod" id="0-1434" name="AddMolsToMixture_Throws_OnLengthMismatch" fullname="Content.Tests.Server.Atmos.AddMolsToMixtureTest.AddMolsToMixture_Throws_OnLengthMismatch" classname="Content.Tests.Server.Atmos.AddMolsToMixtureTest" runstate="Runnable" testcasecount="2" result="Passed" start-time="2026-04-19T05:05:51.2065384Z" end-time="2026-04-19T05:06:32.0077238Z" duration="40.801185" total="2" passed="2" failed="0" warnings="0" inconclusive="0" skipped="0" asserts="4">
                <test-case id="0-1432" name="AddMolsToMixture_Throws_OnLengthMismatch(-1)" fullname="Content.Tests.Server.Atmos.AddMolsToMixtureTest.AddMolsToMixture_Throws_OnLengthMismatch(-1)" methodname="AddMolsToMixture_Throws_OnLengthMismatch" classname="Content.Tests.Server.Atmos.AddMolsToMixtureTest" runstate="Runnable" seed="745531462" result="Passed" start-time="2026-04-19T05:06:31.9944191Z" end-time="2026-04-19T05:06:32.0037887Z" duration="0.009370" asserts="2" />
                <test-case id="0-1433" name="AddMolsToMixture_Throws_OnLengthMismatch(1)" fullname="Content.Tests.Server.Atmos.AddMolsToMixtureTest.AddMolsToMixture_Throws_OnLengthMismatch(1)" methodname="AddMolsToMixture_Throws_OnLengthMismatch" classname="Content.Tests.Server.Atmos.AddMolsToMixtureTest" runstate="Runnable" seed="1473384572" result="Passed" start-time="2026-04-19T05:06:31.9949581Z" end-time="2026-04-19T05:06:32.0072123Z" duration="0.012254" asserts="2" />
              </test-suite>
            </test-suite>
          </test-suite>
        </test-suite>
        <test-suite type="TestSuite" id="0-1451" name="Shared" fullname="Content.Tests.Shared" runstate="Runnable" testcasecount="315" result="Skipped" label="Ignored" site="Child" start-time="2026-04-19T05:05:51.2035570Z" end-time="2026-04-19T05:06:45.9821763Z" duration="54.778619" total="315" passed="314" failed="0" warnings="0" inconclusive="0" skipped="1" asserts="70468">
          <reason>
            <message><![CDATA[One or more child tests were ignored]]></message>
          </reason>
          <test-suite type="TestSuite" id="0-1459" name="Chat" fullname="Content.Tests.Shared.Chat" runstate="Runnable" testcasecount="16" result="Passed" start-time="2026-04-19T05:05:51.2036025Z" end-time="2026-04-19T05:05:51.6759976Z" duration="0.472395" total="16" passed="16" failed="0" warnings="0" inconclusive="0" skipped="0" asserts="16">
            <test-suite type="TestSuite" id="0-1460" name="V2" fullname="Content.Tests.Shared.Chat.V2" runstate="Runnable" testcasecount="16" result="Passed" start-time="2026-04-19T05:05:51.2036076Z" end-time="2026-04-19T05:05:51.6759922Z" duration="0.472385" total="16" passed="16" failed="0" warnings="0" inconclusive="0" skipped="0" asserts="16">
              <test-suite type="TestSuite" id="0-1461" name="Moderation" fullname="Content.Tests.Shared.Chat.V2.Moderation" runstate="Runnable" testcasecount="16" result="Passed" start-time="2026-04-19T05:05:51.2036128Z" end-time="2026-04-19T05:05:51.6759866Z" duration="0.472374" total="16" passed="16" failed="0" warnings="0" inconclusive="0" skipped="0" asserts="16">
                <test-suite type="TestFixture" id="0-1323" name="SimpleCensorTests" fullname="Content.Tests.Shared.Chat.V2.Moderation.SimpleCensorTests" classname="Content.Tests.Shared.Chat.V2.Moderation.SimpleCensorTests" runstate="Runnable" testcasecount="16" result="Passed" start-time="2026-04-19T05:05:51.6631476Z" end-time="2026-04-19T05:05:51.6759793Z" duration="0.012832" total="16" passed="16" failed="0" warnings="0" inconclusive="0" skipped="0" asserts="16">
                  <test-case id="0-1328" name="CanCatchCapitalizedWords" fullname="Content.Tests.Shared.Chat.V2.Moderation.SimpleCensorTests.CanCatchCapitalizedWords" methodname="CanCatchCapitalizedWords" classname="Content.Tests.Shared.Chat.V2.Moderation.SimpleCensorTests" runstate="Runnable" seed="125256863" result="Passed" start-time="2026-04-19T05:05:51.6634152Z" end-time="2026-04-19T05:05:51.6682423Z" duration="0.004827" asserts="1" />
                  <test-case id="0-1333" name="CanCatchLeetspeakReplacementsWithMoreThanOneLetter" fullname="Content.Tests.Shared.Chat.V2.Moderation.SimpleCensorTests.CanCatchLeetspeakReplacementsWithMoreThanOneLetter" methodname="CanCatchLeetspeakReplacementsWithMoreThanOneLetter" classname="Content.Tests.Shared.Chat.V2.Moderation.SimpleCensorTests" runstate="Runnable" seed="999903395" result="Passed" start-time="2026-04-19T05:05:51.6682722Z" end-time="2026-04-19T05:05:51.6733169Z" duration="0.005045" asserts="1" />
                  <test-case id="0-1330" name="CanCatchWordsHiddenInsideOtherWords" fullname="Content.Tests.Shared.Chat.V2.Moderation.SimpleCensorTests.CanCatchWordsHiddenInsideOtherWords" methodname="CanCatchWordsHiddenInsideOtherWords" classname="Content.Tests.Shared.Chat.V2.Moderation.SimpleCensorTests" runstate="Runnable" seed="1987000738" result="Passed" start-time="2026-04-19T05:05:51.6733340Z" end-time="2026-04-19T05:05:51.6734679Z" duration="0.000134" asserts="1" />
                  <test-case id="0-1329" name="CanCatchWordsWithSomeCaptialsInThem" fullname="Content.Tests.Shared.Chat.V2.Moderation.SimpleCensorTests.CanCatchWordsWithSomeCaptialsInThem" methodname="CanCatchWordsWithSomeCaptialsInThem" classname="Content.Tests.Shared.Chat.V2.Moderation.SimpleCensorTests" runstate="Runnable" seed="121408736" result="Passed" start-time="2026-04-19T05:05:51.6734831Z" end-time="2026-04-19T05:05:51.6736411Z" duration="0.000158" asserts="1" />
                  <test-case id="0-1324" name="CanCensorASingleWord" fullname="Content.Tests.Shared.Chat.V2.Moderation.SimpleCensorTests.CanCensorASingleWord" methodname="CanCensorASingleWord" classname="Content.Tests.Shared.Chat.V2.Moderation.SimpleCensorTests" runstate="Runnable" seed="1077140940" result="Passed" start-time="2026-04-19T05:05:51.6736568Z" end-time="2026-04-19T05:05:51.6737901Z" duration="0.000133" asserts="1" />
                  <test-case id="0-1325" name="CanCensorMultipleWordInstances" fullname="Content.Tests.Shared.Chat.V2.Moderation.SimpleCensorTests.CanCensorMultipleWordInstances" methodname="CanCensorMultipleWordInstances" classname="Content.Tests.Shared.Chat.V2.Moderation.SimpleCensorTests" runstate="Runnable" seed="1410392021" result="Passed" start-time="2026-04-19T05:05:51.6738038Z" end-time="2026-04-19T05:05:51.6739612Z" duration="0.000158" asserts="1" />
                  <test-case id="0-1326" name="CanCensorMultipleWords" fullname="Content.Tests.Shared.Chat.V2.Moderation.SimpleCensorTests.CanCensorMultipleWords" methodname="CanCensorMultipleWords" classname="Content.Tests.Shared.Chat.V2.Moderation.SimpleCensorTests" runstate="Runnable" seed="1168135281" result="Passed" start-time="2026-04-19T05:05:51.6739763Z" end-time="2026-04-19T05:05:51.6741017Z" duration="0.000126" asserts="1" />
                  <test-case id="0-1339" name="CanHandleFalseNegatives" fullname="Content.Tests.Shared.Chat.V2.Moderation.SimpleCensorTests.CanHandleFalseNegatives" methodname="CanHandleFalseNegatives" classname="Content.Tests.Shared.Chat.V2.Moderation.SimpleCensorTests" runstate="Runnable" seed="2027314546" result="Passed" start-time="2026-04-19T05:05:51.6741156Z" end-time="2026-04-19T05:05:51.6744015Z" duration="0.000286" asserts="1" />
                  <test-case id="0-1338" name="CanHandleFalsePositives" fullname="Content.Tests.Shared.Chat.V2.Moderation.SimpleCensorTests.CanHandleFalsePositives" methodname="CanHandleFalsePositives" classname="Content.Tests.Shared.Chat.V2.Moderation.SimpleCensorTests" runstate="Runnable" seed="1430889053" result="Passed" start-time="2026-04-19T05:05:51.6744184Z" end-time="2026-04-19T05:05:51.6745555Z" duration="0.000137" asserts="1" />
                  <test-case id="0-1331" name="CanSanitizeLeetspeak" fullname="Content.Tests.Shared.Chat.V2.Moderation.SimpleCensorTests.CanSanitizeLeetspeak" methodname="CanSanitizeLeetspeak" classname="Content.Tests.Shared.Chat.V2.Moderation.SimpleCensorTests" runstate="Runnable" seed="146369186" result="Passed" start-time="2026-04-19T05:05:51.6745705Z" end-time="2026-04-19T05:05:51.6747247Z" duration="0.000154" asserts="1" />
                  <test-case id="0-1327" name="CanUseDifferentCensorSymbols" fullname="Content.Tests.Shared.Chat.V2.Moderation.SimpleCensorTests.CanUseDifferentCensorSymbols" methodname="CanUseDifferentCensorSymbols" classname="Content.Tests.Shared.Chat.V2.Moderation.SimpleCensorTests" runstate="Runnable" seed="1504972285" result="Passed" start-time="2026-04-19T05:05:51.6747424Z" end-time="2026-04-19T05:05:51.6748697Z" duration="0.000127" asserts="1" />
                  <test-case id="0-1334" name="DoesNotSanitizeOutUncensoredSpecialCharacters" fullname="Content.Tests.Shared.Chat.V2.Moderation.SimpleCensorTests.DoesNotSanitizeOutUncensoredSpecialCharacters" methodname="DoesNotSanitizeOutUncensoredSpecialCharacters" classname="Content.Tests.Shared.Chat.V2.Moderation.SimpleCensorTests" runstate="Runnable" seed="259381164" result="Passed" start-time="2026-04-19T05:05:51.6748827Z" end-time="2026-04-19T05:05:51.6751031Z" duration="0.000220" asserts="1" />
                  <test-case id="0-1335" name="DoesSanitizeOutCensoredSpecialCharacters" fullname="Content.Tests.Shared.Chat.V2.Moderation.SimpleCensorTests.DoesSanitizeOutCensoredSpecialCharacters" methodname="DoesSanitizeOutCensoredSpecialCharacters" classname="Content.Tests.Shared.Chat.V2.Moderation.SimpleCensorTests" runstate="Runnable" seed="1324745176" result="Passed" start-time="2026-04-19T05:05:51.6751242Z" end-time="2026-04-19T05:05:51.6752641Z" duration="0.000140" asserts="1" />
                  <test-case id="0-1336" name="SanitizesOutNonLatinCharaters" fullname="Content.Tests.Shared.Chat.V2.Moderation.SimpleCensorTests.SanitizesOutNonLatinCharaters" methodname="SanitizesOutNonLatinCharaters" classname="Content.Tests.Shared.Chat.V2.Moderation.SimpleCensorTests" runstate="Runnable" seed="1721121046" result="Passed" start-time="2026-04-19T05:05:51.6752797Z" end-time="2026-04-19T05:05:51.6755919Z" duration="0.000312" asserts="1" />
                  <test-case id="0-1337" name="SanitizesOutNonLatinOrCyrillicCharaters" fullname="Content.Tests.Shared.Chat.V2.Moderation.SimpleCensorTests.SanitizesOutNonLatinOrCyrillicCharaters" methodname="SanitizesOutNonLatinOrCyrillicCharaters" classname="Content.Tests.Shared.Chat.V2.Moderation.SimpleCensorTests" runstate="Runnable" seed="1563752891" result="Passed" start-time="2026-04-19T05:05:51.6756090Z" end-time="2026-04-19T05:05:51.6757676Z" duration="0.000159" asserts="1" />
                  <test-case id="0-1332" name="SanitizingLeetspeakOnlyOccursWhenTheWordIsBlocked" fullname="Content.Tests.Shared.Chat.V2.Moderation.SimpleCensorTests.SanitizingLeetspeakOnlyOccursWhenTheWordIsBlocked" methodname="SanitizingLeetspeakOnlyOccursWhenTheWordIsBlocked" classname="Content.Tests.Shared.Chat.V2.Moderation.SimpleCensorTests" runstate="Runnable" seed="1241657029" result="Passed" start-time="2026-04-19T05:05:51.6757831Z" end-time="2026-04-19T05:05:51.6759585Z" duration="0.000176" asserts="1" />
                </test-suite>
              </test-suite>
            </test-suite>
          </test-suite>
          <test-suite type="TestFixture" id="0-1003" name="DirectionRandomizerTest" fullname="Content.Tests.Shared.DirectionRandomizerTest" classname="Content.Tests.Shared.DirectionRandomizerTest" runstate="Runnable" testcasecount="3" result="Passed" start-time="2026-04-19T05:06:22.4897296Z" end-time="2026-04-19T05:06:22.5309482Z" duration="0.041218" total="3" passed="3" failed="0" warnings="0" inconclusive="0" skipped="0" asserts="3">
            <properties>
              <property name="ParallelScope" value="Self" />
            </properties>
            <test-suite type="ParameterizedMethod" id="0-1007" name="TestRandomization" fullname="Content.Tests.Shared.DirectionRandomizerTest.TestRandomization" classname="Content.Tests.Shared.DirectionRandomizerTest" runstate="Runnable" testcasecount="3" result="Passed" start-time="2026-04-19T05:06:22.5201810Z" end-time="2026-04-19T05:06:22.5305776Z" duration="0.010396" total="3" passed="3" failed="0" warnings="0" inconclusive="0" skipped="0" asserts="3">
              <test-case id="0-1004" name="TestRandomization([East, NorthEast, West, NorthWest, South, ...])" fullname="Content.Tests.Shared.DirectionRandomizerTest.TestRandomization([East, NorthEast, West, NorthWest, South, ...])" methodname="TestRandomization" classname="Content.Tests.Shared.DirectionRandomizerTest" runstate="Runnable" seed="2069638450" result="Passed" start-time="2026-04-19T05:06:22.5203649Z" end-time="2026-04-19T05:06:22.5285249Z" duration="0.008161" asserts="1" />
              <test-case id="0-1005" name="TestRandomization([East, West, South, North])" fullname="Content.Tests.Shared.DirectionRandomizerTest.TestRandomization([East, West, South, North])" methodname="TestRandomization" classname="Content.Tests.Shared.DirectionRandomizerTest" runstate="Runnable" seed="1536743735" result="Passed" start-time="2026-04-19T05:06:22.5297579Z" end-time="2026-04-19T05:06:22.5300607Z" duration="0.000303" asserts="1" />
              <test-case id="0-1006" name="TestRandomization([East, West])" fullname="Content.Tests.Shared.DirectionRandomizerTest.TestRandomization([East, West])" methodname="TestRandomization" classname="Content.Tests.Shared.DirectionRandomizerTest" runstate="Runnable" seed="37006322" result="Passed" start-time="2026-04-19T05:06:22.5303608Z" end-time="2026-04-19T05:06:22.5303892Z" duration="0.000027" asserts="1" />
            </test-suite>
          </test-suite>
          <test-suite type="TestSuite" id="0-1457" name="Gamestates" fullname="Content.Tests.Shared.Gamestates" runstate="Runnable" testcasecount="1" result="Passed" start-time="2026-04-19T05:05:51.2036381Z" end-time="2026-04-19T05:06:23.1362701Z" duration="31.932632" total="1" passed="1" failed="0" warnings="0" inconclusive="0" skipped="0" asserts="0">
            <test-suite type="TestFixture" id="0-1212" name="ComponentStateNullTest" fullname="Content.Tests.Shared.Gamestates.ComponentStateNullTest" classname="Content.Tests.Shared.Gamestates.ComponentStateNullTest" runstate="Runnable" testcasecount="1" result="Passed" start-time="2026-04-19T05:06:22.5312579Z" end-time="2026-04-19T05:06:23.1361103Z" duration="0.604852" total="1" passed="1" failed="0" warnings="0" inconclusive="0" skipped="0" asserts="0">
              <test-case id="0-1213" name="HandleComponentState_NullStates_NotThrow" fullname="Content.Tests.Shared.Gamestates.ComponentStateNullTest.HandleComponentState_NullStates_NotThrow" methodname="HandleComponentState_NullStates_NotThrow" classname="Content.Tests.Shared.Gamestates.ComponentStateNullTest" runstate="Runnable" seed="2042481334" result="Passed" start-time="2026-04-19T05:06:22.5320972Z" end-time="2026-04-19T05:06:23.1356349Z" duration="0.603538" asserts="0" />
            </test-suite>
          </test-suite>
          <test-suite type="TestSuite" id="0-1456" name="Localizations" fullname="Content.Tests.Shared.Localizations" runstate="Runnable" testcasecount="14" result="Passed" start-time="2026-04-19T05:05:51.2036450Z" end-time="2026-04-19T05:06:23.1926955Z" duration="31.989051" total="14" passed="14" failed="0" warnings="0" inconclusive="0" skipped="0" asserts="28">
            <test-suite type="TestFixture" id="0-1195" name="UserInputParserTest" fullname="Content.Tests.Shared.Localizations.UserInputParserTest" classname="Content.Tests.Shared.Localizations.UserInputParserTest" runstate="Runnable" testcasecount="14" result="Passed" start-time="2026-04-19T05:06:23.1399438Z" end-time="2026-04-19T05:06:23.1926742Z" duration="0.052730" total="14" passed="14" failed="0" warnings="0" inconclusive="0" skipped="0" asserts="28">
              <test-suite type="ParameterizedMethod" id="0-1211" name="TryDoubleTest" fullname="Content.Tests.Shared.Localizations.UserInputParserTest.TryDoubleTest" classname="Content.Tests.Shared.Localizations.UserInputParserTest" runstate="Runnable" testcasecount="7" result="Passed" start-time="2026-04-19T05:06:23.1472097Z" end-time="2026-04-19T05:06:23.1683998Z" duration="0.021189" total="7" passed="7" failed="0" warnings="0" inconclusive="0" skipped="0" asserts="14">
                <test-case id="0-1204" name="TryDoubleTest(&quot;1234.56&quot;,1234.56d,True)" fullname="Content.Tests.Shared.Localizations.UserInputParserTest.TryDoubleTest(&quot;1234.56&quot;,1234.56d,True)" methodname="TryDoubleTest" classname="Content.Tests.Shared.Localizations.UserInputParserTest" runstate="Runnable" seed="985379798" result="Passed" start-time="2026-04-19T05:06:23.1507176Z" end-time="2026-04-19T05:06:23.1527892Z" duration="0.002072" asserts="2" />
                <test-case id="0-1205" name="TryDoubleTest(&quot;1234,56&quot;,1234.56d,True)" fullname="Content.Tests.Shared.Localizations.UserInputParserTest.TryDoubleTest(&quot;1234,56&quot;,1234.56d,True)" methodname="TryDoubleTest" classname="Content.Tests.Shared.Localizations.UserInputParserTest" runstate="Runnable" seed="497647130" result="Passed" start-time="2026-04-19T05:06:23.1541601Z" end-time="2026-04-19T05:06:23.1613217Z" duration="0.007162" asserts="2" />
                <test-case id="0-1206" name="TryDoubleTest(&quot; +1234.56 &quot;,1234.56d,True)" fullname="Content.Tests.Shared.Localizations.UserInputParserTest.TryDoubleTest(&quot; +1234.56 &quot;,1234.56d,True)" methodname="TryDoubleTest" classname="Content.Tests.Shared.Localizations.UserInputParserTest" runstate="Runnable" seed="892886066" result="Passed" start-time="2026-04-19T05:06:23.1669506Z" end-time="2026-04-19T05:06:23.1670318Z" duration="0.000081" asserts="2" />
                <test-case id="0-1207" name="TryDoubleTest(&quot; -1234.56 &quot;,-1234.56d,True)" fullname="Content.Tests.Shared.Localizations.UserInputParserTest.TryDoubleTest(&quot; -1234.56 &quot;,-1234.56d,True)" methodname="TryDoubleTest" classname="Content.Tests.Shared.Localizations.UserInputParserTest" runstate="Runnable" seed="791877820" result="Passed" start-time="2026-04-19T05:06:23.1681952Z" end-time="2026-04-19T05:06:23.1682494Z" duration="0.000054" asserts="2" />
                <test-case id="0-1208" name="TryDoubleTest(&quot;1234.56e7&quot;,0.0d,False)" fullname="Content.Tests.Shared.Localizations.UserInputParserTest.TryDoubleTest(&quot;1234.56e7&quot;,0.0d,False)" methodname="TryDoubleTest" classname="Content.Tests.Shared.Localizations.UserInputParserTest" runstate="Runnable" seed="959228428" result="Passed" start-time="2026-04-19T05:06:23.1682658Z" end-time="2026-04-19T05:06:23.1683017Z" duration="0.000036" asserts="2" />
                <test-case id="0-1209" name="TryDoubleTest(&quot;1,234.56&quot;,0.0d,False)" fullname="Content.Tests.Shared.Localizations.UserInputParserTest.TryDoubleTest(&quot;1,234.56&quot;,0.0d,False)" methodname="TryDoubleTest" classname="Content.Tests.Shared.Localizations.UserInputParserTest" runstate="Runnable" seed="1223743973" result="Passed" start-time="2026-04-19T05:06:23.1683155Z" end-time="2026-04-19T05:06:23.1683416Z" duration="0.000026" asserts="2" />
                <test-case id="0-1210" name="TryDoubleTest(&quot;1 234,56&quot;,0.0d,False)" fullname="Content.Tests.Shared.Localizations.UserInputParserTest.TryDoubleTest(&quot;1 234,56&quot;,0.0d,False)" methodname="TryDoubleTest" classname="Content.Tests.Shared.Localizations.UserInputParserTest" runstate="Runnable" seed="1733536890" result="Passed" start-time="2026-04-19T05:06:23.1683508Z" end-time="2026-04-19T05:06:23.1683679Z" duration="0.000017" asserts="2" />
              </test-suite>
              <test-suite type="ParameterizedMethod" id="0-1203" name="TryFloatTest" fullname="Content.Tests.Shared.Localizations.UserInputParserTest.TryFloatTest" classname="Content.Tests.Shared.Localizations.UserInputParserTest" runstate="Runnable" testcasecount="7" result="Passed" start-time="2026-04-19T05:06:23.1684349Z" end-time="2026-04-19T05:06:23.1926395Z" duration="0.024205" total="7" passed="7" failed="0" warnings="0" inconclusive="0" skipped="0" asserts="14">
                <test-case id="0-1196" name="TryFloatTest(&quot;1234.56&quot;,1234.56f,True)" fullname="Content.Tests.Shared.Localizations.UserInputParserTest.TryFloatTest(&quot;1234.56&quot;,1234.56f,True)" methodname="TryFloatTest" classname="Content.Tests.Shared.Localizations.UserInputParserTest" runstate="Runnable" seed="1744472736" result="Passed" start-time="2026-04-19T05:06:23.1684666Z" end-time="2026-04-19T05:06:23.1734112Z" duration="0.004945" asserts="2" />
                <test-case id="0-1197" name="TryFloatTest(&quot;1234,56&quot;,1234.56f,True)" fullname="Content.Tests.Shared.Localizations.UserInputParserTest.TryFloatTest(&quot;1234,56&quot;,1234.56f,True)" methodname="TryFloatTest" classname="Content.Tests.Shared.Localizations.UserInputParserTest" runstate="Runnable" seed="1638586648" result="Passed" start-time="2026-04-19T05:06:23.1776895Z" end-time="2026-04-19T05:06:23.1782910Z" duration="0.000601" asserts="2" />
                <test-case id="0-1198" name="TryFloatTest(&quot; +1234.56 &quot;,1234.56f,True)" fullname="Content.Tests.Shared.Localizations.UserInputParserTest.TryFloatTest(&quot; +1234.56 &quot;,1234.56f,True)" methodname="TryFloatTest" classname="Content.Tests.Shared.Localizations.UserInputParserTest" runstate="Runnable" seed="2126438530" result="Passed" start-time="2026-04-19T05:06:23.1913051Z" end-time="2026-04-19T05:06:23.1922539Z" duration="0.000948" asserts="2" />
                <test-case id="0-1199" name="TryFloatTest(&quot; -1234.56 &quot;,-1234.56f,True)" fullname="Content.Tests.Shared.Localizations.UserInputParserTest.TryFloatTest(&quot; -1234.56 &quot;,-1234.56f,True)" methodname="TryFloatTest" classname="Content.Tests.Shared.Localizations.UserInputParserTest" runstate="Runnable" seed="1339867131" result="Passed" start-time="2026-04-19T05:06:23.1924420Z" end-time="2026-04-19T05:06:23.1924940Z" duration="0.000052" asserts="2" />
                <test-case id="0-1200" name="TryFloatTest(&quot;1234.56e7&quot;,0.0f,False)" fullname="Content.Tests.Shared.Localizations.UserInputParserTest.TryFloatTest(&quot;1234.56e7&quot;,0.0f,False)" methodname="TryFloatTest" classname="Content.Tests.Shared.Localizations.UserInputParserTest" runstate="Runnable" seed="490005256" result="Passed" start-time="2026-04-19T05:06:23.1925105Z" end-time="2026-04-19T05:06:23.1925468Z" duration="0.000036" asserts="2" />
                <test-case id="0-1201" name="TryFloatTest(&quot;1,234.56&quot;,0.0f,False)" fullname="Content.Tests.Shared.Localizations.UserInputParserTest.TryFloatTest(&quot;1,234.56&quot;,0.0f,False)" methodname="TryFloatTest" classname="Content.Tests.Shared.Localizations.UserInputParserTest" runstate="Runnable" seed="1523083241" result="Passed" start-time="2026-04-19T05:06:23.1925701Z" end-time="2026-04-19T05:06:23.1925906Z" duration="0.000021" asserts="2" />
                <test-case id="0-1202" name="TryFloatTest(&quot;1 234,56&quot;,0.0f,False)" fullname="Content.Tests.Shared.Localizations.UserInputParserTest.TryFloatTest(&quot;1 234,56&quot;,0.0f,False)" methodname="TryFloatTest" classname="Content.Tests.Shared.Localizations.UserInputParserTest" runstate="Runnable" seed="130910950" result="Passed" start-time="2026-04-19T05:06:23.1926004Z" end-time="2026-04-19T05:06:23.1926196Z" duration="0.000019" asserts="2" />
              </test-suite>
            </test-suite>
          </test-suite>
          <test-suite type="TestFixture" id="0-1000" name="DamageTest" fullname="Content.Tests.Shared.DamageTest" classname="Content.Tests.Shared.DamageTest" runstate="Runnable" testcasecount="2" result="Passed" start-time="2026-04-19T05:05:52.2341783Z" end-time="2026-04-19T05:06:30.1599676Z" duration="37.925789" total="2" passed="2" failed="0" warnings="0" inconclusive="0" skipped="0" asserts="59">
            <properties>
              <property name="TestOf" value="Content.Shared.Damage.DamageSpecifier" />
              <property name="TestOf" value="Content.Shared.Damage.Prototypes.DamageModifierSetPrototype" />
              <property name="TestOf" value="Content.Shared.Damage.Prototypes.DamageGroupPrototype" />
              <property name="ParallelScope" value="Self" />
            </properties>
            <test-case id="0-1001" name="DamageSpecifierTest" fullname="Content.Tests.Shared.DamageTest.DamageSpecifierTest" methodname="DamageSpecifierTest" classname="Content.Tests.Shared.DamageTest" runstate="Runnable" seed="1845647020" result="Passed" start-time="2026-04-19T05:06:30.1315259Z" end-time="2026-04-19T05:06:30.1477078Z" duration="0.016182" asserts="51" />
            <test-case id="0-1002" name="ModifierSetTest" fullname="Content.Tests.Shared.DamageTest.ModifierSetTest" methodname="ModifierSetTest" classname="Content.Tests.Shared.DamageTest" runstate="Runnable" seed="1674316087" result="Passed" start-time="2026-04-19T05:06:30.1479011Z" end-time="2026-04-19T05:06:30.1572752Z" duration="0.009374" asserts="8" />
          </test-suite>
          <test-suite type="TestSuite" id="0-1463" name="Alert" fullname="Content.Tests.Shared.Alert" runstate="Runnable" testcasecount="8" result="Skipped" label="Ignored" site="Child" start-time="2026-04-19T05:05:51.2035828Z" end-time="2026-04-19T05:06:30.7825585Z" duration="39.578976" total="8" passed="7" failed="0" warnings="0" inconclusive="0" skipped="1" asserts="7">
            <reason>
              <message><![CDATA[One or more child tests were ignored]]></message>
            </reason>
            <test-suite type="TestFixture" id="0-1342" name="AlertManagerTests" fullname="Content.Tests.Shared.Alert.AlertManagerTests" classname="Content.Tests.Shared.Alert.AlertManagerTests" runstate="Runnable" testcasecount="1" result="Skipped" label="Ignored" site="Child" start-time="2026-04-19T05:05:51.2402486Z" end-time="2026-04-19T05:05:51.6255110Z" duration="0.385263" total="1" passed="0" failed="0" warnings="0" inconclusive="0" skipped="1" asserts="0">
              <properties>
                <property name="TestOf" value="Content.Shared.Alert.AlertsSystem" />
                <property name="ParallelScope" value="Self" />
              </properties>
              <reason>
                <message><![CDATA[One or more child tests were ignored]]></message>
              </reason>
              <test-case id="0-1343" name="TestAlertManager" fullname="Content.Tests.Shared.Alert.AlertManagerTests.TestAlertManager" methodname="TestAlertManager" classname="Content.Tests.Shared.Alert.AlertManagerTests" runstate="Ignored" seed="2060498365" result="Skipped" label="Ignored" start-time="2026-04-19T05:05:51.6147968Z" end-time="2026-04-19T05:05:51.6151833Z" duration="0.000386" asserts="0">
                <properties>
                  <property name="_SKIPREASON" value="There is no way to load extra Systems in a unit test, fixing RobustUnitTest is out of scope." />
                </properties>
                <reason>
                  <message><![CDATA[There is no way to load extra Systems in a unit test, fixing RobustUnitTest is out of scope.]]></message>
                </reason>
              </test-case>
            </test-suite>
            <test-suite type="TestFixture" id="0-1346" name="AlertPrototypeTests" fullname="Content.Tests.Shared.Alert.AlertPrototypeTests" classname="Content.Tests.Shared.Alert.AlertPrototypeTests" runstate="Runnable" testcasecount="6" result="Passed" start-time="2026-04-19T05:05:51.6258646Z" end-time="2026-04-19T05:06:22.4891054Z" duration="30.863241" total="6" passed="6" failed="0" warnings="0" inconclusive="0" skipped="0" asserts="6">
              <properties>
                <property name="TestOf" value="Content.Shared.Alert.AlertPrototype" />
                <property name="ParallelScope" value="Self" />
              </properties>
              <test-suite type="ParameterizedMethod" id="0-1351" name="GetsIconPath" fullname="Content.Tests.Shared.Alert.AlertPrototypeTests.GetsIconPath" classname="Content.Tests.Shared.Alert.AlertPrototypeTests" runstate="Runnable" testcasecount="3" result="Passed" start-time="2026-04-19T05:06:22.0958958Z" end-time="2026-04-19T05:06:22.3002433Z" duration="0.204348" total="3" passed="3" failed="0" warnings="0" inconclusive="0" skipped="0" asserts="3">
                <test-case id="0-1348" name="GetsIconPath(0,&quot;/Textures/Interface/Alerts/Human/human.rsi/human0.png&quot;)" fullname="Content.Tests.Shared.Alert.AlertPrototypeTests.GetsIconPath(0,&quot;/Textures/Interface/Alerts/Human/human.rsi/human0.png&quot;)" methodname="GetsIconPath" classname="Content.Tests.Shared.Alert.AlertPrototypeTests" runstate="Runnable" seed="171392858" result="Passed" start-time="2026-04-19T05:06:22.0960414Z" end-time="2026-04-19T05:06:22.2682399Z" duration="0.172199" asserts="1" />
                <test-case id="0-1349" name="GetsIconPath(1,&quot;/Textures/Interface/Alerts/Human/human.rsi/human1.png&quot;)" fullname="Content.Tests.Shared.Alert.AlertPrototypeTests.GetsIconPath(1,&quot;/Textures/Interface/Alerts/Human/human.rsi/human1.png&quot;)" methodname="GetsIconPath" classname="Content.Tests.Shared.Alert.AlertPrototypeTests" runstate="Runnable" seed="1841776006" result="Passed" start-time="2026-04-19T05:06:22.2706836Z" end-time="2026-04-19T05:06:22.2774653Z" duration="0.006782" asserts="1" />
                <test-case id="0-1350" name="GetsIconPath(6,&quot;/Textures/Interface/Alerts/Human/human.rsi/human6.png&quot;)" fullname="Content.Tests.Shared.Alert.AlertPrototypeTests.GetsIconPath(6,&quot;/Textures/Interface/Alerts/Human/human.rsi/human6.png&quot;)" methodname="GetsIconPath" classname="Content.Tests.Shared.Alert.AlertPrototypeTests" runstate="Runnable" seed="1392031001" result="Passed" start-time="2026-04-19T05:06:22.2905767Z" end-time="2026-04-19T05:06:22.2911111Z" duration="0.000534" asserts="1" />
              </test-suite>
              <test-suite type="ParameterizedMethod" id="0-1354" name="GetsIconPathThrows" fullname="Content.Tests.Shared.Alert.AlertPrototypeTests.GetsIconPathThrows" classname="Content.Tests.Shared.Alert.AlertPrototypeTests" runstate="Runnable" testcasecount="2" result="Passed" start-time="2026-04-19T05:06:22.3132766Z" end-time="2026-04-19T05:06:22.4443355Z" duration="0.131059" total="2" passed="2" failed="0" warnings="0" inconclusive="0" skipped="0" asserts="0">
                <test-case id="0-1352" name="GetsIconPathThrows(null,&quot;/Textures/Interface/Alerts/Human/human.rsi/human0.png&quot;)" fullname="Content.Tests.Shared.Alert.AlertPrototypeTests.GetsIconPathThrows(null,&quot;/Textures/Interface/Alerts/Human/human.rsi/human0.png&quot;)" methodname="GetsIconPathThrows" classname="Content.Tests.Shared.Alert.AlertPrototypeTests" runstate="Runnable" seed="1584544754" result="Passed" start-time="2026-04-19T05:06:22.3221306Z" end-time="2026-04-19T05:06:22.3914694Z" duration="0.069339" asserts="0" />
                <test-case id="0-1353" name="GetsIconPathThrows(7,&quot;/Textures/Interface/Alerts/Human/human.rsi/human1.png&quot;)" fullname="Content.Tests.Shared.Alert.AlertPrototypeTests.GetsIconPathThrows(7,&quot;/Textures/Interface/Alerts/Human/human.rsi/human1.png&quot;)" methodname="GetsIconPathThrows" classname="Content.Tests.Shared.Alert.AlertPrototypeTests" runstate="Runnable" seed="662584603" result="Passed" start-time="2026-04-19T05:06:22.3998071Z" end-time="2026-04-19T05:06:22.4361584Z" duration="0.036351" asserts="0" />
              </test-suite>
              <test-case id="0-1347" name="TestAlertKey" fullname="Content.Tests.Shared.Alert.AlertPrototypeTests.TestAlertKey" methodname="TestAlertKey" classname="Content.Tests.Shared.Alert.AlertPrototypeTests" runstate="Runnable" seed="2080699749" result="Passed" start-time="2026-04-19T05:06:22.4505472Z" end-time="2026-04-19T05:06:22.4824818Z" duration="0.031935" asserts="3" />
            </test-suite>
            <test-suite type="TestFixture" id="0-1344" name="AlertOrderPrototypeTests" fullname="Content.Tests.Shared.Alert.AlertOrderPrototypeTests" classname="Content.Tests.Shared.Alert.AlertOrderPrototypeTests" runstate="Runnable" testcasecount="1" result="Passed" start-time="2026-04-19T05:05:51.2768937Z" end-time="2026-04-19T05:06:30.7825395Z" duration="39.505646" total="1" passed="1" failed="0" warnings="0" inconclusive="0" skipped="0" asserts="1">
              <properties>
                <property name="TestOf" value="Content.Shared.Alert.AlertOrderPrototype" />
                <property name="ParallelScope" value="Self" />
              </properties>
              <test-case id="0-1345" name="TestAlertOrderPrototype" fullname="Content.Tests.Shared.Alert.AlertOrderPrototypeTests.TestAlertOrderPrototype" methodname="TestAlertOrderPrototype" classname="Content.Tests.Shared.Alert.AlertOrderPrototypeTests" runstate="Runnable" seed="1775874016" result="Passed" start-time="2026-04-19T05:05:51.9069358Z" end-time="2026-04-19T05:06:30.7823047Z" duration="38.875368" asserts="1" />
            </test-suite>
          </test-suite>
          <test-suite type="TestSuite" id="0-1458" name="Chemistry" fullname="Content.Tests.Shared.Chemistry" runstate="Runnable" testcasecount="87" result="Passed" start-time="2026-04-19T05:05:51.2036267Z" end-time="2026-04-19T05:06:31.0388252Z" duration="39.835199" total="87" passed="87" failed="0" warnings="0" inconclusive="0" skipped="0" asserts="155">
            <test-suite type="TestFixture" id="0-1214" name="FixedPoint2_Tests" fullname="Content.Tests.Shared.Chemistry.FixedPoint2_Tests" classname="Content.Tests.Shared.Chemistry.FixedPoint2_Tests" runstate="Runnable" testcasecount="50" result="Passed" start-time="2026-04-19T05:05:51.6674672Z" end-time="2026-04-19T05:05:51.7087578Z" duration="0.041291" total="50" passed="50" failed="0" warnings="0" inconclusive="0" skipped="0" asserts="56">
              <properties>
                <property name="TestOf" value="Content.Shared.FixedPoint.FixedPoint2" />
                <property name="ParallelScope" value="Self" />
              </properties>
[...]
                <test-case id="0-1160" name="TestEqual(4,4,2)" fullname="Content.Tests.Shared.Utility.ContentHelpers_Test.TestEqual(4,4,2)" methodname="TestEqual" classname="Content.Tests.Shared.Utility.ContentHelpers_Test" runstate="Runnable" seed="773638479" result="Passed" start-time="2026-04-19T05:06:30.8327031Z" end-time="2026-04-19T05:06:30.8327089Z" duration="0.000006" asserts="1" />
                <test-case id="0-1161" name="TestEqual(0,5,3)" fullname="Content.Tests.Shared.Utility.ContentHelpers_Test.TestEqual(0,5,3)" methodname="TestEqual" classname="Content.Tests.Shared.Utility.ContentHelpers_Test" runstate="Runnable" seed="1886601728" result="Passed" start-time="2026-04-19T05:06:30.8327150Z" end-time="2026-04-19T05:06:30.8327207Z" duration="0.000006" asserts="1" />
                <test-case id="0-1162" name="TestEqual(1,5,3)" fullname="Content.Tests.Shared.Utility.ContentHelpers_Test.TestEqual(1,5,3)" methodname="TestEqual" classname="Content.Tests.Shared.Utility.ContentHelpers_Test" runstate="Runnable" seed="1399119354" result="Passed" start-time="2026-04-19T05:06:30.8327269Z" end-time="2026-04-19T05:06:30.8327327Z" duration="0.000006" asserts="1" />
                <test-case id="0-1163" name="TestEqual(2,5,3)" fullname="Content.Tests.Shared.Utility.ContentHelpers_Test.TestEqual(2,5,3)" methodname="TestEqual" classname="Content.Tests.Shared.Utility.ContentHelpers_Test" runstate="Runnable" seed="2016107750" result="Passed" start-time="2026-04-19T05:06:30.8327391Z" end-time="2026-04-19T05:06:30.8327447Z" duration="0.000006" asserts="1" />
                <test-case id="0-1164" name="TestEqual(3,5,3)" fullname="Content.Tests.Shared.Utility.ContentHelpers_Test.TestEqual(3,5,3)" methodname="TestEqual" classname="Content.Tests.Shared.Utility.ContentHelpers_Test" runstate="Runnable" seed="1742515413" result="Passed" start-time="2026-04-19T05:06:30.8327509Z" end-time="2026-04-19T05:06:30.8327575Z" duration="0.000007" asserts="1" />
                <test-case id="0-1165" name="TestEqual(4,5,3)" fullname="Content.Tests.Shared.Utility.ContentHelpers_Test.TestEqual(4,5,3)" methodname="TestEqual" classname="Content.Tests.Shared.Utility.ContentHelpers_Test" runstate="Runnable" seed="1138202660" result="Passed" start-time="2026-04-19T05:06:30.8327650Z" end-time="2026-04-19T05:06:30.8327710Z" duration="0.000006" asserts="1" />
                <test-case id="0-1166" name="TestEqual(0,7,3)" fullname="Content.Tests.Shared.Utility.ContentHelpers_Test.TestEqual(0,7,3)" methodname="TestEqual" classname="Content.Tests.Shared.Utility.ContentHelpers_Test" runstate="Runnable" seed="882114889" result="Passed" start-time="2026-04-19T05:06:30.8327773Z" end-time="2026-04-19T05:06:30.8327829Z" duration="0.000006" asserts="1" />
                <test-case id="0-1167" name="TestEqual(1,7,3)" fullname="Content.Tests.Shared.Utility.ContentHelpers_Test.TestEqual(1,7,3)" methodname="TestEqual" classname="Content.Tests.Shared.Utility.ContentHelpers_Test" runstate="Runnable" seed="1163437190" result="Passed" start-time="2026-04-19T05:06:30.8327895Z" end-time="2026-04-19T05:06:30.8327967Z" duration="0.000007" asserts="1" />
                <test-case id="0-1168" name="TestEqual(2,7,3)" fullname="Content.Tests.Shared.Utility.ContentHelpers_Test.TestEqual(2,7,3)" methodname="TestEqual" classname="Content.Tests.Shared.Utility.ContentHelpers_Test" runstate="Runnable" seed="1558225197" result="Passed" start-time="2026-04-19T05:06:30.8328035Z" end-time="2026-04-19T05:06:30.8328095Z" duration="0.000006" asserts="1" />
                <test-case id="0-1169" name="TestEqual(3,7,3)" fullname="Content.Tests.Shared.Utility.ContentHelpers_Test.TestEqual(3,7,3)" methodname="TestEqual" classname="Content.Tests.Shared.Utility.ContentHelpers_Test" runstate="Runnable" seed="1520777969" result="Passed" start-time="2026-04-19T05:06:30.8328159Z" end-time="2026-04-19T05:06:30.8328229Z" duration="0.000007" asserts="1" />
                <test-case id="0-1170" name="TestEqual(4,7,3)" fullname="Content.Tests.Shared.Utility.ContentHelpers_Test.TestEqual(4,7,3)" methodname="TestEqual" classname="Content.Tests.Shared.Utility.ContentHelpers_Test" runstate="Runnable" seed="357249720" result="Passed" start-time="2026-04-19T05:06:30.8328294Z" end-time="2026-04-19T05:06:30.8328355Z" duration="0.000006" asserts="1" />
                <test-case id="0-1171" name="TestEqual(5,7,3)" fullname="Content.Tests.Shared.Utility.ContentHelpers_Test.TestEqual(5,7,3)" methodname="TestEqual" classname="Content.Tests.Shared.Utility.ContentHelpers_Test" runstate="Runnable" seed="2104699102" result="Passed" start-time="2026-04-19T05:06:30.8328418Z" end-time="2026-04-19T05:06:30.8328498Z" duration="0.000008" asserts="1" />
                <test-case id="0-1172" name="TestEqual(6,7,3)" fullname="Content.Tests.Shared.Utility.ContentHelpers_Test.TestEqual(6,7,3)" methodname="TestEqual" classname="Content.Tests.Shared.Utility.ContentHelpers_Test" runstate="Runnable" seed="1698159970" result="Passed" start-time="2026-04-19T05:06:30.8328573Z" end-time="2026-04-19T05:06:30.8328664Z" duration="0.000009" asserts="1" />
                <test-case id="0-1173" name="TestEqual(7,7,3)" fullname="Content.Tests.Shared.Utility.ContentHelpers_Test.TestEqual(7,7,3)" methodname="TestEqual" classname="Content.Tests.Shared.Utility.ContentHelpers_Test" runstate="Runnable" seed="1466021536" result="Passed" start-time="2026-04-19T05:06:30.8328826Z" end-time="2026-04-19T05:06:30.8328887Z" duration="0.000006" asserts="1" />
                <test-case id="0-1174" name="TestEqual(0.1d,6,5)" fullname="Content.Tests.Shared.Utility.ContentHelpers_Test.TestEqual(0.1d,6,5)" methodname="TestEqual" classname="Content.Tests.Shared.Utility.ContentHelpers_Test" runstate="Runnable" seed="1290241237" result="Passed" start-time="2026-04-19T05:06:30.8328951Z" end-time="2026-04-19T05:06:30.8329010Z" duration="0.000006" asserts="1" />
                <test-case id="0-1175" name="TestEqual(-32,6,5)" fullname="Content.Tests.Shared.Utility.ContentHelpers_Test.TestEqual(-32,6,5)" methodname="TestEqual" classname="Content.Tests.Shared.Utility.ContentHelpers_Test" runstate="Runnable" seed="1521072172" result="Passed" start-time="2026-04-19T05:06:30.8329296Z" end-time="2026-04-19T05:06:30.8329364Z" duration="0.000007" asserts="1" />
                <test-case id="0-1176" name="TestEqual(2.4d,6,5)" fullname="Content.Tests.Shared.Utility.ContentHelpers_Test.TestEqual(2.4d,6,5)" methodname="TestEqual" classname="Content.Tests.Shared.Utility.ContentHelpers_Test" runstate="Runnable" seed="36262817" result="Passed" start-time="2026-04-19T05:06:30.8329508Z" end-time="2026-04-19T05:06:30.8329576Z" duration="0.000007" asserts="1" />
                <test-case id="0-1177" name="TestEqual(2.5d,6,5)" fullname="Content.Tests.Shared.Utility.ContentHelpers_Test.TestEqual(2.5d,6,5)" methodname="TestEqual" classname="Content.Tests.Shared.Utility.ContentHelpers_Test" runstate="Runnable" seed="2060093120" result="Passed" start-time="2026-04-19T05:06:30.8329654Z" end-time="2026-04-19T05:06:30.8329711Z" duration="0.000006" asserts="1" />
                <test-case id="0-1178" name="TestEqual(320,6,5)" fullname="Content.Tests.Shared.Utility.ContentHelpers_Test.TestEqual(320,6,5)" methodname="TestEqual" classname="Content.Tests.Shared.Utility.ContentHelpers_Test" runstate="Runnable" seed="2014756146" result="Passed" start-time="2026-04-19T05:06:30.8329775Z" end-time="2026-04-19T05:06:30.8329835Z" duration="0.000006" asserts="1" />
              </test-suite>
              <test-suite type="ParameterizedMethod" id="0-1142" name="TestNearest" fullname="Content.Tests.Shared.Utility.ContentHelpers_Test.TestNearest" classname="Content.Tests.Shared.Utility.ContentHelpers_Test" runstate="Runnable" testcasecount="25" result="Passed" start-time="2026-04-19T05:06:30.8330151Z" end-time="2026-04-19T05:06:30.8339300Z" duration="0.000915" total="25" passed="25" failed="0" warnings="0" inconclusive="0" skipped="0" asserts="25">
                <properties>
                  <property name="ParallelScope" value="Self" />
                </properties>
                <test-case id="0-1117" name="TestNearest((0, 5, 2, 0))" fullname="Content.Tests.Shared.Utility.ContentHelpers_Test.TestNearest((0, 5, 2, 0))" methodname="TestNearest" classname="Content.Tests.Shared.Utility.ContentHelpers_Test" runstate="Runnable" seed="277583773" result="Passed" start-time="2026-04-19T05:06:30.8330414Z" end-time="2026-04-19T05:06:30.8333365Z" duration="0.000295" asserts="1" />
                <test-case id="0-1118" name="TestNearest((1, 5, 2, 0))" fullname="Content.Tests.Shared.Utility.ContentHelpers_Test.TestNearest((1, 5, 2, 0))" methodname="TestNearest" classname="Content.Tests.Shared.Utility.ContentHelpers_Test" runstate="Runnable" seed="1104750021" result="Passed" start-time="2026-04-19T05:06:30.8333526Z" end-time="2026-04-19T05:06:30.8336243Z" duration="0.000272" asserts="1" />
                <test-case id="0-1119" name="TestNearest((2, 5, 2, 1))" fullname="Content.Tests.Shared.Utility.ContentHelpers_Test.TestNearest((2, 5, 2, 1))" methodname="TestNearest" classname="Content.Tests.Shared.Utility.ContentHelpers_Test" runstate="Runnable" seed="338655874" result="Passed" start-time="2026-04-19T05:06:30.8336406Z" end-time="2026-04-19T05:06:30.8336526Z" duration="0.000012" asserts="1" />
                <test-case id="0-1120" name="TestNearest((3, 5, 2, 1))" fullname="Content.Tests.Shared.Utility.ContentHelpers_Test.TestNearest((3, 5, 2, 1))" methodname="TestNearest" classname="Content.Tests.Shared.Utility.ContentHelpers_Test" runstate="Runnable" seed="1883030954" result="Passed" start-time="2026-04-19T05:06:30.8336601Z" end-time="2026-04-19T05:06:30.8336648Z" duration="0.000005" asserts="1" />
                <test-case id="0-1121" name="TestNearest((4, 5, 2, 2))" fullname="Content.Tests.Shared.Utility.ContentHelpers_Test.TestNearest((4, 5, 2, 2))" methodname="TestNearest" classname="Content.Tests.Shared.Utility.ContentHelpers_Test" runstate="Runnable" seed="666714181" result="Passed" start-time="2026-04-19T05:06:30.8336714Z" end-time="2026-04-19T05:06:30.8336762Z" duration="0.000005" asserts="1" />
                <test-case id="0-1122" name="TestNearest((5, 5, 2, 2))" fullname="Content.Tests.Shared.Utility.ContentHelpers_Test.TestNearest((5, 5, 2, 2))" methodname="TestNearest" classname="Content.Tests.Shared.Utility.ContentHelpers_Test" runstate="Runnable" seed="77977985" result="Passed" start-time="2026-04-19T05:06:30.8336825Z" end-time="2026-04-19T05:06:30.8336876Z" duration="0.000005" asserts="1" />
                <test-case id="0-1123" name="TestNearest((0, 6, 5, 0))" fullname="Content.Tests.Shared.Utility.ContentHelpers_Test.TestNearest((0, 6, 5, 0))" methodname="TestNearest" classname="Content.Tests.Shared.Utility.ContentHelpers_Test" runstate="Runnable" seed="468921929" result="Passed" start-time="2026-04-19T05:06:30.8336937Z" end-time="2026-04-19T05:06:30.8336978Z" duration="0.000004" asserts="1" />
                <test-case id="0-1124" name="TestNearest((1, 6, 5, 1))" fullname="Content.Tests.Shared.Utility.ContentHelpers_Test.TestNearest((1, 6, 5, 1))" methodname="TestNearest" classname="Content.Tests.Shared.Utility.ContentHelpers_Test" runstate="Runnable" seed="1596051609" result="Passed" start-time="2026-04-19T05:06:30.8337035Z" end-time="2026-04-19T05:06:30.8337078Z" duration="0.000004" asserts="1" />
                <test-case id="0-1125" name="TestNearest((2, 6, 5, 2))" fullname="Content.Tests.Shared.Utility.ContentHelpers_Test.TestNearest((2, 6, 5, 2))" methodname="TestNearest" classname="Content.Tests.Shared.Utility.ContentHelpers_Test" runstate="Runnable" seed="216072766" result="Passed" start-time="2026-04-19T05:06:30.8337143Z" end-time="2026-04-19T05:06:30.8337188Z" duration="0.000005" asserts="1" />
                <test-case id="0-1126" name="TestNearest((3, 6, 5, 3))" fullname="Content.Tests.Shared.Utility.ContentHelpers_Test.TestNearest((3, 6, 5, 3))" methodname="TestNearest" classname="Content.Tests.Shared.Utility.ContentHelpers_Test" runstate="Runnable" seed="1210730965" result="Passed" start-time="2026-04-19T05:06:30.8337251Z" end-time="2026-04-19T05:06:30.8337294Z" duration="0.000004" asserts="1" />
                <test-case id="0-1127" name="TestNearest((4, 6, 5, 3))" fullname="Content.Tests.Shared.Utility.ContentHelpers_Test.TestNearest((4, 6, 5, 3))" methodname="TestNearest" classname="Content.Tests.Shared.Utility.ContentHelpers_Test" runstate="Runnable" seed="675561536" result="Passed" start-time="2026-04-19T05:06:30.8337357Z" end-time="2026-04-19T05:06:30.8337420Z" duration="0.000006" asserts="1" />
                <test-case id="0-1128" name="TestNearest((5, 6, 5, 4))" fullname="Content.Tests.Shared.Utility.ContentHelpers_Test.TestNearest((5, 6, 5, 4))" methodname="TestNearest" classname="Content.Tests.Shared.Utility.ContentHelpers_Test" runstate="Runnable" seed="629666124" result="Passed" start-time="2026-04-19T05:06:30.8337484Z" end-time="2026-04-19T05:06:30.8337527Z" duration="0.000004" asserts="1" />
                <test-case id="0-1129" name="TestNearest((6, 6, 5, 5))" fullname="Content.Tests.Shared.Utility.ContentHelpers_Test.TestNearest((6, 6, 5, 5))" methodname="TestNearest" classname="Content.Tests.Shared.Utility.ContentHelpers_Test" runstate="Runnable" seed="337435257" result="Passed" start-time="2026-04-19T05:06:30.8337591Z" end-time="2026-04-19T05:06:30.8337635Z" duration="0.000004" asserts="1" />
                <test-case id="0-1130" name="TestNearest((0, 6, 6, 0))" fullname="Content.Tests.Shared.Utility.ContentHelpers_Test.TestNearest((0, 6, 6, 0))" methodname="TestNearest" classname="Content.Tests.Shared.Utility.ContentHelpers_Test" runstate="Runnable" seed="191132050" result="Passed" start-time="2026-04-19T05:06:30.8337698Z" end-time="2026-04-19T05:06:30.8337742Z" duration="0.000004" asserts="1" />
                <test-case id="0-1131" name="TestNearest((1, 6, 6, 1))" fullname="Content.Tests.Shared.Utility.ContentHelpers_Test.TestNearest((1, 6, 6, 1))" methodname="TestNearest" classname="Content.Tests.Shared.Utility.ContentHelpers_Test" runstate="Runnable" seed="1769170709" result="Passed" start-time="2026-04-19T05:06:30.8337806Z" end-time="2026-04-19T05:06:30.8337849Z" duration="0.000004" asserts="1" />
                <test-case id="0-1132" name="TestNearest((2, 6, 6, 2))" fullname="Content.Tests.Shared.Utility.ContentHelpers_Test.TestNearest((2, 6, 6, 2))" methodname="TestNearest" classname="Content.Tests.Shared.Utility.ContentHelpers_Test" runstate="Runnable" seed="1871266218" result="Passed" start-time="2026-04-19T05:06:30.8337910Z" end-time="2026-04-19T05:06:30.8337963Z" duration="0.000005" asserts="1" />
                <test-case id="0-1133" name="TestNearest((3, 6, 6, 3))" fullname="Content.Tests.Shared.Utility.ContentHelpers_Test.TestNearest((3, 6, 6, 3))" methodname="TestNearest" classname="Content.Tests.Shared.Utility.ContentHelpers_Test" runstate="Runnable" seed="409481787" result="Passed" start-time="2026-04-19T05:06:30.8338022Z" end-time="2026-04-19T05:06:30.8338066Z" duration="0.000004" asserts="1" />
                <test-case id="0-1134" name="TestNearest((4, 6, 6, 4))" fullname="Content.Tests.Shared.Utility.ContentHelpers_Test.TestNearest((4, 6, 6, 4))" methodname="TestNearest" classname="Content.Tests.Shared.Utility.ContentHelpers_Test" runstate="Runnable" seed="818457506" result="Passed" start-time="2026-04-19T05:06:30.8338130Z" end-time="2026-04-19T05:06:30.8338173Z" duration="0.000004" asserts="1" />
                <test-case id="0-1135" name="TestNearest((5, 6, 6, 5))" fullname="Content.Tests.Shared.Utility.ContentHelpers_Test.TestNearest((5, 6, 6, 5))" methodname="TestNearest" classname="Content.Tests.Shared.Utility.ContentHelpers_Test" runstate="Runnable" seed="1512470704" result="Passed" start-time="2026-04-19T05:06:30.8338236Z" end-time="2026-04-19T05:06:30.8338279Z" duration="0.000004" asserts="1" />
                <test-case id="0-1136" name="TestNearest((6, 6, 6, 6))" fullname="Content.Tests.Shared.Utility.ContentHelpers_Test.TestNearest((6, 6, 6, 6))" methodname="TestNearest" classname="Content.Tests.Shared.Utility.ContentHelpers_Test" runstate="Runnable" seed="989587191" result="Passed" start-time="2026-04-19T05:06:30.8338339Z" end-time="2026-04-19T05:06:30.8338384Z" duration="0.000004" asserts="1" />
                <test-case id="0-1137" name="TestNearest((0.1, 6, 5, 0))" fullname="Content.Tests.Shared.Utility.ContentHelpers_Test.TestNearest((0.1, 6, 5, 0))" methodname="TestNearest" classname="Content.Tests.Shared.Utility.ContentHelpers_Test" runstate="Runnable" seed="851735719" result="Passed" start-time="2026-04-19T05:06:30.8338446Z" end-time="2026-04-19T05:06:30.8338501Z" duration="0.000005" asserts="1" />
                <test-case id="0-1138" name="TestNearest((-32, 6, 5, 0))" fullname="Content.Tests.Shared.Utility.ContentHelpers_Test.TestNearest((-32, 6, 5, 0))" methodname="TestNearest" classname="Content.Tests.Shared.Utility.ContentHelpers_Test" runstate="Runnable" seed="889798474" result="Passed" start-time="2026-04-19T05:06:30.8338565Z" end-time="2026-04-19T05:06:30.8338610Z" duration="0.000005" asserts="1" />
                <test-case id="0-1139" name="TestNearest((2.4, 6, 5, 2))" fullname="Content.Tests.Shared.Utility.ContentHelpers_Test.TestNearest((2.4, 6, 5, 2))" methodname="TestNearest" classname="Content.Tests.Shared.Utility.ContentHelpers_Test" runstate="Runnable" seed="1357246760" result="Passed" start-time="2026-04-19T05:06:30.8338676Z" end-time="2026-04-19T05:06:30.8338721Z" duration="0.000005" asserts="1" />
                <test-case id="0-1140" name="TestNearest((2.5, 6, 5, 2))" fullname="Content.Tests.Shared.Utility.ContentHelpers_Test.TestNearest((2.5, 6, 5, 2))" methodname="TestNearest" classname="Content.Tests.Shared.Utility.ContentHelpers_Test" runstate="Runnable" seed="5157646" result="Passed" start-time="2026-04-19T05:06:30.8338787Z" end-time="2026-04-19T05:06:30.8338835Z" duration="0.000005" asserts="1" />
                <test-case id="0-1141" name="TestNearest((320, 6, 5, 5))" fullname="Content.Tests.Shared.Utility.ContentHelpers_Test.TestNearest((320, 6, 5, 5))" methodname="TestNearest" classname="Content.Tests.Shared.Utility.ContentHelpers_Test" runstate="Runnable" seed="597186746" result="Passed" start-time="2026-04-19T05:06:30.8338896Z" end-time="2026-04-19T05:06:30.8338940Z" duration="0.000004" asserts="1" />
              </test-suite>
            </test-suite>
            <test-suite type="TestFixture" id="0-1180" name="RandomExtensionsTests" fullname="Content.Tests.Shared.Utility.RandomExtensionsTests" classname="Content.Tests.Shared.Utility.RandomExtensionsTests" runstate="Runnable" testcasecount="1" result="Passed" start-time="2026-04-19T05:06:30.8345382Z" end-time="2026-04-19T05:06:45.9821573Z" duration="15.147619" total="1" passed="1" failed="0" warnings="0" inconclusive="0" skipped="0" asserts="1">
              <properties>
                <property name="TestOf" value="Content.Shared.Random.Helpers.SharedRandomExtensions" />
                <property name="ParallelScope" value="Self" />
              </properties>
              <test-case id="0-1181" name="RandomDataSetValueTest" fullname="Content.Tests.Shared.Utility.RandomExtensionsTests.RandomDataSetValueTest" methodname="RandomDataSetValueTest" classname="Content.Tests.Shared.Utility.RandomExtensionsTests" runstate="Runnable" seed="145674490" result="Passed" start-time="2026-04-19T05:06:30.9644275Z" end-time="2026-04-19T05:06:45.9820413Z" duration="15.017613" asserts="1" />
            </test-suite>
          </test-suite>
        </test-suite>
      </test-suite>
    </test-suite>
  </test-suite>
</test-run>